<?xml version="1.0" encoding="UTF-8"?>
<coverage generated="1772216937010" clover="3.2.0">
  <project timestamp="1772216937011" name="All files">
    <metrics statements="25" coveredstatements="16" conditionals="60" coveredconditionals="28" methods="10" coveredmethods="7" elements="95" coveredelements="51" complexity="0" loc="25" ncloc="25" packages="2" files="2" classes="2"/>
    <package name="ACTIONBUTTONS.REDEEMTICKET">
      <metrics statements="20" coveredstatements="14" conditionals="56" coveredconditionals="27" methods="8" coveredmethods="6"/>
      <file name="RedeemFlow.jsx" path="C:\Users\biggi\OneDrive\Obrázky\Desktop\FRONTEND\BIGGINFTWEB\src\ACTIONBUTTONS\REDEEMTICKET\RedeemFlow.jsx">
        <metrics statements="20" coveredstatements="14" conditionals="56" coveredconditionals="27" methods="8" coveredmethods="6"/>
        <line num="17" count="1" type="stmt"/>
        <line num="18" count="1" type="cond" truecount="1" falsecount="1"/>
        <line num="19" count="1" type="cond" truecount="1" falsecount="1"/>
        <line num="20" count="1" type="stmt"/>
        <line num="23" count="1" type="stmt"/>
        <line num="25" count="1" type="stmt"/>
        <line num="28" count="1" type="cond" truecount="2" falsecount="0"/>
        <line num="29" count="1" type="stmt"/>
        <line num="30" count="1" type="stmt"/>
        <line num="31" count="3" type="cond" truecount="1" falsecount="1"/>
        <line num="32" count="3" type="cond" truecount="2" falsecount="0"/>
        <line num="36" count="0" type="cond" truecount="0" falsecount="2"/>
        <line num="37" count="0" type="cond" truecount="0" falsecount="2"/>
        <line num="38" count="0" type="cond" truecount="0" falsecount="2"/>
        <line num="39" count="0" type="stmt"/>
        <line num="42" count="0" type="cond" truecount="0" falsecount="4"/>
        <line num="43" count="0" type="stmt"/>
        <line num="46" count="1" type="stmt"/>
        <line num="53" count="1" type="stmt"/>
        <line num="112" count="3" type="stmt"/>
      </file>
    </package>
    <package name="components">
      <metrics statements="5" coveredstatements="2" conditionals="4" coveredconditionals="1" methods="2" coveredmethods="1"/>
      <file name="WalletConnectButton.jsx" path="C:\Users\biggi\OneDrive\Obrázky\Desktop\FRONTEND\BIGGINFTWEB\src\components\WalletConnectButton.jsx">
        <metrics statements="5" coveredstatements="2" conditionals="4" coveredconditionals="1" methods="2" coveredmethods="1"/>
        <line num="4" count="1" type="stmt"/>
        <line num="5" count="0" type="cond" truecount="0" falsecount="2"/>
        <line num="6" count="0" type="stmt"/>
        <line num="7" count="0" type="stmt"/>
        <line num="15" count="1" type="stmt"/>
      </file>
    </package>
  </project>
</coverage>
