{"C:\\Users\\biggi\\OneDrive\\Obrázky\\Desktop\\FRONTEND\\BIGGINFTWEB\\src\\ACTIONBUTTONS\\REDEEMTICKET\\RedeemFlow.jsx": {"path":"C:\\Users\\biggi\\OneDrive\\Obrázky\\Desktop\\FRONTEND\\BIGGINFTWEB\\src\\ACTIONBUTTONS\\REDEEMTICKET\\RedeemFlow.jsx","statementMap":{"0":{"start":{"line":17,"column":20},"end":{"line":21,"column":31}},"1":{"start":{"line":18,"column":4},"end":{"line":18,"column":29}},"2":{"start":{"line":18,"column":20},"end":{"line":18,"column":29}},"3":{"start":{"line":19,"column":4},"end":{"line":19,"column":30}},"4":{"start":{"line":19,"column":21},"end":{"line":19,"column":30}},"5":{"start":{"line":20,"column":4},"end":{"line":20,"column":13}},"6":{"start":{"line":23,"column":22},"end":{"line":26,"column":17}},"7":{"start":{"line":25,"column":4},"end":{"line":25,"column":45}},"8":{"start":{"line":28,"column":20},"end":{"line":28,"column":47}},"9":{"start":{"line":29,"column":19},"end":{"line":51,"column":17}},"10":{"start":{"line":30,"column":22},"end":{"line":44,"column":5}},"11":{"start":{"line":31,"column":6},"end":{"line":35,"column":7}},"12":{"start":{"line":32,"column":8},"end":{"line":34,"column":49}},"13":{"start":{"line":36,"column":6},"end":{"line":40,"column":7}},"14":{"start":{"line":37,"column":8},"end":{"line":37,"column":61}},"15":{"start":{"line":37,"column":23},"end":{"line":37,"column":61}},"16":{"start":{"line":38,"column":8},"end":{"line":38,"column":70}},"17":{"start":{"line":38,"column":23},"end":{"line":38,"column":70}},"18":{"start":{"line":39,"column":8},"end":{"line":39,"column":52}},"19":{"start":{"line":42,"column":6},"end":{"line":42,"column":72}},"20":{"start":{"line":42,"column":34},"end":{"line":42,"column":72}},"21":{"start":{"line":43,"column":6},"end":{"line":43,"column":53}},"22":{"start":{"line":46,"column":4},"end":{"line":50,"column":6}},"23":{"start":{"line":53,"column":2},"end":{"line":154,"column":4}},"24":{"start":{"line":112,"column":14},"end":{"line":118,"column":19}}},"fnMap":{"0":{"name":"RedeemFLOW","decl":{"start":{"line":8,"column":24},"end":{"line":8,"column":34}},"loc":{"start":{"line":15,"column":3},"end":{"line":155,"column":1}},"line":15},"1":{"name":"(anonymous_1)","decl":{"start":{"line":12,"column":13},"end":{"line":12,"column":14}},"loc":{"start":{"line":12,"column":19},"end":{"line":12,"column":21}},"line":12},"2":{"name":"(anonymous_2)","decl":{"start":{"line":13,"column":14},"end":{"line":13,"column":15}},"loc":{"start":{"line":13,"column":20},"end":{"line":13,"column":22}},"line":13},"3":{"name":"(anonymous_3)","decl":{"start":{"line":17,"column":34},"end":{"line":17,"column":35}},"loc":{"start":{"line":17,"column":40},"end":{"line":21,"column":3}},"line":17},"4":{"name":"(anonymous_4)","decl":{"start":{"line":23,"column":36},"end":{"line":23,"column":37}},"loc":{"start":{"line":23,"column":42},"end":{"line":26,"column":3}},"line":23},"5":{"name":"(anonymous_5)","decl":{"start":{"line":29,"column":33},"end":{"line":29,"column":34}},"loc":{"start":{"line":29,"column":39},"end":{"line":51,"column":3}},"line":29},"6":{"name":"(anonymous_6)","decl":{"start":{"line":30,"column":22},"end":{"line":30,"column":23}},"loc":{"start":{"line":30,"column":31},"end":{"line":44,"column":5}},"line":30},"7":{"name":"(anonymous_7)","decl":{"start":{"line":111,"column":26},"end":{"line":111,"column":27}},"loc":{"start":{"line":112,"column":14},"end":{"line":118,"column":19}},"line":112}},"branchMap":{"0":{"loc":{"start":{"line":9,"column":2},"end":{"line":9,"column":21}},"type":"default-arg","locations":[{"start":{"line":9,"column":16},"end":{"line":9,"column":21}}],"line":9},"1":{"loc":{"start":{"line":10,"column":2},"end":{"line":10,"column":20}},"type":"default-arg","locations":[{"start":{"line":10,"column":15},"end":{"line":10,"column":20}}],"line":10},"2":{"loc":{"start":{"line":11,"column":2},"end":{"line":11,"column":16}},"type":"default-arg","locations":[{"start":{"line":11,"column":14},"end":{"line":11,"column":16}}],"line":11},"3":{"loc":{"start":{"line":12,"column":2},"end":{"line":12,"column":21}},"type":"default-arg","locations":[{"start":{"line":12,"column":13},"end":{"line":12,"column":21}}],"line":12},"4":{"loc":{"start":{"line":13,"column":2},"end":{"line":13,"column":22}},"type":"default-arg","locations":[{"start":{"line":13,"column":14},"end":{"line":13,"column":22}}],"line":13},"5":{"loc":{"start":{"line":14,"column":2},"end":{"line":14,"column":24}},"type":"default-arg","locations":[{"start":{"line":14,"column":20},"end":{"line":14,"column":24}}],"line":14},"6":{"loc":{"start":{"line":18,"column":4},"end":{"line":18,"column":29}},"type":"if","locations":[{"start":{"line":18,"column":4},"end":{"line":18,"column":29}},{"start":{},"end":{}}],"line":18},"7":{"loc":{"start":{"line":19,"column":4},"end":{"line":19,"column":30}},"type":"if","locations":[{"start":{"line":19,"column":4},"end":{"line":19,"column":30}},{"start":{},"end":{}}],"line":19},"8":{"loc":{"start":{"line":28,"column":20},"end":{"line":28,"column":47}},"type":"binary-expr","locations":[{"start":{"line":28,"column":20},"end":{"line":28,"column":32}},{"start":{"line":28,"column":36},"end":{"line":28,"column":47}}],"line":28},"9":{"loc":{"start":{"line":31,"column":6},"end":{"line":35,"column":7}},"type":"if","locations":[{"start":{"line":31,"column":6},"end":{"line":35,"column":7}},{"start":{},"end":{}}],"line":31},"10":{"loc":{"start":{"line":32,"column":15},"end":{"line":34,"column":48}},"type":"cond-expr","locations":[{"start":{"line":33,"column":12},"end":{"line":33,"column":44}},{"start":{"line":34,"column":12},"end":{"line":34,"column":48}}],"line":32},"11":{"loc":{"start":{"line":36,"column":6},"end":{"line":40,"column":7}},"type":"if","locations":[{"start":{"line":36,"column":6},"end":{"line":40,"column":7}},{"start":{},"end":{}}],"line":36},"12":{"loc":{"start":{"line":37,"column":8},"end":{"line":37,"column":61}},"type":"if","locations":[{"start":{"line":37,"column":8},"end":{"line":37,"column":61}},{"start":{},"end":{}}],"line":37},"13":{"loc":{"start":{"line":38,"column":8},"end":{"line":38,"column":70}},"type":"if","locations":[{"start":{"line":38,"column":8},"end":{"line":38,"column":70}},{"start":{},"end":{}}],"line":38},"14":{"loc":{"start":{"line":42,"column":6},"end":{"line":42,"column":72}},"type":"if","locations":[{"start":{"line":42,"column":6},"end":{"line":42,"column":72}},{"start":{},"end":{}}],"line":42},"15":{"loc":{"start":{"line":42,"column":10},"end":{"line":42,"column":32}},"type":"binary-expr","locations":[{"start":{"line":42,"column":10},"end":{"line":42,"column":19}},{"start":{"line":42,"column":23},"end":{"line":42,"column":32}}],"line":42},"16":{"loc":{"start":{"line":57,"column":9},"end":{"line":61,"column":9}},"type":"binary-expr","locations":[{"start":{"line":57,"column":9},"end":{"line":57,"column":24}},{"start":{"line":58,"column":10},"end":{"line":60,"column":16}}],"line":57},"17":{"loc":{"start":{"line":67,"column":29},"end":{"line":67,"column":57}},"type":"cond-expr","locations":[{"start":{"line":67,"column":46},"end":{"line":67,"column":52}},{"start":{"line":67,"column":55},"end":{"line":67,"column":57}}],"line":67},"18":{"loc":{"start":{"line":67,"column":61},"end":{"line":67,"column":92}},"type":"cond-expr","locations":[{"start":{"line":67,"column":79},"end":{"line":67,"column":87}},{"start":{"line":67,"column":90},"end":{"line":67,"column":92}}],"line":67},"19":{"loc":{"start":{"line":73,"column":29},"end":{"line":73,"column":57}},"type":"cond-expr","locations":[{"start":{"line":73,"column":46},"end":{"line":73,"column":52}},{"start":{"line":73,"column":55},"end":{"line":73,"column":57}}],"line":73},"20":{"loc":{"start":{"line":73,"column":61},"end":{"line":73,"column":92}},"type":"cond-expr","locations":[{"start":{"line":73,"column":79},"end":{"line":73,"column":87}},{"start":{"line":73,"column":90},"end":{"line":73,"column":92}}],"line":73},"21":{"loc":{"start":{"line":76,"column":13},"end":{"line":76,"column":56}},"type":"binary-expr","locations":[{"start":{"line":76,"column":13},"end":{"line":76,"column":24}},{"start":{"line":76,"column":28},"end":{"line":76,"column":56}}],"line":76},"22":{"loc":{"start":{"line":81,"column":29},"end":{"line":81,"column":57}},"type":"cond-expr","locations":[{"start":{"line":81,"column":46},"end":{"line":81,"column":52}},{"start":{"line":81,"column":55},"end":{"line":81,"column":57}}],"line":81},"23":{"loc":{"start":{"line":81,"column":61},"end":{"line":81,"column":92}},"type":"cond-expr","locations":[{"start":{"line":81,"column":79},"end":{"line":81,"column":87}},{"start":{"line":81,"column":90},"end":{"line":81,"column":92}}],"line":81},"24":{"loc":{"start":{"line":84,"column":13},"end":{"line":84,"column":55}},"type":"binary-expr","locations":[{"start":{"line":84,"column":13},"end":{"line":84,"column":23}},{"start":{"line":84,"column":27},"end":{"line":84,"column":55}}],"line":84},"25":{"loc":{"start":{"line":125,"column":7},"end":{"line":125,"column":67}},"type":"binary-expr","locations":[{"start":{"line":125,"column":7},"end":{"line":125,"column":18}},{"start":{"line":125,"column":22},"end":{"line":125,"column":67}}],"line":125},"26":{"loc":{"start":{"line":130,"column":35},"end":{"line":130,"column":63}},"type":"cond-expr","locations":[{"start":{"line":130,"column":48},"end":{"line":130,"column":58}},{"start":{"line":130,"column":61},"end":{"line":130,"column":63}}],"line":130},"27":{"loc":{"start":{"line":131,"column":19},"end":{"line":131,"column":51}},"type":"cond-expr","locations":[{"start":{"line":131,"column":31},"end":{"line":131,"column":39}},{"start":{"line":131,"column":42},"end":{"line":131,"column":51}}],"line":131},"28":{"loc":{"start":{"line":134,"column":11},"end":{"line":138,"column":36}},"type":"cond-expr","locations":[{"start":{"line":135,"column":14},"end":{"line":135,"column":29}},{"start":{"line":136,"column":14},"end":{"line":138,"column":36}}],"line":134},"29":{"loc":{"start":{"line":136,"column":14},"end":{"line":138,"column":36}},"type":"cond-expr","locations":[{"start":{"line":137,"column":16},"end":{"line":137,"column":31}},{"start":{"line":138,"column":16},"end":{"line":138,"column":36}}],"line":136},"30":{"loc":{"start":{"line":141,"column":9},"end":{"line":145,"column":9}},"type":"binary-expr","locations":[{"start":{"line":141,"column":9},"end":{"line":141,"column":19}},{"start":{"line":142,"column":10},"end":{"line":144,"column":19}}],"line":141}},"s":{"0":1,"1":1,"2":0,"3":1,"4":0,"5":1,"6":1,"7":1,"8":1,"9":1,"10":1,"11":3,"12":3,"13":0,"14":0,"15":0,"16":0,"17":0,"18":0,"19":0,"20":0,"21":0,"22":1,"23":1,"24":3},"f":{"0":1,"1":0,"2":0,"3":1,"4":1,"5":1,"6":3,"7":3},"b":{"0":[1],"1":[1],"2":[1],"3":[1],"4":[1],"5":[1],"6":[0,1],"7":[0,1],"8":[1,1],"9":[3,0],"10":[1,2],"11":[0,0],"12":[0,0],"13":[0,0],"14":[0,0],"15":[0,0],"16":[1,0],"17":[1,0],"18":[1,0],"19":[0,1],"20":[0,1],"21":[1,0],"22":[0,1],"23":[0,1],"24":[1,0],"25":[1,0],"26":[0,1],"27":[1,0],"28":[1,0],"29":[0,0],"30":[1,0]},"_coverageSchema":"1a1c01bbd47fc00a2c39e90264f33305004495a9","hash":"a89840205915b4bfa1b561bda5edb427ecb3380c"}
,"C:\\Users\\biggi\\OneDrive\\Obrázky\\Desktop\\FRONTEND\\BIGGINFTWEB\\src\\components\\WalletConnectButton.jsx": {"path":"C:\\Users\\biggi\\OneDrive\\Obrázky\\Desktop\\FRONTEND\\BIGGINFTWEB\\src\\components\\WalletConnectButton.jsx","statementMap":{"0":{"start":{"line":4,"column":18},"end":{"line":8,"column":1}},"1":{"start":{"line":5,"column":2},"end":{"line":5,"column":25}},"2":{"start":{"line":5,"column":13},"end":{"line":5,"column":25}},"3":{"start":{"line":6,"column":12},"end":{"line":6,"column":24}},"4":{"start":{"line":7,"column":2},"end":{"line":7,"column":45}},"5":{"start":{"line":15,"column":2},"end":{"line":40,"column":4}}},"fnMap":{"0":{"name":"(anonymous_0)","decl":{"start":{"line":4,"column":18},"end":{"line":4,"column":19}},"loc":{"start":{"line":4,"column":28},"end":{"line":8,"column":1}},"line":4},"1":{"name":"WalletConnectButton","decl":{"start":{"line":10,"column":24},"end":{"line":10,"column":43}},"loc":{"start":{"line":14,"column":3},"end":{"line":41,"column":1}},"line":14}},"branchMap":{"0":{"loc":{"start":{"line":5,"column":2},"end":{"line":5,"column":25}},"type":"if","locations":[{"start":{"line":5,"column":2},"end":{"line":5,"column":25}},{"start":{},"end":{}}],"line":5},"1":{"loc":{"start":{"line":20,"column":11},"end":{"line":20,"column":69}},"type":"cond-expr","locations":[{"start":{"line":20,"column":27},"end":{"line":20,"column":51}},{"start":{"line":20,"column":54},"end":{"line":20,"column":69}}],"line":20}},"s":{"0":1,"1":0,"2":0,"3":0,"4":0,"5":1},"f":{"0":0,"1":1},"b":{"0":[0,0],"1":[0,1]},"_coverageSchema":"1a1c01bbd47fc00a2c39e90264f33305004495a9","hash":"67f7d84ecd483e2acf6535f87bd1855d23632b52"}
}
