TN:
SF:src\ACTIONBUTTONS\REDEEMTICKET\RedeemFlow.jsx
FN:8,RedeemFLOW
FN:12,(anonymous_1)
FN:13,(anonymous_2)
FN:17,(anonymous_3)
FN:23,(anonymous_4)
FN:29,(anonymous_5)
FN:30,(anonymous_6)
FN:111,(anonymous_7)
FNF:8
FNH:6
FNDA:1,RedeemFLOW
FNDA:0,(anonymous_1)
FNDA:0,(anonymous_2)
FNDA:1,(anonymous_3)
FNDA:1,(anonymous_4)
FNDA:1,(anonymous_5)
FNDA:3,(anonymous_6)
FNDA:3,(anonymous_7)
DA:17,1
DA:18,1
DA:19,1
DA:20,1
DA:23,1
DA:25,1
DA:28,1
DA:29,1
DA:30,1
DA:31,3
DA:32,3
DA:36,0
DA:37,0
DA:38,0
DA:39,0
DA:42,0
DA:43,0
DA:46,1
DA:53,1
DA:112,3
LF:20
LH:14
BRDA:9,0,0,1
BRDA:10,1,0,1
BRDA:11,2,0,1
BRDA:12,3,0,1
BRDA:13,4,0,1
BRDA:14,5,0,1
BRDA:18,6,0,0
BRDA:18,6,1,1
BRDA:19,7,0,0
BRDA:19,7,1,1
BRDA:28,8,0,1
BRDA:28,8,1,1
BRDA:31,9,0,3
BRDA:31,9,1,0
BRDA:32,10,0,1
BRDA:32,10,1,2
BRDA:36,11,0,0
BRDA:36,11,1,0
BRDA:37,12,0,0
BRDA:37,12,1,0
BRDA:38,13,0,0
BRDA:38,13,1,0
BRDA:42,14,0,0
BRDA:42,14,1,0
BRDA:42,15,0,0
BRDA:42,15,1,0
BRDA:57,16,0,1
BRDA:57,16,1,0
BRDA:67,17,0,1
BRDA:67,17,1,0
BRDA:67,18,0,1
BRDA:67,18,1,0
BRDA:73,19,0,0
BRDA:73,19,1,1
BRDA:73,20,0,0
BRDA:73,20,1,1
BRDA:76,21,0,1
BRDA:76,21,1,0
BRDA:81,22,0,0
BRDA:81,22,1,1
BRDA:81,23,0,0
BRDA:81,23,1,1
BRDA:84,24,0,1
BRDA:84,24,1,0
BRDA:125,25,0,1
BRDA:125,25,1,0
BRDA:130,26,0,0
BRDA:130,26,1,1
BRDA:131,27,0,1
BRDA:131,27,1,0
BRDA:134,28,0,1
BRDA:134,28,1,0
BRDA:136,29,0,0
BRDA:136,29,1,0
BRDA:141,30,0,1
BRDA:141,30,1,0
BRF:56
BRH:27
end_of_record
TN:
SF:src\components\WalletConnectButton.jsx
FN:4,(anonymous_0)
FN:10,WalletConnectButton
FNF:2
FNH:1
FNDA:0,(anonymous_0)
FNDA:1,WalletConnectButton
DA:4,1
DA:5,0
DA:6,0
DA:7,0
DA:15,1
LF:5
LH:2
BRDA:5,0,0,0
BRDA:5,0,1,0
BRDA:20,1,0,0
BRDA:20,1,1,1
BRF:4
BRH:1
end_of_record
