TN:
SF:src\App.jsx
FN:76,(anonymous_0)
FN:78,(anonymous_1)
FN:80,(anonymous_2)
FN:85,(anonymous_3)
FN:141,(anonymous_4)
FN:154,App
FN:158,(anonymous_6)
FN:202,(anonymous_7)
FN:205,(anonymous_8)
FN:205,(anonymous_9)
FN:210,(anonymous_10)
FN:282,(anonymous_11)
FN:298,(anonymous_12)
FN:307,(anonymous_13)
FN:309,(anonymous_14)
FN:313,(anonymous_15)
FN:322,(anonymous_16)
FN:327,(anonymous_17)
FN:331,(anonymous_18)
FN:336,(anonymous_19)
FN:343,(anonymous_20)
FN:389,(anonymous_21)
FN:404,(anonymous_22)
FN:406,(anonymous_23)
FN:456,(anonymous_24)
FN:460,(anonymous_25)
FN:479,(anonymous_26)
FN:487,(anonymous_27)
FN:522,(anonymous_28)
FN:530,(anonymous_29)
FN:531,(anonymous_30)
FN:543,(anonymous_31)
FN:599,(anonymous_32)
FN:601,(anonymous_33)
FN:621,(anonymous_34)
FN:626,(anonymous_35)
FN:628,(anonymous_36)
FN:642,(anonymous_37)
FN:644,(anonymous_38)
FN:656,(anonymous_39)
FN:658,(anonymous_40)
FN:666,(anonymous_41)
FN:668,(anonymous_42)
FN:681,(anonymous_43)
FN:696,(anonymous_44)
FN:730,(anonymous_45)
FN:734,(anonymous_46)
FN:738,(anonymous_47)
FN:765,(anonymous_48)
FN:774,(anonymous_49)
FN:775,(anonymous_50)
FN:792,(anonymous_51)
FN:805,(anonymous_52)
FN:820,(anonymous_53)
FN:891,(anonymous_54)
FN:895,(anonymous_55)
FN:906,(anonymous_56)
FN:959,(anonymous_57)
FN:980,(anonymous_58)
FN:1036,(anonymous_59)
FN:1037,(anonymous_60)
FN:1042,(anonymous_61)
FN:1043,(anonymous_62)
FN:1051,(anonymous_63)
FN:1078,(anonymous_64)
FN:1207,(anonymous_65)
FN:1291,(anonymous_66)
FNF:67
FNH:0
FNDA:0,(anonymous_0)
FNDA:0,(anonymous_1)
FNDA:0,(anonymous_2)
FNDA:0,(anonymous_3)
FNDA:0,(anonymous_4)
FNDA:0,App
FNDA:0,(anonymous_6)
FNDA:0,(anonymous_7)
FNDA:0,(anonymous_8)
FNDA:0,(anonymous_9)
FNDA:0,(anonymous_10)
FNDA:0,(anonymous_11)
FNDA:0,(anonymous_12)
FNDA:0,(anonymous_13)
FNDA:0,(anonymous_14)
FNDA:0,(anonymous_15)
FNDA:0,(anonymous_16)
FNDA:0,(anonymous_17)
FNDA:0,(anonymous_18)
FNDA:0,(anonymous_19)
FNDA:0,(anonymous_20)
FNDA:0,(anonymous_21)
FNDA:0,(anonymous_22)
FNDA:0,(anonymous_23)
FNDA:0,(anonymous_24)
FNDA:0,(anonymous_25)
FNDA:0,(anonymous_26)
FNDA:0,(anonymous_27)
FNDA:0,(anonymous_28)
FNDA:0,(anonymous_29)
FNDA:0,(anonymous_30)
FNDA:0,(anonymous_31)
FNDA:0,(anonymous_32)
FNDA:0,(anonymous_33)
FNDA:0,(anonymous_34)
FNDA:0,(anonymous_35)
FNDA:0,(anonymous_36)
FNDA:0,(anonymous_37)
FNDA:0,(anonymous_38)
FNDA:0,(anonymous_39)
FNDA:0,(anonymous_40)
FNDA:0,(anonymous_41)
FNDA:0,(anonymous_42)
FNDA:0,(anonymous_43)
FNDA:0,(anonymous_44)
FNDA:0,(anonymous_45)
FNDA:0,(anonymous_46)
FNDA:0,(anonymous_47)
FNDA:0,(anonymous_48)
FNDA:0,(anonymous_49)
FNDA:0,(anonymous_50)
FNDA:0,(anonymous_51)
FNDA:0,(anonymous_52)
FNDA:0,(anonymous_53)
FNDA:0,(anonymous_54)
FNDA:0,(anonymous_55)
FNDA:0,(anonymous_56)
FNDA:0,(anonymous_57)
FNDA:0,(anonymous_58)
FNDA:0,(anonymous_59)
FNDA:0,(anonymous_60)
FNDA:0,(anonymous_61)
FNDA:0,(anonymous_62)
FNDA:0,(anonymous_63)
FNDA:0,(anonymous_64)
FNDA:0,(anonymous_65)
FNDA:0,(anonymous_66)
DA:75,0
DA:76,0
DA:78,0
DA:80,0
DA:81,0
DA:82,0
DA:83,0
DA:84,0
DA:85,0
DA:86,0
DA:88,0
DA:96,0
DA:107,0
DA:141,0
DA:142,0
DA:143,0
DA:144,0
DA:145,0
DA:147,0
DA:149,0
DA:150,0
DA:156,0
DA:158,0
DA:160,0
DA:161,0
DA:162,0
DA:170,0
DA:171,0
DA:173,0
DA:174,0
DA:175,0
DA:176,0
DA:177,0
DA:178,0
DA:181,0
DA:182,0
DA:186,0
DA:187,0
DA:188,0
DA:189,0
DA:191,0
DA:198,0
DA:199,0
DA:200,0
DA:201,0
DA:202,0
DA:204,0
DA:205,0
DA:209,0
DA:212,0
DA:213,0
DA:214,0
DA:216,0
DA:217,0
DA:218,0
DA:219,0
DA:220,0
DA:223,0
DA:228,0
DA:236,0
DA:256,0
DA:257,0
DA:258,0
DA:259,0
DA:260,0
DA:261,0
DA:262,0
DA:263,0
DA:264,0
DA:266,0
DA:267,0
DA:268,0
DA:270,0
DA:281,0
DA:282,0
DA:283,0
DA:285,0
DA:286,0
DA:288,0
DA:290,0
DA:295,0
DA:297,0
DA:298,0
DA:303,0
DA:307,0
DA:308,0
DA:309,0
DA:310,0
DA:311,0
DA:312,0
DA:313,0
DA:314,0
DA:315,0
DA:316,0
DA:319,0
DA:322,0
DA:323,0
DA:327,0
DA:328,0
DA:331,0
DA:332,0
DA:333,0
DA:336,0
DA:337,0
DA:338,0
DA:340,0
DA:343,0
DA:344,0
DA:345,0
DA:346,0
DA:347,0
DA:348,0
DA:349,0
DA:350,0
DA:356,0
DA:357,0
DA:358,0
DA:359,0
DA:360,0
DA:361,0
DA:362,0
DA:363,0
DA:364,0
DA:368,0
DA:370,0
DA:374,0
DA:388,0
DA:390,0
DA:391,0
DA:392,0
DA:393,0
DA:395,0
DA:396,0
DA:397,0
DA:400,0
DA:401,0
DA:402,0
DA:404,0
DA:405,0
DA:406,0
DA:408,0
DA:409,0
DA:410,0
DA:413,0
DA:414,0
DA:415,0
DA:417,0
DA:420,0
DA:422,0
DA:434,0
DA:456,0
DA:457,0
DA:458,0
DA:459,0
DA:460,0
DA:462,0
DA:463,0
DA:479,0
DA:480,0
DA:481,0
DA:482,0
DA:483,0
DA:484,0
DA:485,0
DA:487,0
DA:489,0
DA:492,0
DA:493,0
DA:495,0
DA:496,0
DA:497,0
DA:498,0
DA:499,0
DA:500,0
DA:501,0
DA:502,0
DA:503,0
DA:506,0
DA:509,0
DA:510,0
DA:516,0
DA:517,0
DA:518,0
DA:522,0
DA:523,0
DA:524,0
DA:525,0
DA:526,0
DA:527,0
DA:529,0
DA:530,0
DA:531,0
DA:533,0
DA:534,0
DA:535,0
DA:536,0
DA:537,0
DA:538,0
DA:539,0
DA:543,0
DA:544,0
DA:545,0
DA:546,0
DA:548,0
DA:549,0
DA:550,0
DA:551,0
DA:552,0
DA:553,0
DA:554,0
DA:555,0
DA:556,0
DA:558,0
DA:559,0
DA:560,0
DA:561,0
DA:563,0
DA:566,0
DA:568,0
DA:571,0
DA:574,0
DA:575,0
DA:578,0
DA:579,0
DA:580,0
DA:582,0
DA:583,0
DA:584,0
DA:586,0
DA:587,0
DA:588,0
DA:590,0
DA:594,0
DA:599,0
DA:600,0
DA:601,0
DA:602,0
DA:611,0
DA:621,0
DA:622,0
DA:625,0
DA:627,0
DA:628,0
DA:629,0
DA:636,0
DA:642,0
DA:643,0
DA:644,0
DA:645,0
DA:652,0
DA:656,0
DA:657,0
DA:658,0
DA:659,0
DA:662,0
DA:666,0
DA:667,0
DA:668,0
DA:669,0
DA:677,0
DA:681,0
DA:682,0
DA:683,0
DA:691,0
DA:692,0
DA:696,0
DA:697,0
DA:698,0
DA:705,0
DA:706,0
DA:710,0
DA:727,0
DA:729,0
DA:730,0
DA:734,0
DA:735,0
DA:738,0
DA:739,0
DA:764,0
DA:766,0
DA:774,0
DA:775,0
DA:776,0
DA:777,0
DA:792,0
DA:793,0
DA:794,0
DA:795,0
DA:796,0
DA:798,0
DA:799,0
DA:800,0
DA:801,0
DA:802,0
DA:804,0
DA:805,0
DA:806,0
DA:807,0
DA:810,0
DA:811,0
DA:812,0
DA:813,0
DA:815,0
DA:816,0
DA:820,0
DA:821,0
DA:822,0
DA:823,0
DA:824,0
DA:825,0
DA:827,0
DA:830,0
DA:832,0
DA:833,0
DA:834,0
DA:835,0
DA:836,0
DA:838,0
DA:840,0
DA:841,0
DA:843,0
DA:844,0
DA:858,0
DA:887,0
DA:888,0
DA:890,0
DA:891,0
DA:895,0
DA:896,0
DA:897,0
DA:898,0
DA:899,0
DA:900,0
DA:902,0
DA:906,0
DA:907,0
DA:908,0
DA:910,0
DA:918,0
DA:921,0
DA:925,0
DA:926,0
DA:927,0
DA:932,0
DA:933,0
DA:938,0
DA:940,0
DA:941,0
DA:946,0
DA:949,0
DA:953,0
DA:954,0
DA:955,0
DA:959,0
DA:960,0
DA:961,0
DA:962,0
DA:963,0
DA:964,0
DA:966,0
DA:967,0
DA:968,0
DA:969,0
DA:971,0
DA:977,0
DA:978,0
DA:979,0
DA:980,0
DA:985,0
DA:987,0
DA:989,0
DA:997,0
DA:998,0
DA:1000,0
DA:1011,0
DA:1012,0
DA:1018,0
DA:1019,0
DA:1020,0
DA:1021,0
DA:1022,0
DA:1023,0
DA:1024,0
DA:1025,0
DA:1026,0
DA:1029,0
DA:1036,0
DA:1037,0
DA:1038,0
DA:1039,0
DA:1042,0
DA:1043,0
DA:1044,0
DA:1045,0
DA:1049,0
DA:1051,0
DA:1052,0
DA:1053,0
DA:1057,0
DA:1078,0
DA:1087,0
DA:1099,0
DA:1207,0
DA:1291,0
LF:404
LH:0
BRDA:81,0,0,0
BRDA:81,0,1,0
BRDA:83,1,0,0
BRDA:83,1,1,0
BRDA:84,2,0,0
BRDA:84,2,1,0
BRDA:84,3,0,0
BRDA:84,3,1,0
BRDA:85,4,0,0
BRDA:85,4,1,0
BRDA:86,5,0,0
BRDA:86,5,1,0
BRDA:111,6,0,0
BRDA:111,6,1,0
BRDA:131,7,0,0
BRDA:131,7,1,0
BRDA:136,8,0,0
BRDA:136,8,1,0
BRDA:144,9,0,0
BRDA:144,9,1,0
BRDA:144,10,0,0
BRDA:144,10,1,0
BRDA:210,11,0,0
BRDA:210,12,0,0
BRDA:210,13,0,0
BRDA:217,14,0,0
BRDA:217,14,1,0
BRDA:219,15,0,0
BRDA:219,15,1,0
BRDA:219,16,0,0
BRDA:219,16,1,0
BRDA:303,17,0,0
BRDA:303,17,1,0
BRDA:303,17,2,0
BRDA:311,18,0,0
BRDA:311,18,1,0
BRDA:312,19,0,0
BRDA:312,19,1,0
BRDA:312,20,0,0
BRDA:312,20,1,0
BRDA:314,21,0,0
BRDA:314,21,1,0
BRDA:314,22,0,0
BRDA:314,22,1,0
BRDA:315,23,0,0
BRDA:315,23,1,0
BRDA:319,24,0,0
BRDA:319,24,1,0
BRDA:328,25,0,0
BRDA:328,25,1,0
BRDA:328,26,0,0
BRDA:328,26,1,0
BRDA:332,27,0,0
BRDA:332,27,1,0
BRDA:346,28,0,0
BRDA:346,28,1,0
BRDA:358,29,0,0
BRDA:358,29,1,0
BRDA:359,30,0,0
BRDA:359,30,1,0
BRDA:359,31,0,0
BRDA:359,31,1,0
BRDA:360,32,0,0
BRDA:360,32,1,0
BRDA:361,33,0,0
BRDA:361,33,1,0
BRDA:392,34,0,0
BRDA:392,34,1,0
BRDA:393,35,0,0
BRDA:393,35,1,0
BRDA:408,36,0,0
BRDA:408,36,1,0
BRDA:409,37,0,0
BRDA:409,37,1,0
BRDA:420,38,0,0
BRDA:420,38,1,0
BRDA:481,39,0,0
BRDA:481,39,1,0
BRDA:483,40,0,0
BRDA:483,40,1,0
BRDA:484,41,0,0
BRDA:484,41,1,0
BRDA:495,42,0,0
BRDA:495,42,1,0
BRDA:500,43,0,0
BRDA:500,43,1,0
BRDA:500,43,2,0
BRDA:501,44,0,0
BRDA:501,44,1,0
BRDA:501,44,2,0
BRDA:502,45,0,0
BRDA:502,45,1,0
BRDA:502,45,2,0
BRDA:503,46,0,0
BRDA:503,46,1,0
BRDA:504,47,0,0
BRDA:504,47,1,0
BRDA:504,47,2,0
BRDA:504,47,3,0
BRDA:504,47,4,0
BRDA:504,47,5,0
BRDA:516,48,0,0
BRDA:516,48,1,0
BRDA:517,49,0,0
BRDA:517,49,1,0
BRDA:523,50,0,0
BRDA:523,50,1,0
BRDA:533,51,0,0
BRDA:533,51,1,0
BRDA:534,52,0,0
BRDA:534,52,1,0
BRDA:544,53,0,0
BRDA:544,53,1,0
BRDA:549,54,0,0
BRDA:549,54,1,0
BRDA:551,55,0,0
BRDA:551,55,1,0
BRDA:551,55,2,0
BRDA:552,56,0,0
BRDA:552,56,1,0
BRDA:552,56,2,0
BRDA:553,57,0,0
BRDA:553,57,1,0
BRDA:553,58,0,0
BRDA:553,58,1,0
BRDA:554,59,0,0
BRDA:554,59,1,0
BRDA:555,60,0,0
BRDA:555,60,1,0
BRDA:556,61,0,0
BRDA:556,61,1,0
BRDA:563,62,0,0
BRDA:563,62,1,0
BRDA:566,63,0,0
BRDA:566,63,1,0
BRDA:574,64,0,0
BRDA:574,64,1,0
BRDA:626,65,0,0
BRDA:776,66,0,0
BRDA:776,66,1,0
BRDA:794,67,0,0
BRDA:794,67,1,0
BRDA:799,68,0,0
BRDA:799,68,1,0
BRDA:799,69,0,0
BRDA:799,69,1,0
BRDA:802,70,0,0
BRDA:802,70,1,0
BRDA:806,71,0,0
BRDA:806,71,1,0
BRDA:821,72,0,0
BRDA:821,72,1,0
BRDA:823,73,0,0
BRDA:823,73,1,0
BRDA:838,74,0,0
BRDA:838,74,1,0
BRDA:844,75,0,0
BRDA:844,75,1,0
BRDA:887,76,0,0
BRDA:887,76,1,0
BRDA:888,77,0,0
BRDA:888,77,1,0
BRDA:897,78,0,0
BRDA:897,78,1,0
BRDA:900,79,0,0
BRDA:900,79,1,0
BRDA:900,80,0,0
BRDA:900,80,1,0
BRDA:918,81,0,0
BRDA:918,81,1,0
BRDA:919,82,0,0
BRDA:919,82,1,0
BRDA:922,83,0,0
BRDA:922,83,1,0
BRDA:922,84,0,0
BRDA:922,84,1,0
BRDA:926,85,0,0
BRDA:926,85,1,0
BRDA:932,86,0,0
BRDA:932,86,1,0
BRDA:938,87,0,0
BRDA:938,87,1,0
BRDA:940,88,0,0
BRDA:940,88,1,0
BRDA:941,89,0,0
BRDA:941,89,1,0
BRDA:946,90,0,0
BRDA:946,90,1,0
BRDA:947,91,0,0
BRDA:947,91,1,0
BRDA:950,92,0,0
BRDA:950,92,1,0
BRDA:950,93,0,0
BRDA:950,93,1,0
BRDA:962,94,0,0
BRDA:962,94,1,0
BRDA:969,95,0,0
BRDA:969,95,1,0
BRDA:969,96,0,0
BRDA:969,96,1,0
BRDA:977,97,0,0
BRDA:977,97,1,0
BRDA:980,98,0,0
BRDA:980,98,1,0
BRDA:987,99,0,0
BRDA:987,99,1,0
BRDA:989,100,0,0
BRDA:989,100,1,0
BRDA:989,100,2,0
BRDA:997,101,0,0
BRDA:997,101,1,0
BRDA:998,102,0,0
BRDA:998,102,1,0
BRDA:1007,103,0,0
BRDA:1007,103,1,0
BRDA:1008,104,0,0
BRDA:1008,104,1,0
BRDA:1019,105,0,0
BRDA:1019,105,1,0
BRDA:1020,106,0,0
BRDA:1020,106,1,0
BRDA:1021,107,0,0
BRDA:1021,107,1,0
BRDA:1022,108,0,0
BRDA:1022,108,1,0
BRDA:1023,109,0,0
BRDA:1023,109,1,0
BRDA:1024,110,0,0
BRDA:1024,110,1,0
BRDA:1025,111,0,0
BRDA:1025,111,1,0
BRDA:1026,112,0,0
BRDA:1026,112,1,0
BRDA:1029,113,0,0
BRDA:1029,113,1,0
BRDA:1029,113,2,0
BRDA:1029,113,3,0
BRDA:1029,113,4,0
BRDA:1029,113,5,0
BRDA:1038,114,0,0
BRDA:1038,114,1,0
BRDA:1044,115,0,0
BRDA:1044,115,1,0
BRDA:1052,116,0,0
BRDA:1052,116,1,0
BRDA:1052,117,0,0
BRDA:1052,117,1,0
BRDA:1058,118,0,0
BRDA:1058,118,1,0
BRDA:1080,119,0,0
BRDA:1080,119,1,0
BRDA:1081,120,0,0
BRDA:1081,120,1,0
BRDA:1082,121,0,0
BRDA:1082,121,1,0
BRDA:1084,122,0,0
BRDA:1084,122,1,0
BRDA:1090,123,0,0
BRDA:1090,123,1,0
BRDA:1091,124,0,0
BRDA:1091,124,1,0
BRDA:1094,125,0,0
BRDA:1094,125,1,0
BRDA:1094,126,0,0
BRDA:1094,126,1,0
BRDA:1095,127,0,0
BRDA:1095,127,1,0
BRDA:1205,128,0,0
BRDA:1205,128,1,0
BRDA:1206,129,0,0
BRDA:1206,129,1,0
BRDA:1212,130,0,0
BRDA:1212,130,1,0
BRDA:1224,131,0,0
BRDA:1224,131,1,0
BRDA:1224,132,0,0
BRDA:1224,132,1,0
BRDA:1224,132,2,0
BRDA:1224,132,3,0
BRDA:1224,132,4,0
BRDA:1230,133,0,0
BRDA:1230,133,1,0
BRDA:1236,134,0,0
BRDA:1236,134,1,0
BRDA:1236,134,2,0
BRDA:1290,135,0,0
BRDA:1290,135,1,0
BRF:287
BRH:0
end_of_record
TN:
SF:src\AppCore.jsx
FN:51,(anonymous_0)
FN:56,(anonymous_1)
FN:64,(anonymous_2)
FN:67,(anonymous_3)
FN:69,(anonymous_4)
FN:71,(anonymous_5)
FN:74,(anonymous_6)
FN:103,walletCacheKey
FN:107,loadWalletCache
FN:122,saveWalletCache
FN:132,getSafeDeployBlock
FN:140,queryLogsBatched
FN:179,(anonymous_12)
FN:180,(anonymous_13)
FN:181,(anonymous_14)
FN:182,(anonymous_15)
FN:183,(anonymous_16)
FN:184,(anonymous_17)
FN:185,(anonymous_18)
FN:186,(anonymous_19)
FN:189,fetchWithTimeout
FN:191,(anonymous_21)
FN:200,httpFromIpfs
FN:208,normalizeIpfsImage
FN:214,resolveImageUrl
FN:230,readJsonFromURI
FN:259,cacheSet
FN:268,getTokenUriCached
FN:276,readJsonFromURICached
FN:284,resolveImageUrlCached
FN:296,mapLimit
FN:301,(anonymous_31)
FN:311,canonBackgroundName
FN:320,backgroundIndexFromAny
FN:334,useIsMobile
FN:335,(anonymous_35)
FN:339,(anonymous_36)
FN:342,(anonymous_37)
FN:349,(anonymous_38)
FN:390,(anonymous_39)
FN:453,getCachedReaderInstance
FN:490,App
FN:567,(anonymous_42)
FN:581,(anonymous_43)
FN:593,(anonymous_44)
FN:602,(anonymous_45)
FN:604,(anonymous_46)
FN:608,(anonymous_47)
FN:617,(anonymous_48)
FN:622,(anonymous_49)
FN:626,(anonymous_50)
FN:631,(anonymous_51)
FN:710,(anonymous_52)
FN:736,(anonymous_53)
FN:742,(anonymous_54)
FN:753,(anonymous_55)
FN:774,(anonymous_56)
FN:808,(anonymous_57)
FN:832,(anonymous_58)
FN:866,(anonymous_59)
FN:905,(anonymous_60)
FN:924,(anonymous_61)
FN:926,(anonymous_62)
FN:948,(anonymous_63)
FN:950,(anonymous_64)
FN:958,(anonymous_65)
FN:960,(anonymous_66)
FN:968,(anonymous_67)
FN:992,(anonymous_68)
FN:1007,(anonymous_69)
FN:1070,(anonymous_70)
FN:1071,(anonymous_71)
FN:1087,(anonymous_72)
FN:1138,(anonymous_73)
FN:1165,(anonymous_74)
FN:1167,(anonymous_75)
FN:1168,(anonymous_76)
FN:1248,(anonymous_77)
FN:1257,(anonymous_78)
FN:1267,(anonymous_79)
FN:1278,(anonymous_80)
FN:1309,(anonymous_81)
FN:1324,(anonymous_82)
FN:1353,(anonymous_83)
FN:1372,(anonymous_84)
FN:1374,(anonymous_85)
FN:1419,(anonymous_86)
FN:1432,(anonymous_87)
FN:1450,(anonymous_88)
FN:1504,(anonymous_89)
FN:1505,(anonymous_90)
FN:1506,(anonymous_91)
FN:1509,(anonymous_92)
FN:1514,(anonymous_93)
FN:1515,(anonymous_94)
FN:1524,(anonymous_95)
FN:1526,(anonymous_96)
FN:1527,(anonymous_97)
FN:1529,(anonymous_98)
FN:1538,(anonymous_99)
FN:1553,(anonymous_100)
FN:1582,(anonymous_101)
FN:1631,(anonymous_102)
FN:1665,(anonymous_103)
FN:1669,(anonymous_104)
FN:1672,(anonymous_105)
FN:1694,(anonymous_106)
FN:1704,(anonymous_107)
FN:1717,(anonymous_108)
FN:1718,(anonymous_109)
FN:1719,(anonymous_110)
FN:1815,(anonymous_111)
FN:1841,(anonymous_112)
FN:1862,(anonymous_113)
FN:1903,(anonymous_114)
FN:1910,(anonymous_115)
FN:1937,(anonymous_116)
FN:1950,(anonymous_117)
FN:1982,(anonymous_118)
FN:1984,(anonymous_119)
FN:1985,(anonymous_120)
FN:2002,(anonymous_121)
FN:2011,(anonymous_122)
FN:2012,(anonymous_123)
FN:2013,(anonymous_124)
FN:2014,(anonymous_125)
FN:2015,(anonymous_126)
FN:2040,(anonymous_127)
FN:2061,(anonymous_128)
FN:2100,(anonymous_129)
FN:2104,(anonymous_130)
FN:2119,(anonymous_131)
FN:2122,(anonymous_132)
FN:2126,(anonymous_133)
FN:2137,(anonymous_134)
FN:2148,(anonymous_135)
FN:2201,(anonymous_136)
FN:2222,(anonymous_137)
FN:2258,(anonymous_138)
FN:2264,(anonymous_139)
FN:2286,(anonymous_140)
FN:2301,(anonymous_141)
FN:2305,(anonymous_142)
FN:2307,(anonymous_143)
FN:2320,(anonymous_144)
FN:2331,(anonymous_145)
FN:2332,(anonymous_146)
FN:2351,(anonymous_147)
FN:2352,(anonymous_148)
FN:2357,(anonymous_149)
FN:2358,(anonymous_150)
FN:2385,(anonymous_151)
FN:2413,(anonymous_152)
FN:2426,(anonymous_153)
FN:2456,(anonymous_154)
FN:2488,(anonymous_155)
FN:2495,(anonymous_156)
FN:2509,(anonymous_157)
FN:2536,(anonymous_158)
FN:2538,(anonymous_159)
FN:2539,(anonymous_160)
FN:2541,(anonymous_161)
FN:2554,(anonymous_162)
FN:2555,(anonymous_163)
FN:2562,(anonymous_164)
FN:2571,(anonymous_165)
FN:2571,(anonymous_166)
FN:2580,(anonymous_167)
FN:2600,(anonymous_168)
FN:2612,(anonymous_169)
FN:2629,(anonymous_170)
FN:2645,(anonymous_171)
FN:2653,(anonymous_172)
FN:2689,(anonymous_173)
FN:2729,(anonymous_174)
FN:2810,(anonymous_175)
FN:2811,(anonymous_176)
FN:2842,(anonymous_177)
FN:2848,(anonymous_178)
FN:2849,(anonymous_179)
FN:2861,(anonymous_180)
FN:2909,(anonymous_181)
FN:2912,(anonymous_182)
FN:2914,(anonymous_183)
FN:2923,(anonymous_184)
FN:2930,(anonymous_185)
FN:2946,(anonymous_186)
FN:2947,(anonymous_187)
FN:2948,(anonymous_188)
FN:2949,(anonymous_189)
FN:2950,(anonymous_190)
FN:2951,(anonymous_191)
FN:2952,(anonymous_192)
FN:2953,(anonymous_193)
FN:2966,(anonymous_194)
FN:2990,(anonymous_195)
FN:2995,(anonymous_196)
FN:2996,(anonymous_197)
FN:3016,(anonymous_198)
FN:3024,(anonymous_199)
FN:3041,(anonymous_200)
FN:3048,(anonymous_201)
FN:3064,(anonymous_202)
FN:3068,(anonymous_203)
FN:3069,(anonymous_204)
FN:3084,(anonymous_205)
FN:3097,(anonymous_206)
FN:3098,(anonymous_207)
FN:3099,(anonymous_208)
FN:3100,(anonymous_209)
FN:3101,(anonymous_210)
FN:3102,(anonymous_211)
FN:3103,(anonymous_212)
FN:3104,(anonymous_213)
FN:3106,(anonymous_214)
FN:3124,(anonymous_215)
FN:3155,(anonymous_216)
FN:3156,(anonymous_217)
FN:3157,(anonymous_218)
FN:3158,(anonymous_219)
FN:3159,(anonymous_220)
FN:3160,(anonymous_221)
FN:3179,(anonymous_222)
FN:3203,(anonymous_223)
FN:3243,(anonymous_224)
FN:3313,(anonymous_225)
FN:3320,(anonymous_226)
FN:3399,(anonymous_227)
FN:3399,(anonymous_228)
FN:3504,(anonymous_229)
FN:3523,(anonymous_230)
FN:3524,(anonymous_231)
FN:3527,(anonymous_232)
FN:3550,(anonymous_233)
FN:3553,(anonymous_234)
FN:3566,(anonymous_235)
FN:3573,(anonymous_236)
FN:3581,(anonymous_237)
FN:3588,(anonymous_238)
FN:3597,(anonymous_239)
FN:3600,(anonymous_240)
FN:3608,(anonymous_241)
FN:3616,(anonymous_242)
FN:3624,(anonymous_243)
FN:3632,(anonymous_244)
FN:3638,(anonymous_245)
FN:3644,(anonymous_246)
FN:3650,(anonymous_247)
FN:3657,(anonymous_248)
FN:3664,(anonymous_249)
FN:3682,(anonymous_250)
FN:3697,(anonymous_251)
FN:3710,(anonymous_252)
FN:3719,(anonymous_253)
FN:3731,(anonymous_254)
FN:3742,(anonymous_255)
FN:3778,(anonymous_256)
FN:3829,(anonymous_257)
FN:3837,(anonymous_258)
FN:3852,(anonymous_259)
FN:3859,(anonymous_260)
FNF:261
FNH:0
FNDA:0,(anonymous_0)
FNDA:0,(anonymous_1)
FNDA:0,(anonymous_2)
FNDA:0,(anonymous_3)
FNDA:0,(anonymous_4)
FNDA:0,(anonymous_5)
FNDA:0,(anonymous_6)
FNDA:0,walletCacheKey
FNDA:0,loadWalletCache
FNDA:0,saveWalletCache
FNDA:0,getSafeDeployBlock
FNDA:0,queryLogsBatched
FNDA:0,(anonymous_12)
FNDA:0,(anonymous_13)
FNDA:0,(anonymous_14)
FNDA:0,(anonymous_15)
FNDA:0,(anonymous_16)
FNDA:0,(anonymous_17)
FNDA:0,(anonymous_18)
FNDA:0,(anonymous_19)
FNDA:0,fetchWithTimeout
FNDA:0,(anonymous_21)
FNDA:0,httpFromIpfs
FNDA:0,normalizeIpfsImage
FNDA:0,resolveImageUrl
FNDA:0,readJsonFromURI
FNDA:0,cacheSet
FNDA:0,getTokenUriCached
FNDA:0,readJsonFromURICached
FNDA:0,resolveImageUrlCached
FNDA:0,mapLimit
FNDA:0,(anonymous_31)
FNDA:0,canonBackgroundName
FNDA:0,backgroundIndexFromAny
FNDA:0,useIsMobile
FNDA:0,(anonymous_35)
FNDA:0,(anonymous_36)
FNDA:0,(anonymous_37)
FNDA:0,(anonymous_38)
FNDA:0,(anonymous_39)
FNDA:0,getCachedReaderInstance
FNDA:0,App
FNDA:0,(anonymous_42)
FNDA:0,(anonymous_43)
FNDA:0,(anonymous_44)
FNDA:0,(anonymous_45)
FNDA:0,(anonymous_46)
FNDA:0,(anonymous_47)
FNDA:0,(anonymous_48)
FNDA:0,(anonymous_49)
FNDA:0,(anonymous_50)
FNDA:0,(anonymous_51)
FNDA:0,(anonymous_52)
FNDA:0,(anonymous_53)
FNDA:0,(anonymous_54)
FNDA:0,(anonymous_55)
FNDA:0,(anonymous_56)
FNDA:0,(anonymous_57)
FNDA:0,(anonymous_58)
FNDA:0,(anonymous_59)
FNDA:0,(anonymous_60)
FNDA:0,(anonymous_61)
FNDA:0,(anonymous_62)
FNDA:0,(anonymous_63)
FNDA:0,(anonymous_64)
FNDA:0,(anonymous_65)
FNDA:0,(anonymous_66)
FNDA:0,(anonymous_67)
FNDA:0,(anonymous_68)
FNDA:0,(anonymous_69)
FNDA:0,(anonymous_70)
FNDA:0,(anonymous_71)
FNDA:0,(anonymous_72)
FNDA:0,(anonymous_73)
FNDA:0,(anonymous_74)
FNDA:0,(anonymous_75)
FNDA:0,(anonymous_76)
FNDA:0,(anonymous_77)
FNDA:0,(anonymous_78)
FNDA:0,(anonymous_79)
FNDA:0,(anonymous_80)
FNDA:0,(anonymous_81)
FNDA:0,(anonymous_82)
FNDA:0,(anonymous_83)
FNDA:0,(anonymous_84)
FNDA:0,(anonymous_85)
FNDA:0,(anonymous_86)
FNDA:0,(anonymous_87)
FNDA:0,(anonymous_88)
FNDA:0,(anonymous_89)
FNDA:0,(anonymous_90)
FNDA:0,(anonymous_91)
FNDA:0,(anonymous_92)
FNDA:0,(anonymous_93)
FNDA:0,(anonymous_94)
FNDA:0,(anonymous_95)
FNDA:0,(anonymous_96)
FNDA:0,(anonymous_97)
FNDA:0,(anonymous_98)
FNDA:0,(anonymous_99)
FNDA:0,(anonymous_100)
FNDA:0,(anonymous_101)
FNDA:0,(anonymous_102)
FNDA:0,(anonymous_103)
FNDA:0,(anonymous_104)
FNDA:0,(anonymous_105)
FNDA:0,(anonymous_106)
FNDA:0,(anonymous_107)
FNDA:0,(anonymous_108)
FNDA:0,(anonymous_109)
FNDA:0,(anonymous_110)
FNDA:0,(anonymous_111)
FNDA:0,(anonymous_112)
FNDA:0,(anonymous_113)
FNDA:0,(anonymous_114)
FNDA:0,(anonymous_115)
FNDA:0,(anonymous_116)
FNDA:0,(anonymous_117)
FNDA:0,(anonymous_118)
FNDA:0,(anonymous_119)
FNDA:0,(anonymous_120)
FNDA:0,(anonymous_121)
FNDA:0,(anonymous_122)
FNDA:0,(anonymous_123)
FNDA:0,(anonymous_124)
FNDA:0,(anonymous_125)
FNDA:0,(anonymous_126)
FNDA:0,(anonymous_127)
FNDA:0,(anonymous_128)
FNDA:0,(anonymous_129)
FNDA:0,(anonymous_130)
FNDA:0,(anonymous_131)
FNDA:0,(anonymous_132)
FNDA:0,(anonymous_133)
FNDA:0,(anonymous_134)
FNDA:0,(anonymous_135)
FNDA:0,(anonymous_136)
FNDA:0,(anonymous_137)
FNDA:0,(anonymous_138)
FNDA:0,(anonymous_139)
FNDA:0,(anonymous_140)
FNDA:0,(anonymous_141)
FNDA:0,(anonymous_142)
FNDA:0,(anonymous_143)
FNDA:0,(anonymous_144)
FNDA:0,(anonymous_145)
FNDA:0,(anonymous_146)
FNDA:0,(anonymous_147)
FNDA:0,(anonymous_148)
FNDA:0,(anonymous_149)
FNDA:0,(anonymous_150)
FNDA:0,(anonymous_151)
FNDA:0,(anonymous_152)
FNDA:0,(anonymous_153)
FNDA:0,(anonymous_154)
FNDA:0,(anonymous_155)
FNDA:0,(anonymous_156)
FNDA:0,(anonymous_157)
FNDA:0,(anonymous_158)
FNDA:0,(anonymous_159)
FNDA:0,(anonymous_160)
FNDA:0,(anonymous_161)
FNDA:0,(anonymous_162)
FNDA:0,(anonymous_163)
FNDA:0,(anonymous_164)
FNDA:0,(anonymous_165)
FNDA:0,(anonymous_166)
FNDA:0,(anonymous_167)
FNDA:0,(anonymous_168)
FNDA:0,(anonymous_169)
FNDA:0,(anonymous_170)
FNDA:0,(anonymous_171)
FNDA:0,(anonymous_172)
FNDA:0,(anonymous_173)
FNDA:0,(anonymous_174)
FNDA:0,(anonymous_175)
FNDA:0,(anonymous_176)
FNDA:0,(anonymous_177)
FNDA:0,(anonymous_178)
FNDA:0,(anonymous_179)
FNDA:0,(anonymous_180)
FNDA:0,(anonymous_181)
FNDA:0,(anonymous_182)
FNDA:0,(anonymous_183)
FNDA:0,(anonymous_184)
FNDA:0,(anonymous_185)
FNDA:0,(anonymous_186)
FNDA:0,(anonymous_187)
FNDA:0,(anonymous_188)
FNDA:0,(anonymous_189)
FNDA:0,(anonymous_190)
FNDA:0,(anonymous_191)
FNDA:0,(anonymous_192)
FNDA:0,(anonymous_193)
FNDA:0,(anonymous_194)
FNDA:0,(anonymous_195)
FNDA:0,(anonymous_196)
FNDA:0,(anonymous_197)
FNDA:0,(anonymous_198)
FNDA:0,(anonymous_199)
FNDA:0,(anonymous_200)
FNDA:0,(anonymous_201)
FNDA:0,(anonymous_202)
FNDA:0,(anonymous_203)
FNDA:0,(anonymous_204)
FNDA:0,(anonymous_205)
FNDA:0,(anonymous_206)
FNDA:0,(anonymous_207)
FNDA:0,(anonymous_208)
FNDA:0,(anonymous_209)
FNDA:0,(anonymous_210)
FNDA:0,(anonymous_211)
FNDA:0,(anonymous_212)
FNDA:0,(anonymous_213)
FNDA:0,(anonymous_214)
FNDA:0,(anonymous_215)
FNDA:0,(anonymous_216)
FNDA:0,(anonymous_217)
FNDA:0,(anonymous_218)
FNDA:0,(anonymous_219)
FNDA:0,(anonymous_220)
FNDA:0,(anonymous_221)
FNDA:0,(anonymous_222)
FNDA:0,(anonymous_223)
FNDA:0,(anonymous_224)
FNDA:0,(anonymous_225)
FNDA:0,(anonymous_226)
FNDA:0,(anonymous_227)
FNDA:0,(anonymous_228)
FNDA:0,(anonymous_229)
FNDA:0,(anonymous_230)
FNDA:0,(anonymous_231)
FNDA:0,(anonymous_232)
FNDA:0,(anonymous_233)
FNDA:0,(anonymous_234)
FNDA:0,(anonymous_235)
FNDA:0,(anonymous_236)
FNDA:0,(anonymous_237)
FNDA:0,(anonymous_238)
FNDA:0,(anonymous_239)
FNDA:0,(anonymous_240)
FNDA:0,(anonymous_241)
FNDA:0,(anonymous_242)
FNDA:0,(anonymous_243)
FNDA:0,(anonymous_244)
FNDA:0,(anonymous_245)
FNDA:0,(anonymous_246)
FNDA:0,(anonymous_247)
FNDA:0,(anonymous_248)
FNDA:0,(anonymous_249)
FNDA:0,(anonymous_250)
FNDA:0,(anonymous_251)
FNDA:0,(anonymous_252)
FNDA:0,(anonymous_253)
FNDA:0,(anonymous_254)
FNDA:0,(anonymous_255)
FNDA:0,(anonymous_256)
FNDA:0,(anonymous_257)
FNDA:0,(anonymous_258)
FNDA:0,(anonymous_259)
FNDA:0,(anonymous_260)
DA:51,0
DA:52,0
DA:53,0
DA:54,0
DA:55,0
DA:56,0
DA:57,0
DA:59,0
DA:63,0
DA:64,0
DA:66,0
DA:67,0
DA:69,0
DA:70,0
DA:71,0
DA:73,0
DA:74,0
DA:81,0
DA:93,0
DA:94,0
DA:96,0
DA:97,0
DA:99,0
DA:100,0
DA:101,0
DA:104,0
DA:108,0
DA:109,0
DA:110,0
DA:111,0
DA:112,0
DA:113,0
DA:114,0
DA:115,0
DA:116,0
DA:118,0
DA:123,0
DA:124,0
DA:125,0
DA:126,0
DA:133,0
DA:134,0
DA:135,0
DA:137,0
DA:147,0
DA:148,0
DA:149,0
DA:150,0
DA:151,0
DA:152,0
DA:153,0
DA:154,0
DA:155,0
DA:156,0
DA:158,0
DA:159,0
DA:160,0
DA:163,0
DA:167,0
DA:178,0
DA:179,0
DA:180,0
DA:181,0
DA:182,0
DA:183,0
DA:184,0
DA:185,0
DA:186,0
DA:190,0
DA:191,0
DA:192,0
DA:193,0
DA:194,0
DA:196,0
DA:201,0
DA:202,0
DA:203,0
DA:204,0
DA:206,0
DA:209,0
DA:210,0
DA:211,0
DA:212,0
DA:215,0
DA:216,0
DA:217,0
DA:219,0
DA:220,0
DA:221,0
DA:222,0
DA:223,0
DA:224,0
DA:226,0
DA:231,0
DA:232,0
DA:233,0
DA:234,0
DA:235,0
DA:236,0
DA:237,0
DA:238,0
DA:241,0
DA:243,0
DA:244,0
DA:245,0
DA:248,0
DA:252,0
DA:253,0
DA:254,0
DA:255,0
DA:256,0
DA:257,0
DA:260,0
DA:261,0
DA:262,0
DA:263,0
DA:265,0
DA:269,0
DA:270,0
DA:271,0
DA:272,0
DA:273,0
DA:277,0
DA:278,0
DA:279,0
DA:280,0
DA:281,0
DA:285,0
DA:286,0
DA:287,0
DA:288,0
DA:289,0
DA:297,0
DA:298,0
DA:299,0
DA:302,0
DA:303,0
DA:304,0
DA:307,0
DA:308,0
DA:312,0
DA:313,0
DA:314,0
DA:315,0
DA:316,0
DA:317,0
DA:318,0
DA:321,0
DA:322,0
DA:323,0
DA:324,0
DA:325,0
DA:326,0
DA:327,0
DA:335,0
DA:336,0
DA:337,0
DA:339,0
DA:340,0
DA:341,0
DA:342,0
DA:343,0
DA:344,0
DA:346,0
DA:348,0
DA:349,0
DA:350,0
DA:351,0
DA:353,0
DA:357,0
DA:364,0
DA:390,0
DA:391,0
DA:392,0
DA:393,0
DA:395,0
DA:397,0
DA:398,0
DA:406,0
DA:446,0
DA:454,0
DA:455,0
DA:456,0
DA:457,0
DA:458,0
DA:460,0
DA:461,0
DA:462,0
DA:463,0
DA:465,0
DA:466,0
DA:467,0
DA:468,0
DA:470,0
DA:474,0
DA:475,0
DA:476,0
DA:481,0
DA:482,0
DA:483,0
DA:491,0
DA:492,0
DA:494,0
DA:495,0
DA:496,0
DA:497,0
DA:498,0
DA:499,0
DA:502,0
DA:503,0
DA:507,0
DA:508,0
DA:509,0
DA:511,0
DA:518,0
DA:519,0
DA:520,0
DA:521,0
DA:523,0
DA:532,0
DA:552,0
DA:553,0
DA:554,0
DA:555,0
DA:556,0
DA:557,0
DA:558,0
DA:560,0
DA:561,0
DA:562,0
DA:564,0
DA:565,0
DA:566,0
DA:567,0
DA:568,0
DA:569,0
DA:571,0
DA:572,0
DA:574,0
DA:579,0
DA:581,0
DA:582,0
DA:583,0
DA:584,0
DA:585,0
DA:587,0
DA:589,0
DA:593,0
DA:594,0
DA:598,0
DA:602,0
DA:603,0
DA:604,0
DA:605,0
DA:606,0
DA:607,0
DA:608,0
DA:609,0
DA:610,0
DA:611,0
DA:614,0
DA:617,0
DA:618,0
DA:622,0
DA:623,0
DA:626,0
DA:627,0
DA:628,0
DA:631,0
DA:632,0
DA:633,0
DA:634,0
DA:635,0
DA:637,0
DA:643,0
DA:644,0
DA:645,0
DA:646,0
DA:647,0
DA:656,0
DA:657,0
DA:663,0
DA:664,0
DA:665,0
DA:666,0
DA:669,0
DA:676,0
DA:677,0
DA:678,0
DA:679,0
DA:680,0
DA:681,0
DA:682,0
DA:683,0
DA:684,0
DA:688,0
DA:690,0
DA:697,0
DA:698,0
DA:699,0
DA:700,0
DA:701,0
DA:702,0
DA:705,0
DA:706,0
DA:707,0
DA:710,0
DA:732,0
DA:736,0
DA:737,0
DA:738,0
DA:739,0
DA:742,0
DA:743,0
DA:744,0
DA:746,0
DA:747,0
DA:749,0
DA:750,0
DA:753,0
DA:754,0
DA:755,0
DA:757,0
DA:758,0
DA:760,0
DA:761,0
DA:762,0
DA:763,0
DA:764,0
DA:765,0
DA:769,0
DA:774,0
DA:775,0
DA:776,0
DA:783,0
DA:801,0
DA:802,0
DA:803,0
DA:804,0
DA:807,0
DA:808,0
DA:809,0
DA:811,0
DA:812,0
DA:813,0
DA:815,0
DA:816,0
DA:818,0
DA:819,0
DA:821,0
DA:822,0
DA:824,0
DA:825,0
DA:827,0
DA:828,0
DA:832,0
DA:833,0
DA:834,0
DA:835,0
DA:836,0
DA:837,0
DA:838,0
DA:839,0
DA:845,0
DA:846,0
DA:847,0
DA:848,0
DA:849,0
DA:850,0
DA:851,0
DA:852,0
DA:853,0
DA:857,0
DA:859,0
DA:866,0
DA:867,0
DA:868,0
DA:874,0
DA:875,0
DA:876,0
DA:877,0
DA:878,0
DA:879,0
DA:885,0
DA:886,0
DA:887,0
DA:888,0
DA:889,0
DA:890,0
DA:891,0
DA:892,0
DA:893,0
DA:894,0
DA:895,0
DA:900,0
DA:904,0
DA:906,0
DA:907,0
DA:908,0
DA:909,0
DA:911,0
DA:914,0
DA:917,0
DA:920,0
DA:921,0
DA:922,0
DA:924,0
DA:925,0
DA:926,0
DA:928,0
DA:929,0
DA:930,0
DA:933,0
DA:934,0
DA:935,0
DA:937,0
DA:940,0
DA:942,0
DA:948,0
DA:949,0
DA:950,0
DA:951,0
DA:952,0
DA:953,0
DA:958,0
DA:959,0
DA:960,0
DA:961,0
DA:962,0
DA:963,0
DA:968,0
DA:969,0
DA:971,0
DA:972,0
DA:988,0
DA:991,0
DA:993,0
DA:994,0
DA:995,0
DA:996,0
DA:997,0
DA:998,0
DA:1002,0
DA:1007,0
DA:1008,0
DA:1009,0
DA:1011,0
DA:1020,0
DA:1021,0
DA:1022,0
DA:1023,0
DA:1025,0
DA:1028,0
DA:1029,0
DA:1030,0
DA:1031,0
DA:1040,0
DA:1043,0
DA:1044,0
DA:1045,0
DA:1048,0
DA:1049,0
DA:1050,0
DA:1051,0
DA:1053,0
DA:1056,0
DA:1057,0
DA:1058,0
DA:1061,0
DA:1062,0
DA:1063,0
DA:1066,0
DA:1067,0
DA:1069,0
DA:1070,0
DA:1071,0
DA:1073,0
DA:1074,0
DA:1075,0
DA:1076,0
DA:1077,0
DA:1078,0
DA:1083,0
DA:1087,0
DA:1088,0
DA:1089,0
DA:1090,0
DA:1092,0
DA:1093,0
DA:1094,0
DA:1095,0
DA:1098,0
DA:1099,0
DA:1100,0
DA:1101,0
DA:1102,0
DA:1104,0
DA:1105,0
DA:1106,0
DA:1107,0
DA:1108,0
DA:1110,0
DA:1113,0
DA:1115,0
DA:1118,0
DA:1121,0
DA:1122,0
DA:1123,0
DA:1124,0
DA:1126,0
DA:1129,0
DA:1133,0
DA:1138,0
DA:1139,0
DA:1141,0
DA:1142,0
DA:1143,0
DA:1144,0
DA:1145,0
DA:1146,0
DA:1147,0
DA:1148,0
DA:1151,0
DA:1159,0
DA:1161,0
DA:1162,0
DA:1163,0
DA:1164,0
DA:1165,0
DA:1167,0
DA:1168,0
DA:1169,0
DA:1172,0
DA:1177,0
DA:1178,0
DA:1180,0
DA:1186,0
DA:1187,0
DA:1188,0
DA:1189,0
DA:1190,0
DA:1191,0
DA:1192,0
DA:1193,0
DA:1194,0
DA:1199,0
DA:1200,0
DA:1203,0
DA:1204,0
DA:1205,0
DA:1207,0
DA:1208,0
DA:1209,0
DA:1213,0
DA:1214,0
DA:1215,0
DA:1216,0
DA:1217,0
DA:1218,0
DA:1219,0
DA:1221,0
DA:1223,0
DA:1224,0
DA:1225,0
DA:1227,0
DA:1231,0
DA:1232,0
DA:1233,0
DA:1234,0
DA:1236,0
DA:1239,0
DA:1240,0
DA:1241,0
DA:1243,0
DA:1248,0
DA:1249,0
DA:1252,0
DA:1255,0
DA:1256,0
DA:1257,0
DA:1258,0
DA:1260,0
DA:1262,0
DA:1263,0
DA:1267,0
DA:1268,0
DA:1269,0
DA:1271,0
DA:1272,0
DA:1273,0
DA:1278,0
DA:1279,0
DA:1280,0
DA:1283,0
DA:1284,0
DA:1285,0
DA:1286,0
DA:1287,0
DA:1288,0
DA:1289,0
DA:1290,0
DA:1291,0
DA:1294,0
DA:1295,0
DA:1296,0
DA:1297,0
DA:1299,0
DA:1302,0
DA:1305,0
DA:1308,0
DA:1310,0
DA:1311,0
DA:1313,0
DA:1314,0
DA:1315,0
DA:1316,0
DA:1318,0
DA:1321,0
DA:1324,0
DA:1325,0
DA:1326,0
DA:1330,0
DA:1331,0
DA:1332,0
DA:1333,0
DA:1334,0
DA:1335,0
DA:1336,0
DA:1337,0
DA:1340,0
DA:1343,0
DA:1345,0
DA:1346,0
DA:1352,0
DA:1354,0
DA:1355,0
DA:1356,0
DA:1358,0
DA:1359,0
DA:1360,0
DA:1361,0
DA:1362,0
DA:1363,0
DA:1364,0
DA:1365,0
DA:1368,0
DA:1370,0
DA:1372,0
DA:1374,0
DA:1375,0
DA:1376,0
DA:1377,0
DA:1379,0
DA:1380,0
DA:1381,0
DA:1386,0
DA:1388,0
DA:1389,0
DA:1390,0
DA:1391,0
DA:1392,0
DA:1393,0
DA:1394,0
DA:1395,0
DA:1396,0
DA:1397,0
DA:1398,0
DA:1401,0
DA:1403,0
DA:1407,0
DA:1408,0
DA:1409,0
DA:1411,0
DA:1412,0
DA:1418,0
DA:1420,0
DA:1421,0
DA:1422,0
DA:1423,0
DA:1425,0
DA:1426,0
DA:1427,0
DA:1432,0
DA:1433,0
DA:1434,0
DA:1435,0
DA:1438,0
DA:1439,0
DA:1440,0
DA:1441,0
DA:1442,0
DA:1443,0
DA:1444,0
DA:1445,0
DA:1446,0
DA:1449,0
DA:1450,0
DA:1451,0
DA:1452,0
DA:1453,0
DA:1458,0
DA:1460,0
DA:1461,0
DA:1462,0
DA:1463,0
DA:1464,0
DA:1466,0
DA:1467,0
DA:1468,0
DA:1469,0
DA:1471,0
DA:1472,0
DA:1474,0
DA:1477,0
DA:1479,0
DA:1480,0
DA:1481,0
DA:1482,0
DA:1483,0
DA:1486,0
DA:1487,0
DA:1488,0
DA:1493,0
DA:1494,0
DA:1496,0
DA:1497,0
DA:1503,0
DA:1505,0
DA:1506,0
DA:1507,0
DA:1508,0
DA:1509,0
DA:1511,0
DA:1513,0
DA:1514,0
DA:1515,0
DA:1516,0
DA:1518,0
DA:1524,0
DA:1525,0
DA:1526,0
DA:1527,0
DA:1528,0
DA:1529,0
DA:1531,0
DA:1533,0
DA:1534,0
DA:1537,0
DA:1539,0
DA:1540,0
DA:1544,0
DA:1547,0
DA:1548,0
DA:1549,0
DA:1552,0
DA:1553,0
DA:1554,0
DA:1555,0
DA:1556,0
DA:1557,0
DA:1558,0
DA:1559,0
DA:1560,0
DA:1561,0
DA:1562,0
DA:1563,0
DA:1565,0
DA:1569,0
DA:1570,0
DA:1571,0
DA:1573,0
DA:1574,0
DA:1581,0
DA:1583,0
DA:1584,0
DA:1585,0
DA:1586,0
DA:1587,0
DA:1590,0
DA:1591,0
DA:1597,0
DA:1599,0
DA:1601,0
DA:1603,0
DA:1604,0
DA:1605,0
DA:1606,0
DA:1608,0
DA:1610,0
DA:1611,0
DA:1612,0
DA:1613,0
DA:1615,0
DA:1616,0
DA:1624,0
DA:1626,0
DA:1631,0
DA:1632,0
DA:1633,0
DA:1634,0
DA:1635,0
DA:1636,0
DA:1642,0
DA:1644,0
DA:1645,0
DA:1646,0
DA:1650,0
DA:1651,0
DA:1652,0
DA:1654,0
DA:1655,0
DA:1656,0
DA:1658,0
DA:1661,0
DA:1662,0
DA:1663,0
DA:1665,0
DA:1666,0
DA:1669,0
DA:1671,0
DA:1672,0
DA:1673,0
DA:1675,0
DA:1676,0
DA:1679,0
DA:1681,0
DA:1682,0
DA:1693,0
DA:1695,0
DA:1696,0
DA:1697,0
DA:1699,0
DA:1701,0
DA:1702,0
DA:1704,0
DA:1705,0
DA:1709,0
DA:1710,0
DA:1711,0
DA:1712,0
DA:1713,0
DA:1716,0
DA:1717,0
DA:1718,0
DA:1719,0
DA:1722,0
DA:1723,0
DA:1724,0
DA:1725,0
DA:1727,0
DA:1728,0
DA:1729,0
DA:1730,0
DA:1731,0
DA:1734,0
DA:1736,0
DA:1737,0
DA:1738,0
DA:1739,0
DA:1740,0
DA:1741,0
DA:1744,0
DA:1745,0
DA:1746,0
DA:1747,0
DA:1752,0
DA:1753,0
DA:1754,0
DA:1760,0
DA:1761,0
DA:1765,0
DA:1766,0
DA:1767,0
DA:1769,0
DA:1770,0
DA:1772,0
DA:1776,0
DA:1780,0
DA:1782,0
DA:1785,0
DA:1786,0
DA:1787,0
DA:1788,0
DA:1794,0
DA:1795,0
DA:1796,0
DA:1799,0
DA:1802,0
DA:1803,0
DA:1804,0
DA:1807,0
DA:1810,0
DA:1811,0
DA:1815,0
DA:1830,0
DA:1840,0
DA:1842,0
DA:1843,0
DA:1844,0
DA:1847,0
DA:1849,0
DA:1856,0
DA:1862,0
DA:1863,0
DA:1864,0
DA:1867,0
DA:1868,0
DA:1869,0
DA:1870,0
DA:1871,0
DA:1879,0
DA:1880,0
DA:1881,0
DA:1882,0
DA:1884,0
DA:1885,0
DA:1886,0
DA:1887,0
DA:1888,0
DA:1891,0
DA:1903,0
DA:1904,0
DA:1909,0
DA:1911,0
DA:1913,0
DA:1914,0
DA:1915,0
DA:1916,0
DA:1919,0
DA:1920,0
DA:1926,0
DA:1927,0
DA:1928,0
DA:1929,0
DA:1930,0
DA:1931,0
DA:1935,0
DA:1936,0
DA:1937,0
DA:1938,0
DA:1941,0
DA:1943,0
DA:1944,0
DA:1950,0
DA:1951,0
DA:1952,0
DA:1953,0
DA:1955,0
DA:1956,0
DA:1957,0
DA:1959,0
DA:1962,0
DA:1966,0
DA:1970,0
DA:1971,0
DA:1972,0
DA:1973,0
DA:1975,0
DA:1976,0
DA:1977,0
DA:1978,0
DA:1979,0
DA:1980,0
DA:1981,0
DA:1982,0
DA:1983,0
DA:1984,0
DA:1985,0
DA:1988,0
DA:2002,0
DA:2003,0
DA:2004,0
DA:2005,0
DA:2007,0
DA:2008,0
DA:2009,0
DA:2010,0
DA:2011,0
DA:2012,0
DA:2013,0
DA:2014,0
DA:2015,0
DA:2017,0
DA:2023,0
DA:2026,0
DA:2034,0
DA:2036,0
DA:2037,0
DA:2038,0
DA:2040,0
DA:2041,0
DA:2043,0
DA:2045,0
DA:2046,0
DA:2047,0
DA:2048,0
DA:2049,0
DA:2050,0
DA:2052,0
DA:2060,0
DA:2061,0
DA:2062,0
DA:2063,0
DA:2072,0
DA:2076,0
DA:2080,0
DA:2092,0
DA:2100,0
DA:2101,0
DA:2104,0
DA:2105,0
DA:2106,0
DA:2107,0
DA:2108,0
DA:2109,0
DA:2119,0
DA:2120,0
DA:2122,0
DA:2123,0
DA:2126,0
DA:2127,0
DA:2128,0
DA:2129,0
DA:2130,0
DA:2131,0
DA:2132,0
DA:2133,0
DA:2137,0
DA:2138,0
DA:2139,0
DA:2140,0
DA:2141,0
DA:2142,0
DA:2144,0
DA:2148,0
DA:2149,0
DA:2150,0
DA:2152,0
DA:2160,0
DA:2163,0
DA:2167,0
DA:2168,0
DA:2169,0
DA:2174,0
DA:2175,0
DA:2180,0
DA:2182,0
DA:2183,0
DA:2188,0
DA:2191,0
DA:2195,0
DA:2196,0
DA:2197,0
DA:2201,0
DA:2202,0
DA:2203,0
DA:2204,0
DA:2205,0
DA:2206,0
DA:2208,0
DA:2209,0
DA:2210,0
DA:2211,0
DA:2213,0
DA:2219,0
DA:2220,0
DA:2221,0
DA:2222,0
DA:2227,0
DA:2229,0
DA:2231,0
DA:2239,0
DA:2240,0
DA:2242,0
DA:2253,0
DA:2254,0
DA:2258,0
DA:2259,0
DA:2260,0
DA:2261,0
DA:2262,0
DA:2264,0
DA:2265,0
DA:2266,0
DA:2267,0
DA:2268,0
DA:2269,0
DA:2270,0
DA:2271,0
DA:2272,0
DA:2273,0
DA:2277,0
DA:2278,0
DA:2279,0
DA:2280,0
DA:2281,0
DA:2282,0
DA:2285,0
DA:2286,0
DA:2287,0
DA:2288,0
DA:2301,0
DA:2302,0
DA:2305,0
DA:2306,0
DA:2307,0
DA:2308,0
DA:2309,0
DA:2310,0
DA:2311,0
DA:2312,0
DA:2313,0
DA:2314,0
DA:2315,0
DA:2316,0
DA:2317,0
DA:2320,0
DA:2321,0
DA:2331,0
DA:2332,0
DA:2333,0
DA:2334,0
DA:2335,0
DA:2339,0
DA:2340,0
DA:2341,0
DA:2344,0
DA:2351,0
DA:2352,0
DA:2353,0
DA:2354,0
DA:2357,0
DA:2358,0
DA:2359,0
DA:2360,0
DA:2364,0
DA:2385,0
DA:2394,0
DA:2407,0
DA:2408,0
DA:2409,0
DA:2413,0
DA:2414,0
DA:2415,0
DA:2416,0
DA:2417,0
DA:2419,0
DA:2420,0
DA:2421,0
DA:2422,0
DA:2423,0
DA:2425,0
DA:2426,0
DA:2427,0
DA:2428,0
DA:2431,0
DA:2433,0
DA:2434,0
DA:2435,0
DA:2436,0
DA:2437,0
DA:2438,0
DA:2440,0
DA:2441,0
DA:2443,0
DA:2444,0
DA:2456,0
DA:2457,0
DA:2458,0
DA:2459,0
DA:2460,0
DA:2462,0
DA:2464,0
DA:2465,0
DA:2466,0
DA:2467,0
DA:2468,0
DA:2469,0
DA:2471,0
DA:2472,0
DA:2474,0
DA:2475,0
DA:2487,0
DA:2489,0
DA:2490,0
DA:2491,0
DA:2493,0
DA:2495,0
DA:2496,0
DA:2497,0
DA:2498,0
DA:2499,0
DA:2500,0
DA:2502,0
DA:2503,0
DA:2504,0
DA:2506,0
DA:2507,0
DA:2508,0
DA:2509,0
DA:2512,0
DA:2513,0
DA:2514,0
DA:2515,0
DA:2516,0
DA:2521,0
DA:2523,0
DA:2525,0
DA:2526,0
DA:2527,0
DA:2530,0
DA:2531,0
DA:2532,0
DA:2533,0
DA:2534,0
DA:2535,0
DA:2536,0
DA:2538,0
DA:2539,0
DA:2540,0
DA:2541,0
DA:2543,0
DA:2549,0
DA:2551,0
DA:2552,0
DA:2554,0
DA:2555,0
DA:2556,0
DA:2557,0
DA:2562,0
DA:2570,0
DA:2571,0
DA:2574,0
DA:2578,0
DA:2580,0
DA:2581,0
DA:2582,0
DA:2583,0
DA:2584,0
DA:2585,0
DA:2586,0
DA:2587,0
DA:2588,0
DA:2589,0
DA:2590,0
DA:2591,0
DA:2592,0
DA:2593,0
DA:2594,0
DA:2595,0
DA:2596,0
DA:2600,0
DA:2601,0
DA:2602,0
DA:2603,0
DA:2604,0
DA:2605,0
DA:2608,0
DA:2609,0
DA:2611,0
DA:2612,0
DA:2613,0
DA:2614,0
DA:2616,0
DA:2617,0
DA:2622,0
DA:2623,0
DA:2625,0
DA:2628,0
DA:2629,0
DA:2645,0
DA:2646,0
DA:2647,0
DA:2648,0
DA:2649,0
DA:2650,0
DA:2651,0
DA:2653,0
DA:2655,0
DA:2658,0
DA:2659,0
DA:2661,0
DA:2662,0
DA:2663,0
DA:2664,0
DA:2665,0
DA:2666,0
DA:2667,0
DA:2668,0
DA:2669,0
DA:2672,0
DA:2675,0
DA:2676,0
DA:2682,0
DA:2683,0
DA:2684,0
DA:2689,0
DA:2690,0
DA:2691,0
DA:2692,0
DA:2694,0
DA:2695,0
DA:2696,0
DA:2698,0
DA:2699,0
DA:2703,0
DA:2706,0
DA:2707,0
DA:2708,0
DA:2710,0
DA:2711,0
DA:2712,0
DA:2713,0
DA:2714,0
DA:2716,0
DA:2717,0
DA:2729,0
DA:2730,0
DA:2731,0
DA:2732,0
DA:2733,0
DA:2735,0
DA:2736,0
DA:2737,0
DA:2739,0
DA:2740,0
DA:2743,0
DA:2744,0
DA:2746,0
DA:2747,0
DA:2748,0
DA:2749,0
DA:2751,0
DA:2754,0
DA:2757,0
DA:2758,0
DA:2759,0
DA:2760,0
DA:2763,0
DA:2764,0
DA:2765,0
DA:2767,0
DA:2768,0
DA:2770,0
DA:2773,0
DA:2774,0
DA:2775,0
DA:2776,0
DA:2777,0
DA:2779,0
DA:2791,0
DA:2792,0
DA:2793,0
DA:2794,0
DA:2796,0
DA:2800,0
DA:2801,0
DA:2802,0
DA:2803,0
DA:2804,0
DA:2806,0
DA:2807,0
DA:2808,0
DA:2810,0
DA:2811,0
DA:2812,0
DA:2813,0
DA:2818,0
DA:2819,0
DA:2820,0
DA:2821,0
DA:2822,0
DA:2823,0
DA:2824,0
DA:2825,0
DA:2842,0
DA:2843,0
DA:2844,0
DA:2845,0
DA:2847,0
DA:2848,0
DA:2849,0
DA:2851,0
DA:2852,0
DA:2853,0
DA:2854,0
DA:2855,0
DA:2856,0
DA:2857,0
DA:2861,0
DA:2862,0
DA:2863,0
DA:2864,0
DA:2866,0
DA:2867,0
DA:2868,0
DA:2869,0
DA:2870,0
DA:2871,0
DA:2872,0
DA:2873,0
DA:2874,0
DA:2876,0
DA:2877,0
DA:2878,0
DA:2879,0
DA:2881,0
DA:2884,0
DA:2886,0
DA:2889,0
DA:2892,0
DA:2893,0
DA:2896,0
DA:2897,0
DA:2898,0
DA:2900,0
DA:2901,0
DA:2902,0
DA:2904,0
DA:2905,0
DA:2909,0
DA:2910,0
DA:2912,0
DA:2915,0
DA:2916,0
DA:2918,0
DA:2923,0
DA:2924,0
DA:2925,0
DA:2927,0
DA:2930,0
DA:2934,0
DA:2936,0
DA:2937,0
DA:2938,0
DA:2939,0
DA:2940,0
DA:2941,0
DA:2942,0
DA:2943,0
DA:2944,0
DA:2945,0
DA:2946,0
DA:2947,0
DA:2948,0
DA:2949,0
DA:2950,0
DA:2951,0
DA:2952,0
DA:2953,0
DA:2955,0
DA:2956,0
DA:2957,0
DA:2958,0
DA:2959,0
DA:2960,0
DA:2961,0
DA:2962,0
DA:2966,0
DA:2986,0
DA:2990,0
DA:2991,0
DA:2992,0
DA:2994,0
DA:2995,0
DA:2996,0
DA:3001,0
DA:3002,0
DA:3003,0
DA:3004,0
DA:3005,0
DA:3006,0
DA:3007,0
DA:3011,0
DA:3012,0
DA:3013,0
DA:3014,0
DA:3015,0
DA:3016,0
DA:3024,0
DA:3037,0
DA:3041,0
DA:3042,0
DA:3043,0
DA:3044,0
DA:3048,0
DA:3056,0
DA:3057,0
DA:3060,0
DA:3064,0
DA:3065,0
DA:3066,0
DA:3067,0
DA:3068,0
DA:3069,0
DA:3080,0
DA:3084,0
DA:3085,0
DA:3086,0
DA:3096,0
DA:3097,0
DA:3098,0
DA:3099,0
DA:3100,0
DA:3101,0
DA:3102,0
DA:3103,0
DA:3104,0
DA:3106,0
DA:3120,0
DA:3124,0
DA:3125,0
DA:3126,0
DA:3127,0
DA:3130,0
DA:3135,0
DA:3136,0
DA:3140,0
DA:3154,0
DA:3155,0
DA:3156,0
DA:3157,0
DA:3158,0
DA:3159,0
DA:3160,0
DA:3163,0
DA:3174,0
DA:3175,0
DA:3179,0
DA:3180,0
DA:3181,0
DA:3182,0
DA:3185,0
DA:3191,0
DA:3197,0
DA:3198,0
DA:3199,0
DA:3200,0
DA:3201,0
DA:3203,0
DA:3205,0
DA:3209,0
DA:3210,0
DA:3211,0
DA:3212,0
DA:3213,0
DA:3217,0
DA:3218,0
DA:3219,0
DA:3223,0
DA:3224,0
DA:3225,0
DA:3226,0
DA:3230,0
DA:3238,0
DA:3239,0
DA:3243,0
DA:3244,0
DA:3246,0
DA:3248,0
DA:3250,0
DA:3252,0
DA:3254,0
DA:3256,0
DA:3258,0
DA:3260,0
DA:3262,0
DA:3268,0
DA:3314,0
DA:3320,0
DA:3399,0
DA:3505,0
DA:3506,0
DA:3507,0
DA:3524,0
DA:3525,0
DA:3527,0
DA:3550,0
DA:3554,0
DA:3555,0
DA:3556,0
DA:3557,0
DA:3559,0
DA:3560,0
DA:3562,0
DA:3563,0
DA:3567,0
DA:3574,0
DA:3575,0
DA:3582,0
DA:3589,0
DA:3590,0
DA:3598,0
DA:3601,0
DA:3602,0
DA:3609,0
DA:3610,0
DA:3617,0
DA:3618,0
DA:3625,0
DA:3626,0
DA:3633,0
DA:3639,0
DA:3645,0
DA:3651,0
DA:3652,0
DA:3653,0
DA:3654,0
DA:3655,0
DA:3658,0
DA:3659,0
DA:3660,0
DA:3661,0
DA:3662,0
DA:3665,0
DA:3666,0
DA:3667,0
DA:3668,0
DA:3669,0
DA:3673,0
DA:3674,0
DA:3675,0
DA:3683,0
DA:3684,0
DA:3685,0
DA:3686,0
DA:3687,0
DA:3688,0
DA:3689,0
DA:3693,0
DA:3694,0
DA:3695,0
DA:3698,0
DA:3699,0
DA:3700,0
DA:3701,0
DA:3702,0
DA:3703,0
DA:3704,0
DA:3705,0
DA:3710,0
DA:3720,0
DA:3721,0
DA:3722,0
DA:3731,0
DA:3742,0
DA:3779,0
DA:3780,0
DA:3785,0
DA:3788,0
DA:3789,0
DA:3791,0
DA:3830,0
DA:3831,0
DA:3833,0
DA:3834,0
DA:3838,0
DA:3841,0
DA:3844,0
DA:3850,0
DA:3853,0
DA:3857,0
DA:3863,0
DA:3866,0
DA:3869,0
DA:3879,0
DA:3880,0
LF:1667
LH:0
BRDA:52,0,0,0
BRDA:52,0,1,0
BRDA:54,1,0,0
BRDA:54,1,1,0
BRDA:55,2,0,0
BRDA:55,2,1,0
BRDA:55,3,0,0
BRDA:55,3,1,0
BRDA:56,4,0,0
BRDA:56,4,1,0
BRDA:57,5,0,0
BRDA:57,5,1,0
BRDA:96,6,0,0
BRDA:96,6,1,0
BRDA:104,7,0,0
BRDA:104,7,1,0
BRDA:109,8,0,0
BRDA:109,8,1,0
BRDA:109,9,0,0
BRDA:109,9,1,0
BRDA:111,10,0,0
BRDA:111,10,1,0
BRDA:113,11,0,0
BRDA:113,11,1,0
BRDA:113,12,0,0
BRDA:113,12,1,0
BRDA:114,13,0,0
BRDA:114,13,1,0
BRDA:114,14,0,0
BRDA:114,14,1,0
BRDA:116,15,0,0
BRDA:116,15,1,0
BRDA:124,16,0,0
BRDA:124,16,1,0
BRDA:124,17,0,0
BRDA:124,17,1,0
BRDA:134,18,0,0
BRDA:134,18,1,0
BRDA:134,19,0,0
BRDA:134,19,1,0
BRDA:145,20,0,0
BRDA:154,21,0,0
BRDA:154,21,1,0
BRDA:158,22,0,0
BRDA:158,22,1,0
BRDA:189,23,0,0
BRDA:201,24,0,0
BRDA:201,24,1,0
BRDA:202,25,0,0
BRDA:202,25,1,0
BRDA:209,26,0,0
BRDA:209,26,1,0
BRDA:210,27,0,0
BRDA:210,27,1,0
BRDA:215,28,0,0
BRDA:215,28,1,0
BRDA:216,29,0,0
BRDA:216,29,1,0
BRDA:217,30,0,0
BRDA:217,30,1,0
BRDA:232,31,0,0
BRDA:232,31,1,0
BRDA:233,32,0,0
BRDA:233,32,1,0
BRDA:238,33,0,0
BRDA:238,33,1,0
BRDA:244,34,0,0
BRDA:244,34,1,0
BRDA:260,35,0,0
BRDA:260,35,1,0
BRDA:261,36,0,0
BRDA:261,36,1,0
BRDA:261,37,0,0
BRDA:261,37,1,0
BRDA:263,38,0,0
BRDA:263,38,1,0
BRDA:270,39,0,0
BRDA:270,39,1,0
BRDA:277,40,0,0
BRDA:277,40,1,0
BRDA:278,41,0,0
BRDA:278,41,1,0
BRDA:280,42,0,0
BRDA:280,42,1,0
BRDA:285,43,0,0
BRDA:285,43,1,0
BRDA:285,44,0,0
BRDA:285,44,1,0
BRDA:286,45,0,0
BRDA:286,45,1,0
BRDA:288,46,0,0
BRDA:288,46,1,0
BRDA:312,47,0,0
BRDA:312,47,1,0
BRDA:315,48,0,0
BRDA:315,48,1,0
BRDA:317,49,0,0
BRDA:317,49,1,0
BRDA:321,50,0,0
BRDA:321,50,1,0
BRDA:324,51,0,0
BRDA:324,51,1,0
BRDA:326,52,0,0
BRDA:326,52,1,0
BRDA:334,53,0,0
BRDA:336,54,0,0
BRDA:336,54,1,0
BRDA:340,55,0,0
BRDA:340,55,1,0
BRDA:368,56,0,0
BRDA:368,56,1,0
BRDA:385,57,0,0
BRDA:385,57,1,0
BRDA:392,58,0,0
BRDA:392,58,1,0
BRDA:392,59,0,0
BRDA:392,59,1,0
BRDA:453,60,0,0
BRDA:455,61,0,0
BRDA:455,61,1,0
BRDA:455,62,0,0
BRDA:455,62,1,0
BRDA:456,63,0,0
BRDA:456,63,1,0
BRDA:460,64,0,0
BRDA:460,64,1,0
BRDA:460,65,0,0
BRDA:460,65,1,0
BRDA:461,66,0,0
BRDA:461,66,1,0
BRDA:465,67,0,0
BRDA:465,67,1,0
BRDA:465,68,0,0
BRDA:465,68,1,0
BRDA:466,69,0,0
BRDA:466,69,1,0
BRDA:470,70,0,0
BRDA:470,70,1,0
BRDA:471,71,0,0
BRDA:471,71,1,0
BRDA:474,72,0,0
BRDA:474,72,1,0
BRDA:481,73,0,0
BRDA:481,73,1,0
BRDA:582,74,0,0
BRDA:582,74,1,0
BRDA:584,75,0,0
BRDA:584,75,1,0
BRDA:594,76,0,0
BRDA:594,76,1,0
BRDA:598,77,0,0
BRDA:598,77,1,0
BRDA:598,77,2,0
BRDA:606,78,0,0
BRDA:606,78,1,0
BRDA:607,79,0,0
BRDA:607,79,1,0
BRDA:607,80,0,0
BRDA:607,80,1,0
BRDA:609,81,0,0
BRDA:609,81,1,0
BRDA:609,82,0,0
BRDA:609,82,1,0
BRDA:610,83,0,0
BRDA:610,83,1,0
BRDA:614,84,0,0
BRDA:614,84,1,0
BRDA:623,85,0,0
BRDA:623,85,1,0
BRDA:623,86,0,0
BRDA:623,86,1,0
BRDA:627,87,0,0
BRDA:627,87,1,0
BRDA:634,88,0,0
BRDA:634,88,1,0
BRDA:644,89,0,0
BRDA:644,89,1,0
BRDA:646,90,0,0
BRDA:646,90,1,0
BRDA:646,91,0,0
BRDA:646,91,1,0
BRDA:663,92,0,0
BRDA:663,92,1,0
BRDA:664,93,0,0
BRDA:664,93,1,0
BRDA:665,94,0,0
BRDA:665,94,1,0
BRDA:666,95,0,0
BRDA:666,95,1,0
BRDA:677,96,0,0
BRDA:677,96,1,0
BRDA:679,97,0,0
BRDA:679,97,1,0
BRDA:679,98,0,0
BRDA:679,98,1,0
BRDA:697,99,0,0
BRDA:697,99,1,0
BRDA:698,100,0,0
BRDA:698,100,1,0
BRDA:699,101,0,0
BRDA:699,101,1,0
BRDA:700,102,0,0
BRDA:700,102,1,0
BRDA:701,103,0,0
BRDA:701,103,1,0
BRDA:713,104,0,0
BRDA:713,104,1,0
BRDA:715,105,0,0
BRDA:715,105,1,0
BRDA:716,106,0,0
BRDA:716,106,1,0
BRDA:738,107,0,0
BRDA:738,107,1,0
BRDA:738,108,0,0
BRDA:738,108,1,0
BRDA:746,109,0,0
BRDA:746,109,1,0
BRDA:746,110,0,0
BRDA:746,110,1,0
BRDA:760,111,0,0
BRDA:760,111,1,0
BRDA:763,112,0,0
BRDA:763,112,1,0
BRDA:809,113,0,0
BRDA:809,113,1,0
BRDA:835,114,0,0
BRDA:835,114,1,0
BRDA:847,115,0,0
BRDA:847,115,1,0
BRDA:848,116,0,0
BRDA:848,116,1,0
BRDA:848,117,0,0
BRDA:848,117,1,0
BRDA:849,118,0,0
BRDA:849,118,1,0
BRDA:850,119,0,0
BRDA:850,119,1,0
BRDA:867,120,0,0
BRDA:867,120,1,0
BRDA:876,121,0,0
BRDA:876,121,1,0
BRDA:879,122,0,0
BRDA:879,122,1,0
BRDA:888,123,0,0
BRDA:888,123,1,0
BRDA:891,124,0,0
BRDA:891,124,1,0
BRDA:892,125,0,0
BRDA:892,125,1,0
BRDA:893,126,0,0
BRDA:893,126,1,0
BRDA:895,127,0,0
BRDA:895,127,1,0
BRDA:908,128,0,0
BRDA:908,128,1,0
BRDA:909,129,0,0
BRDA:909,129,1,0
BRDA:914,130,0,0
BRDA:914,130,1,0
BRDA:914,130,2,0
BRDA:928,131,0,0
BRDA:928,131,1,0
BRDA:929,132,0,0
BRDA:929,132,1,0
BRDA:940,133,0,0
BRDA:940,133,1,0
BRDA:948,134,0,0
BRDA:949,135,0,0
BRDA:949,135,1,0
BRDA:958,136,0,0
BRDA:959,137,0,0
BRDA:959,137,1,0
BRDA:969,138,0,0
BRDA:969,138,1,0
BRDA:971,139,0,0
BRDA:971,139,1,0
BRDA:971,139,2,0
BRDA:971,139,3,0
BRDA:988,140,0,0
BRDA:988,140,1,0
BRDA:992,141,0,0
BRDA:995,142,0,0
BRDA:995,142,1,0
BRDA:1009,143,0,0
BRDA:1009,143,1,0
BRDA:1021,144,0,0
BRDA:1021,144,1,0
BRDA:1043,145,0,0
BRDA:1043,145,1,0
BRDA:1045,146,0,0
BRDA:1045,146,1,0
BRDA:1048,147,0,0
BRDA:1048,147,1,0
BRDA:1050,148,0,0
BRDA:1050,148,1,0
BRDA:1056,149,0,0
BRDA:1056,149,1,0
BRDA:1061,150,0,0
BRDA:1061,150,1,0
BRDA:1066,151,0,0
BRDA:1066,151,1,0
BRDA:1073,152,0,0
BRDA:1073,152,1,0
BRDA:1074,153,0,0
BRDA:1074,153,1,0
BRDA:1088,154,0,0
BRDA:1088,154,1,0
BRDA:1093,155,0,0
BRDA:1093,155,1,0
BRDA:1096,156,0,0
BRDA:1096,156,1,0
BRDA:1096,156,2,0
BRDA:1098,157,0,0
BRDA:1098,157,1,0
BRDA:1098,157,2,0
BRDA:1099,158,0,0
BRDA:1099,158,1,0
BRDA:1099,159,0,0
BRDA:1099,159,1,0
BRDA:1100,160,0,0
BRDA:1100,160,1,0
BRDA:1101,161,0,0
BRDA:1101,161,1,0
BRDA:1102,162,0,0
BRDA:1102,162,1,0
BRDA:1110,163,0,0
BRDA:1110,163,1,0
BRDA:1113,164,0,0
BRDA:1113,164,1,0
BRDA:1121,165,0,0
BRDA:1121,165,1,0
BRDA:1146,166,0,0
BRDA:1146,166,1,0
BRDA:1148,167,0,0
BRDA:1148,167,1,0
BRDA:1151,168,0,0
BRDA:1151,168,1,0
BRDA:1178,169,0,0
BRDA:1178,169,1,0
BRDA:1189,170,0,0
BRDA:1189,170,1,0
BRDA:1192,171,0,0
BRDA:1192,171,1,0
BRDA:1199,172,0,0
BRDA:1199,172,1,0
BRDA:1205,173,0,0
BRDA:1205,173,1,0
BRDA:1205,173,2,0
BRDA:1209,174,0,0
BRDA:1209,174,1,0
BRDA:1209,174,2,0
BRDA:1225,175,0,0
BRDA:1225,175,1,0
BRDA:1225,175,2,0
BRDA:1234,176,0,0
BRDA:1234,176,1,0
BRDA:1234,176,2,0
BRDA:1252,177,0,0
BRDA:1252,177,1,0
BRDA:1252,177,2,0
BRDA:1255,178,0,0
BRDA:1255,178,1,0
BRDA:1279,179,0,0
BRDA:1279,179,1,0
BRDA:1284,180,0,0
BRDA:1284,180,1,0
BRDA:1286,181,0,0
BRDA:1286,181,1,0
BRDA:1286,181,2,0
BRDA:1287,182,0,0
BRDA:1287,182,1,0
BRDA:1287,182,2,0
BRDA:1288,183,0,0
BRDA:1288,183,1,0
BRDA:1288,184,0,0
BRDA:1288,184,1,0
BRDA:1289,185,0,0
BRDA:1289,185,1,0
BRDA:1290,186,0,0
BRDA:1290,186,1,0
BRDA:1291,187,0,0
BRDA:1291,187,1,0
BRDA:1299,188,0,0
BRDA:1299,188,1,0
BRDA:1302,189,0,0
BRDA:1302,189,1,0
BRDA:1311,190,0,0
BRDA:1311,190,1,0
BRDA:1315,191,0,0
BRDA:1315,191,1,0
BRDA:1334,192,0,0
BRDA:1334,192,1,0
BRDA:1336,193,0,0
BRDA:1336,193,1,0
BRDA:1337,194,0,0
BRDA:1337,194,1,0
BRDA:1356,195,0,0
BRDA:1356,195,1,0
BRDA:1358,196,0,0
BRDA:1358,196,1,0
BRDA:1359,197,0,0
BRDA:1359,197,1,0
BRDA:1362,198,0,0
BRDA:1362,198,1,0
BRDA:1364,199,0,0
BRDA:1364,199,1,0
BRDA:1368,200,0,0
BRDA:1368,200,1,0
BRDA:1368,201,0,0
BRDA:1368,201,1,0
BRDA:1377,202,0,0
BRDA:1377,202,1,0
BRDA:1377,203,0,0
BRDA:1377,203,1,0
BRDA:1382,204,0,0
BRDA:1382,204,1,0
BRDA:1386,205,0,0
BRDA:1386,205,1,0
BRDA:1394,206,0,0
BRDA:1394,206,1,0
BRDA:1397,207,0,0
BRDA:1397,207,1,0
BRDA:1398,208,0,0
BRDA:1398,208,1,0
BRDA:1419,209,0,0
BRDA:1421,210,0,0
BRDA:1421,210,1,0
BRDA:1433,211,0,0
BRDA:1433,211,1,0
BRDA:1439,212,0,0
BRDA:1439,212,1,0
BRDA:1441,213,0,0
BRDA:1441,213,1,0
BRDA:1441,213,2,0
BRDA:1442,214,0,0
BRDA:1442,214,1,0
BRDA:1442,214,2,0
BRDA:1443,215,0,0
BRDA:1443,215,1,0
BRDA:1443,216,0,0
BRDA:1443,216,1,0
BRDA:1444,217,0,0
BRDA:1444,217,1,0
BRDA:1445,218,0,0
BRDA:1445,218,1,0
BRDA:1446,219,0,0
BRDA:1446,219,1,0
BRDA:1454,220,0,0
BRDA:1454,220,1,0
BRDA:1458,221,0,0
BRDA:1458,221,1,0
BRDA:1467,222,0,0
BRDA:1467,222,1,0
BRDA:1471,223,0,0
BRDA:1471,223,1,0
BRDA:1472,224,0,0
BRDA:1472,224,1,0
BRDA:1480,225,0,0
BRDA:1480,225,1,0
BRDA:1482,226,0,0
BRDA:1482,226,1,0
BRDA:1482,226,2,0
BRDA:1483,227,0,0
BRDA:1483,227,1,0
BRDA:1484,228,0,0
BRDA:1484,228,1,0
BRDA:1486,229,0,0
BRDA:1486,229,1,0
BRDA:1486,230,0,0
BRDA:1486,230,1,0
BRDA:1488,231,0,0
BRDA:1488,231,1,0
BRDA:1507,232,0,0
BRDA:1507,232,1,0
BRDA:1507,233,0,0
BRDA:1507,233,1,0
BRDA:1509,234,0,0
BRDA:1509,234,1,0
BRDA:1513,235,0,0
BRDA:1513,235,1,0
BRDA:1516,236,0,0
BRDA:1516,236,1,0
BRDA:1525,237,0,0
BRDA:1525,237,1,0
BRDA:1525,238,0,0
BRDA:1525,238,1,0
BRDA:1539,239,0,0
BRDA:1539,239,1,0
BRDA:1540,240,0,0
BRDA:1540,240,1,0
BRDA:1541,241,0,0
BRDA:1541,241,1,0
BRDA:1548,242,0,0
BRDA:1548,242,1,0
BRDA:1554,243,0,0
BRDA:1554,243,1,0
BRDA:1573,244,0,0
BRDA:1573,244,1,0
BRDA:1583,245,0,0
BRDA:1583,245,1,0
BRDA:1587,246,0,0
BRDA:1587,246,1,0
BRDA:1590,247,0,0
BRDA:1590,247,1,0
BRDA:1597,248,0,0
BRDA:1597,248,1,0
BRDA:1601,249,0,0
BRDA:1601,249,1,0
BRDA:1603,250,0,0
BRDA:1603,250,1,0
BRDA:1608,251,0,0
BRDA:1608,251,1,0
BRDA:1612,252,0,0
BRDA:1612,252,1,0
BRDA:1613,253,0,0
BRDA:1613,253,1,0
BRDA:1615,254,0,0
BRDA:1615,254,1,0
BRDA:1619,255,0,0
BRDA:1619,255,1,0
BRDA:1633,256,0,0
BRDA:1633,256,1,0
BRDA:1635,257,0,0
BRDA:1635,257,1,0
BRDA:1652,258,0,0
BRDA:1652,258,1,0
BRDA:1658,259,0,0
BRDA:1658,259,1,0
BRDA:1658,260,0,0
BRDA:1658,260,1,0
BRDA:1663,261,0,0
BRDA:1663,261,1,0
BRDA:1665,262,0,0
BRDA:1665,262,1,0
BRDA:1669,263,0,0
BRDA:1669,263,1,0
BRDA:1671,264,0,0
BRDA:1671,264,1,0
BRDA:1675,265,0,0
BRDA:1675,265,1,0
BRDA:1676,266,0,0
BRDA:1676,266,1,0
BRDA:1696,267,0,0
BRDA:1696,267,1,0
BRDA:1696,268,0,0
BRDA:1696,268,1,0
BRDA:1699,269,0,0
BRDA:1699,269,1,0
BRDA:1701,270,0,0
BRDA:1701,270,1,0
BRDA:1705,271,0,0
BRDA:1705,271,1,0
BRDA:1705,272,0,0
BRDA:1705,272,1,0
BRDA:1710,273,0,0
BRDA:1710,273,1,0
BRDA:1716,274,0,0
BRDA:1716,274,1,0
BRDA:1719,275,0,0
BRDA:1719,275,1,0
BRDA:1724,276,0,0
BRDA:1724,276,1,0
BRDA:1724,277,0,0
BRDA:1724,277,1,0
BRDA:1727,278,0,0
BRDA:1727,278,1,0
BRDA:1729,279,0,0
BRDA:1729,279,1,0
BRDA:1729,280,0,0
BRDA:1729,280,1,0
BRDA:1731,281,0,0
BRDA:1731,281,1,0
BRDA:1734,282,0,0
BRDA:1734,282,1,0
BRDA:1738,283,0,0
BRDA:1738,283,1,0
BRDA:1738,284,0,0
BRDA:1738,284,1,0
BRDA:1740,285,0,0
BRDA:1740,285,1,0
BRDA:1741,286,0,0
BRDA:1741,286,1,0
BRDA:1741,287,0,0
BRDA:1741,287,1,0
BRDA:1760,288,0,0
BRDA:1760,288,1,0
BRDA:1760,289,0,0
BRDA:1760,289,1,0
BRDA:1769,290,0,0
BRDA:1769,290,1,0
BRDA:1772,291,0,0
BRDA:1772,291,1,0
BRDA:1772,291,2,0
BRDA:1776,292,0,0
BRDA:1776,292,1,0
BRDA:1777,293,0,0
BRDA:1777,293,1,0
BRDA:1787,294,0,0
BRDA:1787,294,1,0
BRDA:1788,295,0,0
BRDA:1788,295,1,0
BRDA:1795,296,0,0
BRDA:1795,296,1,0
BRDA:1803,297,0,0
BRDA:1803,297,1,0
BRDA:1810,298,0,0
BRDA:1810,298,1,0
BRDA:1810,299,0,0
BRDA:1810,299,1,0
BRDA:1811,300,0,0
BRDA:1811,300,1,0
BRDA:1821,301,0,0
BRDA:1821,301,1,0
BRDA:1844,302,0,0
BRDA:1844,302,1,0
BRDA:1847,303,0,0
BRDA:1847,303,1,0
BRDA:1863,304,0,0
BRDA:1863,304,1,0
BRDA:1863,305,0,0
BRDA:1863,305,1,0
BRDA:1863,305,2,0
BRDA:1869,306,0,0
BRDA:1869,306,1,0
BRDA:1869,307,0,0
BRDA:1869,307,1,0
BRDA:1870,308,0,0
BRDA:1870,308,1,0
BRDA:1870,309,0,0
BRDA:1870,309,1,0
BRDA:1875,310,0,0
BRDA:1875,310,1,0
BRDA:1881,311,0,0
BRDA:1881,311,1,0
BRDA:1881,312,0,0
BRDA:1881,312,1,0
BRDA:1887,313,0,0
BRDA:1887,313,1,0
BRDA:1894,314,0,0
BRDA:1894,314,1,0
BRDA:1896,315,0,0
BRDA:1896,315,1,0
BRDA:1897,316,0,0
BRDA:1897,316,1,0
BRDA:1898,317,0,0
BRDA:1898,317,1,0
BRDA:1899,318,0,0
BRDA:1899,318,1,0
BRDA:1911,319,0,0
BRDA:1911,319,1,0
BRDA:1916,320,0,0
BRDA:1916,320,1,0
BRDA:1919,321,0,0
BRDA:1919,321,1,0
BRDA:1928,322,0,0
BRDA:1928,322,1,0
BRDA:1931,323,0,0
BRDA:1931,323,1,0
BRDA:1938,324,0,0
BRDA:1938,324,1,0
BRDA:1952,325,0,0
BRDA:1952,325,1,0
BRDA:1953,326,0,0
BRDA:1953,326,1,0
BRDA:1962,327,0,0
BRDA:1962,327,1,0
BRDA:1962,328,0,0
BRDA:1962,328,1,0
BRDA:1964,329,0,0
BRDA:1964,329,1,0
BRDA:1966,330,0,0
BRDA:1966,330,1,0
BRDA:1970,331,0,0
BRDA:1970,331,1,0
BRDA:1972,332,0,0
BRDA:1972,332,1,0
BRDA:1983,333,0,0
BRDA:1983,333,1,0
BRDA:2004,334,0,0
BRDA:2004,334,1,0
BRDA:2015,335,0,0
BRDA:2015,335,1,0
BRDA:2018,336,0,0
BRDA:2018,336,1,0
BRDA:2019,337,0,0
BRDA:2019,337,1,0
BRDA:2020,338,0,0
BRDA:2020,338,1,0
BRDA:2021,339,0,0
BRDA:2021,339,1,0
BRDA:2023,340,0,0
BRDA:2023,340,1,0
BRDA:2036,341,0,0
BRDA:2036,341,1,0
BRDA:2041,342,0,0
BRDA:2041,342,1,0
BRDA:2045,343,0,0
BRDA:2045,343,1,0
BRDA:2049,344,0,0
BRDA:2049,344,1,0
BRDA:2050,345,0,0
BRDA:2050,345,1,0
BRDA:2060,346,0,0
BRDA:2060,346,1,0
BRDA:2062,347,0,0
BRDA:2062,347,1,0
BRDA:2067,348,0,0
BRDA:2067,348,1,0
BRDA:2069,349,0,0
BRDA:2069,349,1,0
BRDA:2081,350,0,0
BRDA:2081,350,1,0
BRDA:2085,351,0,0
BRDA:2085,351,1,0
BRDA:2107,352,0,0
BRDA:2107,352,1,0
BRDA:2128,353,0,0
BRDA:2128,353,1,0
BRDA:2131,354,0,0
BRDA:2131,354,1,0
BRDA:2139,355,0,0
BRDA:2139,355,1,0
BRDA:2142,356,0,0
BRDA:2142,356,1,0
BRDA:2142,357,0,0
BRDA:2142,357,1,0
BRDA:2160,358,0,0
BRDA:2160,358,1,0
BRDA:2161,359,0,0
BRDA:2161,359,1,0
BRDA:2164,360,0,0
BRDA:2164,360,1,0
BRDA:2164,361,0,0
BRDA:2164,361,1,0
BRDA:2168,362,0,0
BRDA:2168,362,1,0
BRDA:2174,363,0,0
BRDA:2174,363,1,0
BRDA:2180,364,0,0
BRDA:2180,364,1,0
BRDA:2182,365,0,0
BRDA:2182,365,1,0
BRDA:2183,366,0,0
BRDA:2183,366,1,0
BRDA:2188,367,0,0
BRDA:2188,367,1,0
BRDA:2189,368,0,0
BRDA:2189,368,1,0
BRDA:2192,369,0,0
BRDA:2192,369,1,0
BRDA:2192,370,0,0
BRDA:2192,370,1,0
BRDA:2204,371,0,0
BRDA:2204,371,1,0
BRDA:2211,372,0,0
BRDA:2211,372,1,0
BRDA:2211,373,0,0
BRDA:2211,373,1,0
BRDA:2219,374,0,0
BRDA:2219,374,1,0
BRDA:2222,375,0,0
BRDA:2222,375,1,0
BRDA:2229,376,0,0
BRDA:2229,376,1,0
BRDA:2231,377,0,0
BRDA:2231,377,1,0
BRDA:2231,377,2,0
BRDA:2239,378,0,0
BRDA:2239,378,1,0
BRDA:2240,379,0,0
BRDA:2240,379,1,0
BRDA:2249,380,0,0
BRDA:2249,380,1,0
BRDA:2250,381,0,0
BRDA:2250,381,1,0
BRDA:2259,382,0,0
BRDA:2259,382,1,0
BRDA:2259,383,0,0
BRDA:2259,383,1,0
BRDA:2265,384,0,0
BRDA:2265,384,1,0
BRDA:2272,385,0,0
BRDA:2272,385,1,0
BRDA:2277,386,0,0
BRDA:2277,386,1,0
BRDA:2279,387,0,0
BRDA:2279,387,1,0
BRDA:2279,388,0,0
BRDA:2279,388,1,0
BRDA:2280,389,0,0
BRDA:2280,389,1,0
BRDA:2280,390,0,0
BRDA:2280,390,1,0
BRDA:2281,391,0,0
BRDA:2281,391,1,0
BRDA:2288,392,0,0
BRDA:2288,392,1,0
BRDA:2302,393,0,0
BRDA:2302,393,1,0
BRDA:2310,394,0,0
BRDA:2310,394,1,0
BRDA:2312,395,0,0
BRDA:2312,395,1,0
BRDA:2314,396,0,0
BRDA:2314,396,1,0
BRDA:2316,397,0,0
BRDA:2316,397,1,0
BRDA:2333,398,0,0
BRDA:2333,398,1,0
BRDA:2334,399,0,0
BRDA:2334,399,1,0
BRDA:2340,400,0,0
BRDA:2340,400,1,0
BRDA:2341,401,0,0
BRDA:2341,401,1,0
BRDA:2344,402,0,0
BRDA:2344,402,1,0
BRDA:2344,402,2,0
BRDA:2344,402,3,0
BRDA:2344,402,4,0
BRDA:2344,402,5,0
BRDA:2353,403,0,0
BRDA:2353,403,1,0
BRDA:2359,404,0,0
BRDA:2359,404,1,0
BRDA:2365,405,0,0
BRDA:2365,405,1,0
BRDA:2387,406,0,0
BRDA:2387,406,1,0
BRDA:2388,407,0,0
BRDA:2388,407,1,0
BRDA:2389,408,0,0
BRDA:2389,408,1,0
BRDA:2391,409,0,0
BRDA:2391,409,1,0
BRDA:2397,410,0,0
BRDA:2397,410,1,0
BRDA:2398,411,0,0
BRDA:2398,411,1,0
BRDA:2401,412,0,0
BRDA:2401,412,1,0
BRDA:2401,413,0,0
BRDA:2401,413,1,0
BRDA:2402,414,0,0
BRDA:2402,414,1,0
BRDA:2415,415,0,0
BRDA:2415,415,1,0
BRDA:2420,416,0,0
BRDA:2420,416,1,0
BRDA:2420,417,0,0
BRDA:2420,417,1,0
BRDA:2423,418,0,0
BRDA:2423,418,1,0
BRDA:2427,419,0,0
BRDA:2427,419,1,0
BRDA:2462,420,0,0
BRDA:2462,420,1,0
BRDA:2475,421,0,0
BRDA:2475,421,1,0
BRDA:2490,422,0,0
BRDA:2490,422,1,0
BRDA:2497,423,0,0
BRDA:2497,423,1,0
BRDA:2498,424,0,0
BRDA:2498,424,1,0
BRDA:2506,425,0,0
BRDA:2506,425,1,0
BRDA:2506,426,0,0
BRDA:2506,426,1,0
BRDA:2509,427,0,0
BRDA:2509,427,1,0
BRDA:2512,428,0,0
BRDA:2512,428,1,0
BRDA:2519,429,0,0
BRDA:2519,429,1,0
BRDA:2521,430,0,0
BRDA:2521,430,1,0
BRDA:2523,431,0,0
BRDA:2523,431,1,0
BRDA:2530,432,0,0
BRDA:2530,432,1,0
BRDA:2546,433,0,0
BRDA:2546,433,1,0
BRDA:2563,434,0,0
BRDA:2563,434,1,0
BRDA:2570,435,0,0
BRDA:2570,435,1,0
BRDA:2570,436,0,0
BRDA:2570,436,1,0
BRDA:2581,437,0,0
BRDA:2581,437,1,0
BRDA:2591,438,0,0
BRDA:2591,438,1,0
BRDA:2603,439,0,0
BRDA:2603,439,1,0
BRDA:2647,440,0,0
BRDA:2647,440,1,0
BRDA:2649,441,0,0
BRDA:2649,441,1,0
BRDA:2650,442,0,0
BRDA:2650,442,1,0
BRDA:2661,443,0,0
BRDA:2661,443,1,0
BRDA:2666,444,0,0
BRDA:2666,444,1,0
BRDA:2666,444,2,0
BRDA:2667,445,0,0
BRDA:2667,445,1,0
BRDA:2667,445,2,0
BRDA:2668,446,0,0
BRDA:2668,446,1,0
BRDA:2668,446,2,0
BRDA:2669,447,0,0
BRDA:2669,447,1,0
BRDA:2670,448,0,0
BRDA:2670,448,1,0
BRDA:2670,448,2,0
BRDA:2670,448,3,0
BRDA:2670,448,4,0
BRDA:2670,448,5,0
BRDA:2682,449,0,0
BRDA:2682,449,1,0
BRDA:2683,450,0,0
BRDA:2683,450,1,0
BRDA:2690,451,0,0
BRDA:2690,451,1,0
BRDA:2694,452,0,0
BRDA:2694,452,1,0
BRDA:2696,453,0,0
BRDA:2696,453,1,0
BRDA:2698,454,0,0
BRDA:2698,454,1,0
BRDA:2698,455,0,0
BRDA:2698,455,1,0
BRDA:2730,456,0,0
BRDA:2730,456,1,0
BRDA:2731,457,0,0
BRDA:2731,457,1,0
BRDA:2731,458,0,0
BRDA:2731,458,1,0
BRDA:2735,459,0,0
BRDA:2735,459,1,0
BRDA:2737,460,0,0
BRDA:2737,460,1,0
BRDA:2739,461,0,0
BRDA:2739,461,1,0
BRDA:2739,462,0,0
BRDA:2739,462,1,0
BRDA:2748,463,0,0
BRDA:2748,463,1,0
BRDA:2757,464,0,0
BRDA:2757,464,1,0
BRDA:2843,465,0,0
BRDA:2843,465,1,0
BRDA:2851,466,0,0
BRDA:2851,466,1,0
BRDA:2852,467,0,0
BRDA:2852,467,1,0
BRDA:2862,468,0,0
BRDA:2862,468,1,0
BRDA:2867,469,0,0
BRDA:2867,469,1,0
BRDA:2869,470,0,0
BRDA:2869,470,1,0
BRDA:2869,470,2,0
BRDA:2870,471,0,0
BRDA:2870,471,1,0
BRDA:2870,471,2,0
BRDA:2871,472,0,0
BRDA:2871,472,1,0
BRDA:2871,473,0,0
BRDA:2871,473,1,0
BRDA:2872,474,0,0
BRDA:2872,474,1,0
BRDA:2873,475,0,0
BRDA:2873,475,1,0
BRDA:2874,476,0,0
BRDA:2874,476,1,0
BRDA:2881,477,0,0
BRDA:2881,477,1,0
BRDA:2884,478,0,0
BRDA:2884,478,1,0
BRDA:2892,479,0,0
BRDA:2892,479,1,0
BRDA:2910,480,0,0
BRDA:2910,480,1,0
BRDA:2955,481,0,0
BRDA:2955,481,1,0
BRDA:2956,482,0,0
BRDA:2956,482,1,0
BRDA:2957,483,0,0
BRDA:2957,483,1,0
BRDA:2958,484,0,0
BRDA:2958,484,1,0
BRDA:2959,485,0,0
BRDA:2959,485,1,0
BRDA:2960,486,0,0
BRDA:2960,486,1,0
BRDA:2961,487,0,0
BRDA:2961,487,1,0
BRDA:2963,488,0,0
BRDA:2963,488,1,0
BRDA:2963,489,0,0
BRDA:2963,489,1,0
BRDA:2974,490,0,0
BRDA:2974,490,1,0
BRDA:2975,491,0,0
BRDA:2975,491,1,0
BRDA:2976,492,0,0
BRDA:2976,492,1,0
BRDA:2977,493,0,0
BRDA:2977,493,1,0
BRDA:2990,494,0,0
BRDA:3004,495,0,0
BRDA:3004,495,1,0
BRDA:3013,496,0,0
BRDA:3013,496,1,0
BRDA:3028,497,0,0
BRDA:3028,497,1,0
BRDA:3029,498,0,0
BRDA:3029,498,1,0
BRDA:3053,499,0,0
BRDA:3053,499,1,0
BRDA:3068,500,0,0
BRDA:3068,500,1,0
BRDA:3073,501,0,0
BRDA:3073,501,1,0
BRDA:3109,502,0,0
BRDA:3109,502,1,0
BRDA:3109,502,2,0
BRDA:3110,503,0,0
BRDA:3110,503,1,0
BRDA:3110,503,2,0
BRDA:3111,504,0,0
BRDA:3111,504,1,0
BRDA:3112,505,0,0
BRDA:3112,505,1,0
BRDA:3113,506,0,0
BRDA:3113,506,1,0
BRDA:3114,507,0,0
BRDA:3114,507,1,0
BRDA:3115,508,0,0
BRDA:3115,508,1,0
BRDA:3116,509,0,0
BRDA:3116,509,1,0
BRDA:3126,510,0,0
BRDA:3126,510,1,0
BRDA:3135,511,0,0
BRDA:3135,511,1,0
BRDA:3135,512,0,0
BRDA:3135,512,1,0
BRDA:3166,513,0,0
BRDA:3166,513,1,0
BRDA:3185,514,0,0
BRDA:3185,514,1,0
BRDA:3199,515,0,0
BRDA:3199,515,1,0
BRDA:3199,516,0,0
BRDA:3199,516,1,0
BRDA:3211,517,0,0
BRDA:3211,517,1,0
BRDA:3223,518,0,0
BRDA:3223,518,1,0
BRDA:3224,519,0,0
BRDA:3224,519,1,0
BRDA:3225,520,0,0
BRDA:3225,520,1,0
BRDA:3225,521,0,0
BRDA:3225,521,1,0
BRDA:3231,522,0,0
BRDA:3231,522,1,0
BRDA:3244,523,0,0
BRDA:3244,523,1,0
BRDA:3244,523,2,0
BRDA:3244,523,3,0
BRDA:3244,523,4,0
BRDA:3244,523,5,0
BRDA:3244,523,6,0
BRDA:3244,523,7,0
BRDA:3244,523,8,0
BRDA:3290,524,0,0
BRDA:3290,524,1,0
BRDA:3299,525,0,0
BRDA:3299,525,1,0
BRDA:3314,526,0,0
BRDA:3314,526,1,0
BRDA:3314,527,0,0
BRDA:3314,527,1,0
BRDA:3328,528,0,0
BRDA:3328,528,1,0
BRDA:3360,529,0,0
BRDA:3360,529,1,0
BRDA:3387,530,0,0
BRDA:3387,530,1,0
BRDA:3401,531,0,0
BRDA:3401,531,1,0
BRDA:3423,532,0,0
BRDA:3423,532,1,0
BRDA:3512,533,0,0
BRDA:3512,533,1,0
BRDA:3513,534,0,0
BRDA:3513,534,1,0
BRDA:3513,534,2,0
BRDA:3524,535,0,0
BRDA:3524,535,1,0
BRDA:3524,535,2,0
BRDA:3531,536,0,0
BRDA:3531,536,1,0
BRDA:3549,537,0,0
BRDA:3549,537,1,0
BRDA:3574,538,0,0
BRDA:3574,538,1,0
BRDA:3601,539,0,0
BRDA:3601,539,1,0
BRDA:3609,540,0,0
BRDA:3609,540,1,0
BRDA:3617,541,0,0
BRDA:3617,541,1,0
BRDA:3625,542,0,0
BRDA:3625,542,1,0
BRDA:3651,543,0,0
BRDA:3651,543,1,0
BRDA:3658,544,0,0
BRDA:3658,544,1,0
BRDA:3665,545,0,0
BRDA:3665,545,1,0
BRDA:3666,546,0,0
BRDA:3666,546,1,0
BRDA:3677,547,0,0
BRDA:3677,547,1,0
BRDA:3679,548,0,0
BRDA:3679,548,1,0
BRDA:3683,549,0,0
BRDA:3683,549,1,0
BRDA:3683,550,0,0
BRDA:3683,550,1,0
BRDA:3685,551,0,0
BRDA:3685,551,1,0
BRDA:3685,552,0,0
BRDA:3685,552,1,0
BRDA:3695,553,0,0
BRDA:3695,553,1,0
BRDA:3698,554,0,0
BRDA:3698,554,1,0
BRDA:3698,555,0,0
BRDA:3698,555,1,0
BRDA:3705,556,0,0
BRDA:3705,556,1,0
BRDA:3714,557,0,0
BRDA:3714,557,1,0
BRDA:3740,558,0,0
BRDA:3740,558,1,0
BRDA:3741,559,0,0
BRDA:3741,559,1,0
BRDA:3747,560,0,0
BRDA:3747,560,1,0
BRDA:3747,561,0,0
BRDA:3747,561,1,0
BRDA:3747,561,2,0
BRDA:3755,562,0,0
BRDA:3755,562,1,0
BRDA:3762,563,0,0
BRDA:3762,563,1,0
BRDA:3762,564,0,0
BRDA:3762,564,1,0
BRDA:3762,564,2,0
BRDA:3772,565,0,0
BRDA:3772,565,1,0
BRDA:3772,565,2,0
BRDA:3774,566,0,0
BRDA:3774,566,1,0
BRDA:3780,567,0,0
BRDA:3780,567,1,0
BRDA:3781,568,0,0
BRDA:3781,568,1,0
BRDA:3781,568,2,0
BRDA:3795,569,0,0
BRDA:3795,569,1,0
BRDA:3804,570,0,0
BRDA:3804,570,1,0
BRDA:3814,571,0,0
BRDA:3814,571,1,0
BRDA:3834,572,0,0
BRDA:3834,572,1,0
BRDA:3834,572,2,0
BRDA:3839,573,0,0
BRDA:3839,573,1,0
BRDA:3842,574,0,0
BRDA:3842,574,1,0
BRDA:3864,575,0,0
BRDA:3864,575,1,0
BRDA:3867,576,0,0
BRDA:3867,576,1,0
BRDA:3886,577,0,0
BRDA:3886,577,1,0
BRDA:3893,578,0,0
BRDA:3893,578,1,0
BRDA:3893,579,0,0
BRDA:3893,579,1,0
BRDA:3898,580,0,0
BRDA:3898,580,1,0
BRDA:3902,581,0,0
BRDA:3902,581,1,0
BRDA:3904,582,0,0
BRDA:3904,582,1,0
BRDA:3913,583,0,0
BRDA:3913,583,1,0
BRF:1207
BRH:0
end_of_record
TN:
SF:src\Device.js
FN:9,useIsMobile
FN:10,(anonymous_1)
FN:15,(anonymous_2)
FN:18,(anonymous_3)
FN:25,(anonymous_4)
FN:41,useWindowSize
FN:50,(anonymous_6)
FN:52,(anonymous_7)
FN:60,(anonymous_8)
FNF:9
FNH:0
FNDA:0,useIsMobile
FNDA:0,(anonymous_1)
FNDA:0,(anonymous_2)
FNDA:0,(anonymous_3)
FNDA:0,(anonymous_4)
FNDA:0,useWindowSize
FNDA:0,(anonymous_6)
FNDA:0,(anonymous_7)
FNDA:0,(anonymous_8)
DA:10,0
DA:11,0
DA:12,0
DA:15,0
DA:16,0
DA:17,0
DA:18,0
DA:19,0
DA:20,0
DA:22,0
DA:24,0
DA:25,0
DA:26,0
DA:27,0
DA:29,0
DA:34,0
DA:42,0
DA:43,0
DA:48,0
DA:50,0
DA:51,0
DA:52,0
DA:53,0
DA:58,0
DA:59,0
DA:60,0
DA:63,0
LF:27
LH:0
BRDA:9,0,0,0
BRDA:11,1,0,0
BRDA:11,1,1,0
BRDA:16,2,0,0
BRDA:16,2,1,0
BRDA:44,3,0,0
BRDA:44,3,1,0
BRDA:45,4,0,0
BRDA:45,4,1,0
BRDA:51,5,0,0
BRDA:51,5,1,0
BRF:11
BRH:0
end_of_record
TN:
SF:src\main.jsx
FN:22,(anonymous_0)
FN:39,LoadingOverlay
FN:40,(anonymous_2)
FN:43,(anonymous_3)
FN:75,Bootstrap
FN:82,(anonymous_5)
FN:84,(anonymous_6)
FN:85,(anonymous_7)
FN:92,(anonymous_8)
FN:96,(anonymous_9)
FN:98,(anonymous_10)
FN:102,(anonymous_11)
FN:105,(anonymous_12)
FN:113,(anonymous_13)
FN:115,(anonymous_14)
FN:133,(anonymous_15)
FN:143,(anonymous_16)
FN:153,(anonymous_17)
FN:161,(anonymous_18)
FN:168,(anonymous_19)
FN:178,(anonymous_20)
FNF:21
FNH:0
FNDA:0,(anonymous_0)
FNDA:0,LoadingOverlay
FNDA:0,(anonymous_2)
FNDA:0,(anonymous_3)
FNDA:0,Bootstrap
FNDA:0,(anonymous_5)
FNDA:0,(anonymous_6)
FNDA:0,(anonymous_7)
FNDA:0,(anonymous_8)
FNDA:0,(anonymous_9)
FNDA:0,(anonymous_10)
FNDA:0,(anonymous_11)
FNDA:0,(anonymous_12)
FNDA:0,(anonymous_13)
FNDA:0,(anonymous_14)
FNDA:0,(anonymous_15)
FNDA:0,(anonymous_16)
FNDA:0,(anonymous_17)
FNDA:0,(anonymous_18)
FNDA:0,(anonymous_19)
FNDA:0,(anonymous_20)
DA:13,0
DA:17,0
DA:21,0
DA:22,0
DA:23,0
DA:24,0
DA:26,0
DA:27,0
DA:28,0
DA:40,0
DA:41,0
DA:42,0
DA:43,0
DA:44,0
DA:47,0
DA:76,0
DA:77,0
DA:78,0
DA:79,0
DA:82,0
DA:83,0
DA:84,0
DA:85,0
DA:86,0
DA:87,0
DA:89,0
DA:91,0
DA:92,0
DA:96,0
DA:97,0
DA:98,0
DA:102,0
DA:103,0
DA:104,0
DA:105,0
DA:106,0
DA:107,0
DA:109,0
DA:110,0
DA:113,0
DA:114,0
DA:115,0
DA:116,0
DA:117,0
DA:119,0
DA:120,0
DA:123,0
DA:124,0
DA:128,0
DA:133,0
DA:136,0
DA:137,0
DA:139,0
DA:140,0
DA:143,0
DA:144,0
DA:146,0
DA:147,0
DA:150,0
DA:151,0
DA:152,0
DA:153,0
DA:155,0
DA:158,0
DA:161,0
DA:162,0
DA:164,0
DA:165,0
DA:168,0
DA:169,0
DA:171,0
DA:173,0
DA:174,0
DA:178,0
DA:179,0
DA:183,0
DA:194,0
DA:195,0
DA:197,0
LF:79
LH:0
BRDA:13,0,0,0
BRDA:13,0,1,0
BRDA:14,1,0,0
BRDA:14,1,1,0
BRDA:21,2,0,0
BRDA:21,2,1,0
BRDA:26,3,0,0
BRDA:26,3,1,0
BRDA:26,3,2,0
BRDA:27,4,0,0
BRDA:27,4,1,0
BRDA:39,5,0,0
BRDA:39,6,0,0
BRDA:41,7,0,0
BRDA:41,7,1,0
BRDA:87,8,0,0
BRDA:87,8,1,0
BRDA:97,9,0,0
BRDA:97,9,1,0
BRDA:114,10,0,0
BRDA:114,10,1,0
BRDA:128,11,0,0
BRDA:128,11,1,0
BRDA:128,12,0,0
BRDA:128,12,1,0
BRDA:137,13,0,0
BRDA:137,13,1,0
BRDA:144,14,0,0
BRDA:144,14,1,0
BRDA:152,15,0,0
BRDA:152,15,1,0
BRDA:155,16,0,0
BRDA:155,16,1,0
BRDA:162,17,0,0
BRDA:162,17,1,0
BRDA:164,18,0,0
BRDA:164,18,1,0
BRDA:169,19,0,0
BRDA:169,19,1,0
BRDA:174,20,0,0
BRDA:174,20,1,0
BRDA:186,21,0,0
BRDA:186,21,1,0
BRDA:195,22,0,0
BRDA:195,22,1,0
BRF:45
BRH:0
end_of_record
TN:
SF:src\supabaseClient.js
FNF:0
FNH:0
DA:6,0
DA:10,0
DA:14,0
DA:16,0
LF:4
LH:0
BRDA:6,0,0,0
BRDA:6,0,1,0
BRDA:6,0,2,0
BRDA:10,1,0,0
BRDA:10,1,1,0
BRDA:10,1,2,0
BRDA:14,2,0,0
BRDA:14,2,1,0
BRF:8
BRH:0
end_of_record
TN:
SF:src\api\message.js
FN:12,handler
FNF:1
FNH:0
FNDA:0,handler
DA:5,0
DA:6,0
DA:7,0
DA:9,0
DA:10,0
DA:13,0
DA:14,0
DA:15,0
DA:16,0
DA:17,0
DA:18,0
DA:23,0
DA:25,0
DA:26,0
DA:27,0
DA:30,0
DA:36,0
DA:37,0
DA:38,0
DA:39,0
DA:40,0
DA:43,0
DA:45,0
DA:46,0
DA:48,0
DA:50,0
DA:51,0
DA:56,0
DA:63,0
DA:66,0
DA:67,0
DA:68,0
DA:72,0
DA:74,0
DA:76,0
DA:77,0
LF:36
LH:0
BRDA:13,0,0,0
BRDA:13,0,1,0
BRDA:16,1,0,0
BRDA:16,1,1,0
BRDA:16,2,0,0
BRDA:16,2,1,0
BRDA:16,2,2,0
BRDA:16,2,3,0
BRDA:16,2,4,0
BRDA:18,3,0,0
BRDA:18,3,1,0
BRDA:19,4,0,0
BRDA:19,4,1,0
BRDA:19,4,2,0
BRDA:26,5,0,0
BRDA:26,5,1,0
BRDA:26,6,0,0
BRDA:26,6,1,0
BRDA:36,7,0,0
BRDA:36,7,1,0
BRDA:37,8,0,0
BRDA:37,8,1,0
BRDA:39,9,0,0
BRDA:39,9,1,0
BRDA:50,10,0,0
BRDA:50,10,1,0
BRDA:58,11,0,0
BRDA:58,11,1,0
BRDA:66,12,0,0
BRDA:66,12,1,0
BRF:30
BRH:0
end_of_record
TN:
SF:src\api\nonce.js
FN:9,(anonymous_0)
FN:11,handler
FNF:2
FNH:0
FNDA:0,(anonymous_0)
FNDA:0,handler
DA:5,0
DA:6,0
DA:7,0
DA:9,0
DA:13,0
DA:18,0
DA:21,0
DA:22,0
DA:23,0
DA:26,0
DA:29,0
DA:30,0
DA:33,0
DA:34,0
DA:37,0
DA:38,0
DA:39,0
DA:44,0
DA:45,0
DA:46,0
DA:48,0
DA:50,0
DA:51,0
LF:23
LH:0
BRDA:5,0,0,0
BRDA:5,0,1,0
BRDA:6,1,0,0
BRDA:6,1,1,0
BRDA:13,2,0,0
BRDA:13,2,1,0
BRDA:14,3,0,0
BRDA:14,3,1,0
BRDA:14,3,2,0
BRDA:21,4,0,0
BRDA:21,4,1,0
BRDA:21,5,0,0
BRDA:21,5,1,0
BRDA:26,6,0,0
BRDA:26,6,1,0
BRDA:29,7,0,0
BRDA:29,7,1,0
BRDA:29,8,0,0
BRDA:29,8,1,0
BRDA:30,9,0,0
BRDA:30,9,1,0
BRDA:33,10,0,0
BRDA:33,10,1,0
BRDA:44,11,0,0
BRDA:44,11,1,0
BRF:25
BRH:0
end_of_record
TN:
SF:src\app\AppCore.jsx
FN:5,AppCore
FN:55,(anonymous_1)
FN:57,(anonymous_2)
FN:68,(anonymous_3)
FN:70,(anonymous_4)
FN:109,(anonymous_5)
FN:111,(anonymous_6)
FN:124,(anonymous_7)
FN:136,(anonymous_8)
FN:142,(anonymous_9)
FN:164,(anonymous_10)
FN:180,(anonymous_11)
FN:185,(anonymous_12)
FN:189,(anonymous_13)
FN:195,(anonymous_14)
FN:196,(anonymous_15)
FNF:16
FNH:0
FNDA:0,AppCore
FNDA:0,(anonymous_1)
FNDA:0,(anonymous_2)
FNDA:0,(anonymous_3)
FNDA:0,(anonymous_4)
FNDA:0,(anonymous_5)
FNDA:0,(anonymous_6)
FNDA:0,(anonymous_7)
FNDA:0,(anonymous_8)
FNDA:0,(anonymous_9)
FNDA:0,(anonymous_10)
FNDA:0,(anonymous_11)
FNDA:0,(anonymous_12)
FNDA:0,(anonymous_13)
FNDA:0,(anonymous_14)
FNDA:0,(anonymous_15)
DA:41,0
DA:51,0
DA:52,0
DA:54,0
DA:56,0
DA:57,0
DA:58,0
DA:59,0
DA:60,0
DA:67,0
DA:69,0
DA:70,0
DA:71,0
DA:72,0
DA:73,0
DA:80,0
DA:109,0
DA:110,0
DA:111,0
DA:112,0
DA:113,0
DA:114,0
DA:115,0
DA:116,0
DA:117,0
DA:118,0
DA:119,0
DA:120,0
DA:121,0
DA:124,0
DA:125,0
DA:136,0
DA:137,0
DA:138,0
DA:139,0
DA:140,0
DA:142,0
DA:143,0
DA:144,0
DA:145,0
DA:146,0
DA:147,0
DA:148,0
DA:149,0
DA:150,0
DA:151,0
DA:155,0
DA:156,0
DA:157,0
DA:158,0
DA:159,0
DA:160,0
DA:163,0
DA:164,0
DA:165,0
DA:166,0
DA:180,0
DA:181,0
DA:185,0
DA:186,0
DA:187,0
DA:189,0
DA:190,0
DA:195,0
DA:196,0
DA:197,0
DA:198,0
DA:199,0
DA:203,0
LF:69
LH:0
BRDA:55,0,0,0
BRDA:56,1,0,0
BRDA:56,1,1,0
BRDA:68,2,0,0
BRDA:69,3,0,0
BRDA:69,3,1,0
BRDA:114,4,0,0
BRDA:114,4,1,0
BRDA:116,5,0,0
BRDA:116,5,1,0
BRDA:118,6,0,0
BRDA:118,6,1,0
BRDA:120,7,0,0
BRDA:120,7,1,0
BRDA:137,8,0,0
BRDA:137,8,1,0
BRDA:137,9,0,0
BRDA:137,9,1,0
BRDA:143,10,0,0
BRDA:143,10,1,0
BRDA:150,11,0,0
BRDA:150,11,1,0
BRDA:155,12,0,0
BRDA:155,12,1,0
BRDA:157,13,0,0
BRDA:157,13,1,0
BRDA:157,14,0,0
BRDA:157,14,1,0
BRDA:158,15,0,0
BRDA:158,15,1,0
BRDA:158,16,0,0
BRDA:158,16,1,0
BRDA:159,17,0,0
BRDA:159,17,1,0
BRDA:166,18,0,0
BRDA:166,18,1,0
BRDA:181,19,0,0
BRDA:181,19,1,0
BRDA:186,20,0,0
BRDA:186,20,1,0
BRDA:186,21,0,0
BRDA:186,21,1,0
BRDA:197,22,0,0
BRDA:197,22,1,0
BRDA:198,23,0,0
BRDA:198,23,1,0
BRF:46
BRH:0
end_of_record
TN:
SF:src\components\AdminDashboard.jsx
FN:10,(anonymous_0)
FN:16,AdminDashboard
FN:31,(anonymous_2)
FN:40,(anonymous_3)
FN:65,(anonymous_4)
FN:93,(anonymous_5)
FN:121,(anonymous_6)
FN:151,(anonymous_7)
FN:209,(anonymous_8)
FN:217,(anonymous_9)
FN:246,(anonymous_10)
FN:264,(anonymous_11)
FN:285,(anonymous_12)
FN:293,(anonymous_13)
FN:301,(anonymous_14)
FN:322,(anonymous_15)
FNF:16
FNH:0
FNDA:0,(anonymous_0)
FNDA:0,AdminDashboard
FNDA:0,(anonymous_2)
FNDA:0,(anonymous_3)
FNDA:0,(anonymous_4)
FNDA:0,(anonymous_5)
FNDA:0,(anonymous_6)
FNDA:0,(anonymous_7)
FNDA:0,(anonymous_8)
FNDA:0,(anonymous_9)
FNDA:0,(anonymous_10)
FNDA:0,(anonymous_11)
FNDA:0,(anonymous_12)
FNDA:0,(anonymous_13)
FNDA:0,(anonymous_14)
FNDA:0,(anonymous_15)
DA:10,0
DA:11,0
DA:12,0
DA:13,0
DA:17,0
DA:18,0
DA:19,0
DA:20,0
DA:21,0
DA:22,0
DA:23,0
DA:24,0
DA:25,0
DA:26,0
DA:28,0
DA:29,0
DA:31,0
DA:32,0
DA:33,0
DA:34,0
DA:37,0
DA:40,0
DA:41,0
DA:42,0
DA:43,0
DA:44,0
DA:45,0
DA:46,0
DA:47,0
DA:48,0
DA:54,0
DA:56,0
DA:58,0
DA:59,0
DA:61,0
DA:65,0
DA:66,0
DA:67,0
DA:68,0
DA:69,0
DA:74,0
DA:79,0
DA:80,0
DA:85,0
DA:87,0
DA:89,0
DA:93,0
DA:94,0
DA:95,0
DA:96,0
DA:97,0
DA:102,0
DA:107,0
DA:108,0
DA:113,0
DA:115,0
DA:117,0
DA:121,0
DA:122,0
DA:123,0
DA:124,0
DA:125,0
DA:126,0
DA:132,0
DA:137,0
DA:138,0
DA:143,0
DA:145,0
DA:147,0
DA:151,0
DA:152,0
DA:153,0
DA:154,0
DA:155,0
DA:156,0
DA:157,0
DA:162,0
DA:163,0
DA:168,0
DA:170,0
DA:172,0
DA:176,0
DA:209,0
DA:217,0
DA:247,0
DA:264,0
DA:285,0
DA:293,0
DA:301,0
DA:322,0
LF:90
LH:0
BRDA:11,0,0,0
BRDA:11,0,1,0
BRDA:31,1,0,0
BRDA:31,2,0,0
BRDA:33,3,0,0
BRDA:33,3,1,0
BRDA:124,4,0,0
BRDA:124,4,1,0
BRDA:154,5,0,0
BRDA:154,5,1,0
BRDA:182,6,0,0
BRDA:182,6,1,0
BRDA:190,7,0,0
BRDA:190,7,1,0
BRDA:194,8,0,0
BRDA:194,8,1,0
BRDA:199,9,0,0
BRDA:199,9,1,0
BRDA:225,10,0,0
BRDA:225,10,1,0
BRDA:239,11,0,0
BRDA:239,11,1,0
BRDA:250,12,0,0
BRDA:250,12,1,0
BRDA:251,13,0,0
BRDA:251,13,1,0
BRDA:272,14,0,0
BRDA:272,14,1,0
BRDA:309,15,0,0
BRDA:309,15,1,0
BRDA:330,16,0,0
BRDA:330,16,1,0
BRDA:337,17,0,0
BRDA:337,17,1,0
BRF:34
BRH:0
end_of_record
TN:
SF:src\components\BackgroundsWidget.jsx
FN:52,(anonymous_0)
FN:112,(anonymous_1)
FN:114,(anonymous_2)
FN:122,(anonymous_3)
FN:130,(anonymous_4)
FN:136,(anonymous_5)
FN:139,(anonymous_6)
FN:145,(anonymous_7)
FN:155,(anonymous_8)
FN:156,(anonymous_9)
FN:160,(anonymous_10)
FN:183,(anonymous_11)
FN:187,(anonymous_12)
FN:198,(anonymous_13)
FN:209,(anonymous_14)
FN:234,(anonymous_15)
FN:257,(anonymous_16)
FN:258,(anonymous_17)
FN:287,(anonymous_18)
FN:294,(anonymous_19)
FN:361,(anonymous_20)
FNF:21
FNH:0
FNDA:0,(anonymous_0)
FNDA:0,(anonymous_1)
FNDA:0,(anonymous_2)
FNDA:0,(anonymous_3)
FNDA:0,(anonymous_4)
FNDA:0,(anonymous_5)
FNDA:0,(anonymous_6)
FNDA:0,(anonymous_7)
FNDA:0,(anonymous_8)
FNDA:0,(anonymous_9)
FNDA:0,(anonymous_10)
FNDA:0,(anonymous_11)
FNDA:0,(anonymous_12)
FNDA:0,(anonymous_13)
FNDA:0,(anonymous_14)
FNDA:0,(anonymous_15)
FNDA:0,(anonymous_16)
FNDA:0,(anonymous_17)
FNDA:0,(anonymous_18)
FNDA:0,(anonymous_19)
FNDA:0,(anonymous_20)
DA:6,0
DA:7,0
DA:9,0
DA:11,0
DA:24,0
DA:37,0
DA:50,0
DA:52,0
DA:53,0
DA:54,0
DA:55,0
DA:56,0
DA:76,0
DA:86,0
DA:91,0
DA:96,0
DA:101,0
DA:106,0
DA:112,0
DA:114,0
DA:115,0
DA:122,0
DA:128,0
DA:130,0
DA:131,0
DA:136,0
DA:137,0
DA:138,0
DA:139,0
DA:140,0
DA:141,0
DA:143,0
DA:145,0
DA:146,0
DA:147,0
DA:149,0
DA:155,0
DA:156,0
DA:157,0
DA:158,0
DA:159,0
DA:160,0
DA:161,0
DA:162,0
DA:163,0
DA:165,0
DA:173,0
DA:183,0
DA:184,0
DA:187,0
DA:188,0
DA:192,0
DA:198,0
DA:210,0
DA:211,0
DA:212,0
DA:213,0
DA:235,0
DA:236,0
DA:237,0
DA:238,0
DA:241,0
DA:242,0
DA:245,0
DA:247,0
DA:257,0
DA:258,0
DA:287,0
DA:294,0
DA:361,0
LF:70
LH:0
BRDA:53,0,0,0
BRDA:53,0,1,0
BRDA:54,1,0,0
BRDA:54,1,1,0
BRDA:55,2,0,0
BRDA:55,2,1,0
BRDA:57,3,0,0
BRDA:57,3,1,0
BRDA:62,4,0,0
BRDA:62,4,1,0
BRDA:64,5,0,0
BRDA:64,5,1,0
BRDA:115,6,0,0
BRDA:115,6,1,0
BRDA:123,7,0,0
BRDA:124,8,0,0
BRDA:125,9,0,0
BRDA:131,10,0,0
BRDA:131,10,1,0
BRDA:137,11,0,0
BRDA:137,11,1,0
BRDA:156,12,0,0
BRDA:156,12,1,0
BRDA:161,13,0,0
BRDA:161,13,1,0
BRDA:162,14,0,0
BRDA:162,14,1,0
BRDA:163,15,0,0
BRDA:163,15,1,0
BRDA:189,16,0,0
BRDA:189,16,1,0
BRDA:197,17,0,0
BRDA:197,17,1,0
BRDA:212,18,0,0
BRDA:212,18,1,0
BRDA:212,19,0,0
BRDA:212,19,1,0
BRDA:216,20,0,0
BRDA:216,20,1,0
BRDA:216,21,0,0
BRDA:216,21,1,0
BRDA:220,22,0,0
BRDA:220,22,1,0
BRDA:223,23,0,0
BRDA:223,23,1,0
BRDA:224,24,0,0
BRDA:224,24,1,0
BRDA:235,25,0,0
BRDA:235,25,1,0
BRDA:236,26,0,0
BRDA:236,26,1,0
BRDA:237,27,0,0
BRDA:237,27,1,0
BRDA:238,28,0,0
BRDA:238,28,1,0
BRDA:241,29,0,0
BRDA:241,29,1,0
BRDA:243,30,0,0
BRDA:243,30,1,0
BRDA:243,30,2,0
BRDA:245,31,0,0
BRDA:245,31,1,0
BRDA:253,32,0,0
BRDA:253,32,1,0
BRDA:264,33,0,0
BRDA:264,33,1,0
BRDA:269,34,0,0
BRDA:269,34,1,0
BRDA:284,35,0,0
BRDA:284,35,1,0
BRF:70
BRH:0
end_of_record
TN:
SF:src\components\BlocksWidget.jsx
FN:38,(anonymous_0)
FN:87,(anonymous_1)
FN:89,(anonymous_2)
FN:95,(anonymous_3)
FN:98,(anonymous_4)
FN:104,(anonymous_5)
FN:122,(anonymous_6)
FN:126,(anonymous_7)
FN:137,(anonymous_8)
FN:148,(anonymous_9)
FN:173,(anonymous_10)
FN:184,(anonymous_11)
FN:211,(anonymous_12)
FN:218,(anonymous_13)
FN:281,(anonymous_14)
FNF:15
FNH:0
FNDA:0,(anonymous_0)
FNDA:0,(anonymous_1)
FNDA:0,(anonymous_2)
FNDA:0,(anonymous_3)
FNDA:0,(anonymous_4)
FNDA:0,(anonymous_5)
FNDA:0,(anonymous_6)
FNDA:0,(anonymous_7)
FNDA:0,(anonymous_8)
FNDA:0,(anonymous_9)
FNDA:0,(anonymous_10)
FNDA:0,(anonymous_11)
FNDA:0,(anonymous_12)
FNDA:0,(anonymous_13)
FNDA:0,(anonymous_14)
DA:6,0
DA:7,0
DA:9,0
DA:10,0
DA:12,0
DA:25,0
DA:38,0
DA:39,0
DA:40,0
DA:41,0
DA:43,0
DA:60,0
DA:71,0
DA:76,0
DA:81,0
DA:87,0
DA:88,0
DA:89,0
DA:90,0
DA:95,0
DA:96,0
DA:97,0
DA:98,0
DA:99,0
DA:100,0
DA:102,0
DA:104,0
DA:105,0
DA:106,0
DA:108,0
DA:113,0
DA:122,0
DA:123,0
DA:126,0
DA:127,0
DA:131,0
DA:137,0
DA:149,0
DA:150,0
DA:151,0
DA:152,0
DA:174,0
DA:184,0
DA:211,0
DA:218,0
DA:281,0
LF:46
LH:0
BRDA:39,0,0,0
BRDA:39,0,1,0
BRDA:41,1,0,0
BRDA:41,1,1,0
BRDA:44,2,0,0
BRDA:44,2,1,0
BRDA:90,3,0,0
BRDA:90,3,1,0
BRDA:96,4,0,0
BRDA:96,4,1,0
BRDA:128,5,0,0
BRDA:128,5,1,0
BRDA:136,6,0,0
BRDA:136,6,1,0
BRDA:151,7,0,0
BRDA:151,7,1,0
BRDA:151,8,0,0
BRDA:151,8,1,0
BRDA:155,9,0,0
BRDA:155,9,1,0
BRDA:155,10,0,0
BRDA:155,10,1,0
BRDA:159,11,0,0
BRDA:159,11,1,0
BRDA:162,12,0,0
BRDA:162,12,1,0
BRDA:163,13,0,0
BRDA:163,13,1,0
BRDA:179,14,0,0
BRDA:179,14,1,0
BRDA:189,15,0,0
BRDA:189,15,1,0
BRDA:208,16,0,0
BRDA:208,16,1,0
BRF:34
BRH:0
end_of_record
TN:
SF:src\components\CollectionBlocksGrid.BlockCard.jsx
FN:12,(anonymous_0)
FN:22,(anonymous_1)
FN:34,(anonymous_2)
FN:36,(anonymous_3)
FN:39,(anonymous_4)
FNF:5
FNH:0
FNDA:0,(anonymous_0)
FNDA:0,(anonymous_1)
FNDA:0,(anonymous_2)
FNDA:0,(anonymous_3)
FNDA:0,(anonymous_4)
DA:11,0
DA:22,0
DA:23,0
DA:24,0
DA:25,0
DA:29,0
DA:34,0
DA:37,0
DA:40,0
DA:94,0
LF:10
LH:0
BRDA:20,0,0,0
BRDA:23,1,0,0
BRDA:23,1,1,0
BRDA:23,2,0,0
BRDA:23,2,1,0
BRDA:31,3,0,0
BRDA:31,3,1,0
BRDA:37,4,0,0
BRDA:37,4,1,0
BRDA:40,5,0,0
BRDA:40,5,1,0
BRDA:68,6,0,0
BRDA:68,6,1,0
BRDA:79,7,0,0
BRDA:79,7,1,0
BRDA:81,8,0,0
BRDA:81,8,1,0
BRF:17
BRH:0
end_of_record
TN:
SF:src\components\CollectionBlocksGrid.Collection1Panel.jsx
FN:4,(anonymous_0)
FN:20,(anonymous_1)
FN:32,(anonymous_2)
FN:36,(anonymous_3)
FN:40,(anonymous_4)
FN:43,(anonymous_5)
FN:93,(anonymous_6)
FN:148,(anonymous_7)
FN:149,(anonymous_8)
FN:155,(anonymous_9)
FN:157,(anonymous_10)
FN:185,(anonymous_11)
FN:233,(anonymous_12)
FN:259,(anonymous_13)
FN:332,(anonymous_14)
FNF:15
FNH:0
FNDA:0,(anonymous_0)
FNDA:0,(anonymous_1)
FNDA:0,(anonymous_2)
FNDA:0,(anonymous_3)
FNDA:0,(anonymous_4)
FNDA:0,(anonymous_5)
FNDA:0,(anonymous_6)
FNDA:0,(anonymous_7)
FNDA:0,(anonymous_8)
FNDA:0,(anonymous_9)
FNDA:0,(anonymous_10)
FNDA:0,(anonymous_11)
FNDA:0,(anonymous_12)
FNDA:0,(anonymous_13)
FNDA:0,(anonymous_14)
DA:4,0
DA:5,0
DA:19,0
DA:31,0
DA:32,0
DA:35,0
DA:36,0
DA:40,0
DA:41,0
DA:43,0
DA:44,0
DA:47,0
DA:50,0
DA:52,0
DA:92,0
DA:93,0
DA:148,0
DA:149,0
DA:150,0
DA:152,0
DA:155,0
DA:156,0
DA:157,0
DA:171,0
DA:172,0
DA:181,0
DA:186,0
DA:234,0
DA:261,0
DA:265,0
DA:271,0
DA:334,0
DA:344,0
LF:33
LH:0
BRDA:4,0,0,0
BRDA:40,1,0,0
BRDA:41,2,0,0
BRDA:41,2,1,0
BRDA:41,3,0,0
BRDA:41,3,1,0
BRDA:44,4,0,0
BRDA:44,4,1,0
BRDA:47,5,0,0
BRDA:47,5,1,0
BRDA:50,6,0,0
BRDA:50,6,1,0
BRDA:50,7,0,0
BRDA:50,7,1,0
BRDA:55,8,0,0
BRDA:55,8,1,0
BRDA:60,9,0,0
BRDA:60,9,1,0
BRDA:61,10,0,0
BRDA:61,10,1,0
BRDA:66,11,0,0
BRDA:66,11,1,0
BRDA:69,12,0,0
BRDA:69,12,1,0
BRDA:73,13,0,0
BRDA:73,13,1,0
BRDA:75,14,0,0
BRDA:75,14,1,0
BRDA:75,15,0,0
BRDA:75,15,1,0
BRDA:77,16,0,0
BRDA:77,16,1,0
BRDA:150,17,0,0
BRDA:150,17,1,0
BRDA:156,18,0,0
BRDA:156,18,1,0
BRDA:159,19,0,0
BRDA:159,19,1,0
BRDA:164,20,0,0
BRDA:164,20,1,0
BRDA:171,21,0,0
BRDA:171,21,1,0
BRDA:171,22,0,0
BRDA:171,22,1,0
BRDA:195,23,0,0
BRDA:195,23,1,0
BRDA:243,24,0,0
BRDA:243,24,1,0
BRDA:261,25,0,0
BRDA:261,25,1,0
BRDA:262,26,0,0
BRDA:262,26,1,0
BRDA:265,27,0,0
BRDA:265,27,1,0
BRDA:265,28,0,0
BRDA:265,28,1,0
BRDA:287,29,0,0
BRDA:287,29,1,0
BRDA:302,30,0,0
BRDA:302,30,1,0
BRDA:317,31,0,0
BRDA:317,31,1,0
BRDA:319,32,0,0
BRDA:319,32,1,0
BRDA:335,33,0,0
BRDA:335,33,1,0
BRDA:335,33,2,0
BRDA:335,33,3,0
BRDA:335,33,4,0
BRF:69
BRH:0
end_of_record
TN:
SF:src\components\CollectionBlocksGrid.Collection2Panel.jsx
FN:5,(anonymous_0)
FN:21,(anonymous_1)
FN:33,(anonymous_2)
FN:38,(anonymous_3)
FN:51,(anonymous_4)
FN:56,(anonymous_5)
FN:59,(anonymous_6)
FN:62,(anonymous_7)
FN:106,(anonymous_8)
FN:113,(anonymous_9)
FN:118,(anonymous_10)
FN:119,(anonymous_11)
FN:132,(anonymous_12)
FN:136,(anonymous_13)
FN:136,(anonymous_14)
FN:151,(anonymous_15)
FN:285,(anonymous_16)
FNF:17
FNH:0
FNDA:0,(anonymous_0)
FNDA:0,(anonymous_1)
FNDA:0,(anonymous_2)
FNDA:0,(anonymous_3)
FNDA:0,(anonymous_4)
FNDA:0,(anonymous_5)
FNDA:0,(anonymous_6)
FNDA:0,(anonymous_7)
FNDA:0,(anonymous_8)
FNDA:0,(anonymous_9)
FNDA:0,(anonymous_10)
FNDA:0,(anonymous_11)
FNDA:0,(anonymous_12)
FNDA:0,(anonymous_13)
FNDA:0,(anonymous_14)
FNDA:0,(anonymous_15)
FNDA:0,(anonymous_16)
DA:5,0
DA:6,0
DA:20,0
DA:33,0
DA:34,0
DA:35,0
DA:38,0
DA:39,0
DA:40,0
DA:46,0
DA:49,0
DA:51,0
DA:52,0
DA:53,0
DA:56,0
DA:57,0
DA:58,0
DA:59,0
DA:60,0
DA:61,0
DA:63,0
DA:65,0
DA:68,0
DA:69,0
DA:78,0
DA:106,0
DA:114,0
DA:118,0
DA:120,0
DA:133,0
DA:136,0
DA:137,0
DA:151,0
DA:287,0
DA:298,0
LF:35
LH:0
BRDA:5,0,0,0
BRDA:34,1,0,0
BRDA:34,1,1,0
BRDA:39,2,0,0
BRDA:39,2,1,0
BRDA:46,3,0,0
BRDA:46,3,1,0
BRDA:46,3,2,0
BRDA:52,4,0,0
BRDA:52,4,1,0
BRDA:53,5,0,0
BRDA:53,5,1,0
BRDA:57,6,0,0
BRDA:57,6,1,0
BRDA:58,7,0,0
BRDA:58,7,1,0
BRDA:58,8,0,0
BRDA:58,8,1,0
BRDA:59,9,0,0
BRDA:59,9,1,0
BRDA:68,10,0,0
BRDA:68,10,1,0
BRDA:68,11,0,0
BRDA:68,11,1,0
BRDA:114,12,0,0
BRDA:114,12,1,0
BRDA:121,13,0,0
BRDA:121,13,1,0
BRDA:133,14,0,0
BRDA:133,14,1,0
BRDA:176,15,0,0
BRDA:176,15,1,0
BRDA:211,16,0,0
BRDA:211,16,1,0
BRDA:219,17,0,0
BRDA:219,17,1,0
BRDA:232,18,0,0
BRDA:232,18,1,0
BRDA:237,19,0,0
BRDA:237,19,1,0
BRDA:256,20,0,0
BRDA:256,20,1,0
BRDA:288,21,0,0
BRDA:288,21,1,0
BRDA:288,21,2,0
BRDA:288,21,3,0
BRDA:288,21,4,0
BRDA:288,21,5,0
BRF:48
BRH:0
end_of_record
TN:
SF:src\components\CollectionBlocksGrid.FutureCollectionsModal.jsx
FN:9,(anonymous_0)
FN:12,(anonymous_1)
FN:13,(anonymous_2)
FN:109,(anonymous_3)
FN:120,(anonymous_4)
FN:161,(anonymous_5)
FNF:6
FNH:0
FNDA:0,(anonymous_0)
FNDA:0,(anonymous_1)
FNDA:0,(anonymous_2)
FNDA:0,(anonymous_3)
FNDA:0,(anonymous_4)
FNDA:0,(anonymous_5)
DA:8,0
DA:10,0
DA:12,0
DA:13,0
DA:15,0
DA:46,0
DA:49,0
DA:56,0
DA:110,0
DA:121,0
DA:162,0
DA:169,0
LF:12
LH:0
BRDA:10,0,0,0
BRDA:10,0,1,0
BRDA:46,1,0,0
BRDA:46,1,1,0
BRDA:46,2,0,0
BRDA:46,2,1,0
BRDA:49,3,0,0
BRDA:49,3,1,0
BRDA:98,4,0,0
BRDA:98,4,1,0
BRDA:102,5,0,0
BRDA:102,5,1,0
BRDA:106,6,0,0
BRDA:106,6,1,0
BRDA:108,7,0,0
BRDA:108,7,1,0
BRDA:163,8,0,0
BRDA:163,8,1,0
BRF:18
BRH:0
end_of_record
TN:
SF:src\components\CollectionBlocksGrid.InfoPanel.jsx
FN:10,(anonymous_0)
FN:43,(anonymous_1)
FN:65,(anonymous_2)
FN:66,(anonymous_3)
FNF:4
FNH:0
FNDA:0,(anonymous_0)
FNDA:0,(anonymous_1)
FNDA:0,(anonymous_2)
FNDA:0,(anonymous_3)
DA:9,0
DA:11,0
DA:13,0
DA:44,0
DA:65,0
DA:67,0
DA:92,0
LF:7
LH:0
BRDA:11,0,0,0
BRDA:11,0,1,0
BRDA:72,1,0,0
BRDA:72,1,1,0
BRF:4
BRH:0
end_of_record
TN:
SF:src\components\CollectionBlocksGrid.constants.js
FNF:0
FNH:0
DA:7,0
DA:8,0
DA:11,0
DA:12,0
DA:13,0
DA:16,0
DA:26,0
DA:33,0
DA:41,0
DA:42,0
DA:43,0
DA:46,0
DA:54,0
DA:80,0
DA:88,0
[...]
BRF:84
BRH:0
end_of_record
TN:
SF:src\utils\shared.js
FN:32,(anonymous_0)
FN:51,walletCacheKey
FN:58,loadWalletCache
FN:74,saveWalletCache
FN:84,getSafeDeployBlock
FN:92,queryLogsBatched
FN:155,mapLimit
FN:160,(anonymous_7)
FNF:8
FNH:0
FNDA:0,(anonymous_0)
FNDA:0,walletCacheKey
FNDA:0,loadWalletCache
FNDA:0,saveWalletCache
FNDA:0,getSafeDeployBlock
FNDA:0,queryLogsBatched
FNDA:0,mapLimit
FNDA:0,(anonymous_7)
DA:3,0
DA:15,0
DA:27,0
DA:30,0
DA:31,0
DA:32,0
DA:33,0
DA:34,0
DA:39,0
DA:40,0
DA:45,0
DA:47,0
DA:48,0
DA:49,0
DA:52,0
DA:53,0
DA:54,0
DA:55,0
DA:59,0
DA:60,0
DA:61,0
DA:62,0
DA:63,0
DA:64,0
DA:66,0
DA:67,0
DA:68,0
DA:70,0
DA:75,0
DA:76,0
DA:77,0
DA:78,0
DA:85,0
DA:86,0
DA:87,0
DA:88,0
DA:89,0
DA:99,0
DA:100,0
DA:101,0
DA:102,0
DA:103,0
DA:104,0
DA:105,0
DA:106,0
DA:107,0
DA:108,0
DA:110,0
DA:111,0
DA:112,0
DA:113,0
DA:114,0
DA:115,0
DA:116,0
DA:120,0
DA:121,0
DA:122,0
DA:124,0
DA:127,0
DA:130,0
DA:131,0
DA:132,0
DA:133,0
DA:134,0
DA:135,0
DA:136,0
DA:138,0
DA:140,0
DA:141,0
DA:142,0
DA:145,0
DA:148,0
DA:156,0
DA:157,0
DA:158,0
DA:161,0
DA:162,0
DA:163,0
DA:166,0
DA:167,0
LF:80
LH:0
BRDA:34,0,0,0
BRDA:34,0,1,0
BRDA:35,1,0,0
BRDA:35,1,1,0
BRDA:35,1,2,0
BRDA:40,2,0,0
BRDA:40,2,1,0
BRDA:40,3,0,0
BRDA:40,3,1,0
BRDA:52,4,0,0
BRDA:52,4,1,0
BRDA:53,5,0,0
BRDA:53,5,1,0
BRDA:54,6,0,0
BRDA:54,6,1,0
BRDA:58,7,0,0
BRDA:60,8,0,0
BRDA:60,8,1,0
BRDA:60,9,0,0
BRDA:60,9,1,0
BRDA:62,10,0,0
BRDA:62,10,1,0
BRDA:64,11,0,0
BRDA:64,11,1,0
BRDA:64,12,0,0
BRDA:64,12,1,0
BRDA:66,13,0,0
BRDA:66,13,1,0
BRDA:67,14,0,0
BRDA:67,14,1,0
BRDA:67,15,0,0
BRDA:67,15,1,0
BRDA:68,16,0,0
BRDA:68,16,1,0
BRDA:76,17,0,0
BRDA:76,17,1,0
BRDA:76,18,0,0
BRDA:76,18,1,0
BRDA:85,19,0,0
BRDA:85,19,1,0
BRDA:87,20,0,0
BRDA:87,20,1,0
BRDA:87,21,0,0
BRDA:87,21,1,0
BRDA:97,22,0,0
BRDA:106,23,0,0
BRDA:106,23,1,0
BRDA:110,24,0,0
BRDA:110,24,1,0
BRDA:111,25,0,0
BRDA:111,25,1,0
BRDA:111,25,2,0
BRDA:112,26,0,0
BRDA:112,26,1,0
BRDA:113,27,0,0
BRDA:113,27,1,0
BRDA:114,28,0,0
BRDA:114,28,1,0
BRDA:124,29,0,0
BRDA:124,29,1,0
BRDA:127,30,0,0
BRDA:127,30,1,0
BRDA:127,31,0,0
BRDA:127,31,1,0
BRDA:130,32,0,0
BRDA:130,32,1,0
BRDA:132,33,0,0
BRDA:132,33,1,0
BRDA:132,34,0,0
BRDA:132,34,1,0
BRDA:140,35,0,0
BRDA:140,35,1,0
BRF:72
BRH:0
end_of_record
TN:
SF:src\utils\tokenMeta.js
FN:6,refreshTokenMeta
FN:51,(anonymous_1)
FN:52,(anonymous_2)
FN:53,(anonymous_3)
FN:54,(anonymous_4)
FN:55,(anonymous_5)
FN:56,(anonymous_6)
FN:57,(anonymous_7)
FN:58,(anonymous_8)
FN:73,(anonymous_9)
FN:95,(anonymous_10)
FN:98,(anonymous_11)
FN:208,(anonymous_12)
FNF:13
FNH:0
FNDA:0,refreshTokenMeta
FNDA:0,(anonymous_1)
FNDA:0,(anonymous_2)
FNDA:0,(anonymous_3)
FNDA:0,(anonymous_4)
FNDA:0,(anonymous_5)
FNDA:0,(anonymous_6)
FNDA:0,(anonymous_7)
FNDA:0,(anonymous_8)
FNDA:0,(anonymous_9)
FNDA:0,(anonymous_10)
FNDA:0,(anonymous_11)
FNDA:0,(anonymous_12)
DA:13,0
DA:16,0
DA:27,0
DA:28,0
DA:32,0
DA:33,0
DA:39,0
DA:41,0
DA:42,0
DA:43,0
DA:44,0
DA:45,0
DA:46,0
DA:47,0
DA:48,0
DA:49,0
DA:50,0
DA:51,0
DA:52,0
DA:53,0
DA:54,0
DA:55,0
DA:56,0
DA:57,0
DA:58,0
DA:60,0
DA:61,0
DA:62,0
DA:63,0
DA:64,0
DA:65,0
DA:66,0
DA:67,0
DA:73,0
DA:93,0
DA:94,0
DA:95,0
DA:96,0
DA:98,0
DA:208,0
LF:40
LH:0
BRDA:16,0,0,0
BRDA:16,0,1,0
BRDA:16,0,2,0
BRDA:16,0,3,0
BRDA:27,1,0,0
BRDA:27,1,1,0
BRDA:60,2,0,0
BRDA:60,2,1,0
BRDA:61,3,0,0
BRDA:61,3,1,0
BRDA:62,4,0,0
BRDA:62,4,1,0
BRDA:63,5,0,0
BRDA:63,5,1,0
BRDA:64,6,0,0
BRDA:64,6,1,0
BRDA:65,7,0,0
BRDA:65,7,1,0
BRDA:66,8,0,0
BRDA:66,8,1,0
BRDA:68,9,0,0
BRDA:68,9,1,0
BRDA:68,10,0,0
BRDA:68,10,1,0
BRDA:77,11,0,0
BRDA:77,11,1,0
BRDA:78,12,0,0
BRDA:78,12,1,0
BRDA:79,13,0,0
BRDA:79,13,1,0
BRDA:81,14,0,0
BRDA:81,14,1,0
BRDA:82,15,0,0
BRDA:82,15,1,0
BRDA:83,16,0,0
BRDA:83,16,1,0
BRDA:84,17,0,0
BRDA:84,17,1,0
BRDA:95,18,0,0
BRDA:95,18,1,0
BRDA:102,19,0,0
BRDA:102,19,1,0
BRDA:103,20,0,0
BRDA:103,20,1,0
BRDA:104,21,0,0
BRDA:104,21,1,0
BRDA:105,22,0,0
BRDA:105,22,1,0
BRDA:106,23,0,0
BRDA:106,23,1,0
BRDA:107,24,0,0
BRDA:107,24,1,0
BRDA:108,25,0,0
BRDA:108,25,1,0
BRDA:108,25,2,0
BRDA:109,26,0,0
BRDA:109,26,1,0
BRDA:110,27,0,0
BRDA:110,27,1,0
BRDA:112,28,0,0
BRDA:112,28,1,0
BRDA:114,29,0,0
BRDA:114,29,1,0
BRDA:116,30,0,0
BRDA:116,30,1,0
BRDA:116,30,2,0
BRDA:120,31,0,0
BRDA:120,31,1,0
BRDA:121,32,0,0
BRDA:121,32,1,0
BRDA:125,33,0,0
BRDA:125,33,1,0
BRDA:125,33,2,0
BRDA:126,34,0,0
BRDA:126,34,1,0
BRDA:127,35,0,0
BRDA:127,35,1,0
BRDA:128,36,0,0
BRDA:128,36,1,0
BRDA:129,37,0,0
BRDA:129,37,1,0
BRDA:130,38,0,0
BRDA:130,38,1,0
BRDA:132,39,0,0
BRDA:132,39,1,0
BRDA:134,40,0,0
BRDA:134,40,1,0
BRDA:138,41,0,0
BRDA:138,41,1,0
BRDA:140,42,0,0
BRDA:140,42,1,0
BRDA:142,43,0,0
BRDA:142,43,1,0
BRDA:144,44,0,0
BRDA:144,44,1,0
BRDA:145,45,0,0
BRDA:145,45,1,0
BRDA:146,46,0,0
BRDA:146,46,1,0
BRDA:147,47,0,0
BRDA:147,47,1,0
BRDA:149,48,0,0
BRDA:149,48,1,0
BRDA:151,49,0,0
BRDA:151,49,1,0
BRDA:154,50,0,0
BRDA:154,50,1,0
BRDA:160,51,0,0
BRDA:160,51,1,0
BRDA:160,51,2,0
BRDA:161,52,0,0
BRDA:161,52,1,0
BRDA:162,53,0,0
BRDA:162,53,1,0
BRDA:164,54,0,0
BRDA:164,54,1,0
BRDA:166,55,0,0
BRDA:166,55,1,0
BRDA:168,56,0,0
BRDA:168,56,1,0
BRDA:170,57,0,0
BRDA:170,57,1,0
BRDA:171,58,0,0
BRDA:171,58,1,0
BRDA:173,59,0,0
BRDA:173,59,1,0
BRDA:173,59,2,0
BRDA:175,60,0,0
BRDA:175,60,1,0
BRDA:175,60,2,0
BRDA:177,61,0,0
BRDA:177,61,1,0
BRDA:177,61,2,0
BRDA:178,62,0,0
BRDA:178,62,1,0
BRDA:178,62,2,0
BRDA:183,63,0,0
BRDA:183,63,1,0
BRDA:183,63,2,0
BRDA:184,64,0,0
BRDA:184,64,1,0
BRDA:185,65,0,0
BRDA:185,65,1,0
BRDA:186,66,0,0
BRDA:186,66,1,0
BRDA:188,67,0,0
BRDA:188,67,1,0
BRDA:189,68,0,0
BRDA:189,68,1,0
BRDA:190,69,0,0
BRDA:190,69,1,0
BRDA:191,70,0,0
BRDA:191,70,1,0
BRDA:193,71,0,0
BRDA:193,71,1,0
BRDA:194,72,0,0
BRDA:194,72,1,0
BRDA:199,73,0,0
BRDA:199,73,1,0
BRDA:201,74,0,0
BRDA:201,74,1,0
BRDA:203,75,0,0
BRDA:203,75,1,0
BRDA:206,76,0,0
BRDA:206,76,1,0
BRDA:207,77,0,0
BRDA:207,77,1,0
BRDA:211,78,0,0
BRDA:211,78,1,0
BRDA:215,79,0,0
BRDA:215,79,1,0
BRDA:219,80,0,0
BRDA:219,80,1,0
BRDA:223,81,0,0
BRDA:223,81,1,0
BRDA:226,82,0,0
BRDA:226,82,1,0
BRDA:227,83,0,0
BRDA:227,83,1,0
BRDA:227,83,2,0
BRDA:229,84,0,0
BRDA:229,84,1,0
BRDA:232,85,0,0
BRDA:232,85,1,0
BRF:184
BRH:0
end_of_record
TN:
SF:src\utils\tokenRefreshers.js
FN:331,refreshRouterInfo
FN:338,(anonymous_1)
FN:353,refreshLiquidityPreview
FN:359,(anonymous_3)
FN:360,(anonymous_4)
FN:373,refreshBuybackInfo
FN:392,(anonymous_6)
FN:393,(anonymous_7)
FN:394,(anonymous_8)
FN:395,(anonymous_9)
FN:396,(anonymous_10)
FN:397,(anonymous_11)
FN:398,(anonymous_12)
FN:399,(anonymous_13)
FN:400,(anonymous_14)
FN:401,(anonymous_15)
FN:414,(anonymous_16)
FN:424,(anonymous_17)
FN:444,fetchReserveInfo
FN:477,(anonymous_19)
FN:478,(anonymous_20)
FN:479,(anonymous_21)
FN:480,(anonymous_22)
FN:481,(anonymous_23)
FN:482,(anonymous_24)
FN:496,(anonymous_25)
FN:504,fetchTreasuryInfo
FN:595,(anonymous_27)
FN:603,refreshRewards
FN:611,(anonymous_29)
FN:612,(anonymous_30)
FN:634,(anonymous_31)
FN:644,(anonymous_32)
FNF:33
FNH:0
FNDA:0,refreshRouterInfo
FNDA:0,(anonymous_1)
FNDA:0,refreshLiquidityPreview
FNDA:0,(anonymous_3)
FNDA:0,(anonymous_4)
FNDA:0,refreshBuybackInfo
FNDA:0,(anonymous_6)
FNDA:0,(anonymous_7)
FNDA:0,(anonymous_8)
FNDA:0,(anonymous_9)
FNDA:0,(anonymous_10)
FNDA:0,(anonymous_11)
FNDA:0,(anonymous_12)
FNDA:0,(anonymous_13)
FNDA:0,(anonymous_14)
FNDA:0,(anonymous_15)
FNDA:0,(anonymous_16)
FNDA:0,(anonymous_17)
FNDA:0,fetchReserveInfo
FNDA:0,(anonymous_19)
FNDA:0,(anonymous_20)
FNDA:0,(anonymous_21)
FNDA:0,(anonymous_22)
FNDA:0,(anonymous_23)
FNDA:0,(anonymous_24)
FNDA:0,(anonymous_25)
FNDA:0,fetchTreasuryInfo
FNDA:0,(anonymous_27)
FNDA:0,refreshRewards
FNDA:0,(anonymous_29)
FNDA:0,(anonymous_30)
FNDA:0,(anonymous_31)
FNDA:0,(anonymous_32)
DA:5,0
DA:336,0
DA:337,0
DA:338,0
DA:346,0
DA:347,0
DA:357,0
DA:358,0
DA:359,0
DA:360,0
DA:379,0
DA:391,0
DA:392,0
DA:393,0
DA:394,0
DA:395,0
DA:396,0
DA:397,0
DA:398,0
DA:399,0
DA:400,0
DA:401,0
DA:404,0
DA:405,0
DA:406,0
DA:407,0
DA:408,0
DA:412,0
DA:413,0
DA:414,0
DA:415,0
DA:416,0
DA:417,0
DA:418,0
DA:424,0
DA:451,0
DA:452,0
DA:454,0
DA:459,0
DA:460,0
DA:463,0
DA:476,0
DA:477,0
DA:478,0
DA:479,0
DA:480,0
DA:481,0
DA:482,0
DA:485,0
DA:496,0
DA:501,0
DA:510,0
DA:511,0
DA:514,0
DA:517,0
DA:523,0
DA:524,0
DA:525,0
DA:526,0
DA:527,0
DA:528,0
DA:529,0
DA:531,0
DA:532,0
DA:533,0
DA:534,0
DA:535,0
DA:536,0
DA:537,0
DA:538,0
DA:539,0
DA:540,0
DA:541,0
DA:543,0
DA:549,0
DA:553,0
DA:554,0
DA:555,0
DA:556,0
DA:557,0
DA:563,0
DA:564,0
DA:565,0
DA:571,0
DA:572,0
DA:573,0
DA:574,0
DA:575,0
DA:576,0
DA:577,0
DA:583,0
DA:595,0
DA:600,0
DA:608,0
DA:610,0
DA:611,0
DA:612,0
DA:617,0
DA:618,0
DA:619,0
DA:620,0
DA:621,0
DA:622,0
DA:623,0
DA:629,0
DA:630,0
DA:631,0
DA:632,0
DA:633,0
DA:634,0
DA:644,0
LF:111
LH:0
BRDA:343,0,0,0
BRDA:343,0,1,0
BRDA:359,1,0,0
BRDA:359,1,1,0
BRDA:365,2,0,0
BRDA:365,2,1,0
BRDA:415,3,0,0
BRDA:415,3,1,0
BRDA:427,4,0,0
BRDA:427,4,1,0
BRDA:427,4,2,0
BRDA:428,5,0,0
BRDA:428,5,1,0
BRDA:428,5,2,0
BRDA:429,6,0,0
BRDA:429,6,1,0
BRDA:430,7,0,0
BRDA:430,7,1,0
BRDA:431,8,0,0
BRDA:431,8,1,0
BRDA:432,9,0,0
BRDA:432,9,1,0
BRDA:433,10,0,0
BRDA:433,10,1,0
BRDA:434,11,0,0
BRDA:434,11,1,0
BRDA:436,12,0,0
BRDA:436,12,1,0
BRDA:437,13,0,0
BRDA:437,13,1,0
BRDA:438,14,0,0
BRDA:438,14,1,0
BRDA:439,15,0,0
BRDA:439,15,1,0
BRDA:451,16,0,0
BRDA:451,16,1,0
BRDA:459,17,0,0
BRDA:459,17,1,0
BRDA:459,18,0,0
BRDA:459,18,1,0
BRDA:488,19,0,0
BRDA:488,19,1,0
BRDA:514,20,0,0
BRDA:514,20,1,0
BRDA:529,21,0,0
BRDA:529,21,1,0
BRDA:531,22,0,0
BRDA:531,22,1,0
BRDA:543,23,0,0
BRDA:543,23,1,0
BRDA:549,24,0,0
BRDA:549,24,1,0
BRDA:550,25,0,0
BRDA:550,25,1,0
BRDA:550,25,2,0
BRDA:554,26,0,0
BRDA:554,26,1,0
BRDA:574,27,0,0
BRDA:574,27,1,0
BRDA:575,28,0,0
BRDA:575,28,1,0
BRDA:576,29,0,0
BRDA:576,29,1,0
BRDA:576,30,0,0
BRDA:576,30,1,0
BRDA:584,31,0,0
BRDA:584,31,1,0
BRDA:597,32,0,0
BRDA:597,32,1,0
BRDA:606,33,0,0
BRDA:620,34,0,0
BRDA:620,34,1,0
BRDA:631,35,0,0
BRDA:631,35,1,0
BRDA:648,36,0,0
BRDA:648,36,1,0
BRDA:649,37,0,0
BRDA:649,37,1,0
BRF:78
BRH:0
end_of_record
TN:
SF:src\utils\tokenomicsFullStatus.js
FN:21,pickRevertData
FN:34,decodeTokenomicsFullStatus
FN:59,getFullStatusSafe
FNF:3
FNH:0
FNDA:0,pickRevertData
FNDA:0,decodeTokenomicsFullStatus
FNDA:0,getFullStatusSafe
DA:3,0
DA:12,0
DA:22,0
DA:28,0
DA:29,0
DA:31,0
DA:35,0
DA:41,0
DA:42,0
DA:43,0
DA:44,0
DA:48,0
DA:49,0
DA:51,0
DA:60,0
DA:61,0
DA:65,0
DA:66,0
DA:68,0
DA:69,0
DA:70,0
DA:71,0
LF:22
LH:0
BRDA:29,0,0,0
BRDA:29,0,1,0
BRDA:29,1,0,0
BRDA:29,1,1,0
BRDA:29,1,2,0
BRDA:35,2,0,0
BRDA:35,2,1,0
BRDA:36,3,0,0
BRDA:36,3,1,0
BRDA:36,3,2,0
BRDA:36,3,3,0
BRDA:60,4,0,0
BRDA:60,4,1,0
BRDA:60,5,0,0
BRDA:60,5,1,0
BRDA:70,6,0,0
BRDA:70,6,1,0
BRF:17
BRH:0
end_of_record
TN:
SF:src\utils\vrf.js
FN:6,buildVRFHistory
FN:26,(anonymous_1)
FN:69,(anonymous_2)
FN:73,resolvePendingFromHistoryOrOwnership
FN:98,(anonymous_4)
FN:111,refreshVRFPanel
FN:124,(anonymous_6)
FN:125,(anonymous_7)
FN:126,(anonymous_8)
FN:127,(anonymous_9)
FN:128,(anonymous_10)
FN:155,(anonymous_11)
FN:178,(anonymous_12)
FN:213,checkVrfResolution
FN:256,(anonymous_14)
FN:263,openVrfExplorer
FN:267,(anonymous_16)
FNF:17
FNH:0
FNDA:0,buildVRFHistory
FNDA:0,(anonymous_1)
FNDA:0,(anonymous_2)
FNDA:0,resolvePendingFromHistoryOrOwnership
FNDA:0,(anonymous_4)
FNDA:0,refreshVRFPanel
FNDA:0,(anonymous_6)
FNDA:0,(anonymous_7)
FNDA:0,(anonymous_8)
FNDA:0,(anonymous_9)
FNDA:0,(anonymous_10)
FNDA:0,(anonymous_11)
FNDA:0,(anonymous_12)
FNDA:0,checkVrfResolution
FNDA:0,(anonymous_14)
FNDA:0,openVrfExplorer
FNDA:0,(anonymous_16)
DA:7,0
DA:8,0
DA:13,0
DA:20,0
DA:26,0
DA:27,0
DA:28,0
DA:31,0
DA:32,0
DA:33,0
DA:34,0
DA:35,0
DA:43,0
DA:44,0
DA:45,0
DA:46,0
DA:48,0
DA:49,0
DA:50,0
DA:51,0
DA:52,0
DA:57,0
DA:69,0
DA:70,0
DA:74,0
DA:76,0
DA:77,0
DA:78,0
DA:79,0
DA:85,0
DA:86,0
DA:87,0
DA:88,0
DA:89,0
DA:90,0
DA:96,0
DA:97,0
DA:98,0
DA:99,0
DA:104,0
DA:106,0
DA:107,0
DA:116,0
DA:117,0
DA:118,0
DA:120,0
DA:121,0
DA:122,0
DA:123,0
DA:124,0
DA:125,0
DA:126,0
DA:127,0
DA:128,0
DA:130,0
DA:136,0
DA:141,0
DA:149,0
DA:151,0
DA:152,0
DA:153,0
DA:155,0
DA:156,0
DA:158,0
DA:160,0
DA:161,0
DA:162,0
DA:163,0
DA:164,0
DA:165,0
DA:169,0
DA:177,0
DA:178,0
DA:179,0
DA:180,0
DA:189,0
DA:193,0
DA:197,0
DA:209,0
DA:226,0
DA:227,0
DA:228,0
DA:230,0
DA:231,0
DA:232,0
DA:234,0
DA:237,0
DA:241,0
DA:245,0
DA:246,0
DA:247,0
DA:248,0
DA:249,0
DA:250,0
DA:251,0
DA:252,0
DA:253,0
DA:254,0
DA:256,0
DA:267,0
DA:268,0
DA:269,0
DA:270,0
DA:271,0
DA:272,0
DA:273,0
DA:274,0
LF:107
LH:0
BRDA:27,0,0,0
BRDA:27,0,1,0
BRDA:27,1,0,0
BRDA:27,1,1,0
BRDA:27,1,2,0
BRDA:33,2,0,0
BRDA:33,2,1,0
BRDA:33,3,0,0
BRDA:33,3,1,0
BRDA:34,4,0,0
BRDA:34,4,1,0
BRDA:34,5,0,0
BRDA:34,5,1,0
BRDA:39,6,0,0
BRDA:39,6,1,0
BRDA:45,7,0,0
BRDA:45,7,1,0
BRDA:45,8,0,0
BRDA:45,8,1,0
BRDA:51,9,0,0
BRDA:51,9,1,0
BRDA:60,10,0,0
BRDA:60,10,1,0
BRDA:62,11,0,0
BRDA:62,11,1,0
BRDA:63,12,0,0
BRDA:63,12,1,0
BRDA:64,13,0,0
BRDA:64,13,1,0
BRDA:65,14,0,0
BRDA:65,14,1,0
BRDA:74,15,0,0
BRDA:74,15,1,0
BRDA:87,16,0,0
BRDA:87,16,1,0
BRDA:90,17,0,0
BRDA:90,17,1,0
BRDA:99,18,0,0
BRDA:99,18,1,0
BRDA:128,19,0,0
BRDA:128,19,1,0
BRDA:131,20,0,0
BRDA:131,20,1,0
BRDA:132,21,0,0
BRDA:132,21,1,0
BRDA:133,22,0,0
BRDA:133,22,1,0
BRDA:134,23,0,0
BRDA:134,23,1,0
BRDA:136,24,0,0
BRDA:136,24,1,0
BRDA:151,25,0,0
BRDA:151,25,1,0
BRDA:156,26,0,0
BRDA:156,26,1,0
BRDA:160,27,0,0
BRDA:160,27,1,0
BRDA:164,28,0,0
BRDA:164,28,1,0
BRDA:165,29,0,0
BRDA:165,29,1,0
BRDA:177,30,0,0
BRDA:177,30,1,0
BRDA:179,31,0,0
BRDA:179,31,1,0
BRDA:184,32,0,0
BRDA:184,32,1,0
BRDA:186,33,0,0
BRDA:186,33,1,0
BRDA:198,34,0,0
BRDA:198,34,1,0
BRDA:202,35,0,0
BRDA:202,35,1,0
BRDA:227,36,0,0
BRDA:227,36,1,0
BRDA:228,37,0,0
BRDA:228,37,1,0
BRDA:237,38,0,0
BRDA:237,38,1,0
BRDA:237,39,0,0
BRDA:237,39,1,0
BRDA:239,40,0,0
BRDA:239,40,1,0
BRDA:241,41,0,0
BRDA:241,41,1,0
BRDA:245,42,0,0
BRDA:245,42,1,0
BRDA:249,43,0,0
BRDA:249,43,1,0
BRDA:253,44,0,0
BRDA:253,44,1,0
BRDA:265,45,0,0
BRDA:272,46,0,0
BRDA:272,46,1,0
BRF:94
BRH:0
end_of_record
TN:
SF:src\utils\walletModalFix.js
FN:4,applyStyles
FN:23,(anonymous_1)
FN:48,(anonymous_2)
FN:62,(anonymous_3)
FN:72,patchOne
FN:76,(anonymous_5)
FN:79,hasAnyModalInDom
FN:85,scanAndPatch
FN:102,(anonymous_8)
FN:106,installWalletModalFix
FN:116,(anonymous_10)
FN:118,(anonymous_11)
FN:122,(anonymous_12)
FN:131,(anonymous_13)
FNF:14
FNH:0
FNDA:0,applyStyles
FNDA:0,(anonymous_1)
FNDA:0,(anonymous_2)
FNDA:0,(anonymous_3)
FNDA:0,patchOne
FNDA:0,(anonymous_5)
FNDA:0,hasAnyModalInDom
FNDA:0,scanAndPatch
FNDA:0,(anonymous_8)
FNDA:0,installWalletModalFix
FNDA:0,(anonymous_10)
FNDA:0,(anonymous_11)
FNDA:0,(anonymous_12)
FNDA:0,(anonymous_13)
DA:2,0
DA:5,0
DA:7,0
DA:22,0
DA:23,0
DA:24,0
DA:25,0
DA:26,0
DA:31,0
DA:32,0
DA:33,0
DA:36,0
DA:48,0
DA:49,0
DA:54,0
DA:55,0
DA:56,0
DA:59,0
DA:62,0
DA:63,0
DA:64,0
DA:65,0
DA:73,0
DA:74,0
DA:75,0
DA:76,0
DA:80,0
DA:87,0
DA:88,0
DA:92,0
DA:94,0
DA:102,0
DA:103,0
DA:107,0
DA:108,0
DA:109,0
DA:111,0
DA:112,0
DA:115,0
DA:116,0
DA:117,0
DA:118,0
DA:120,0
DA:122,0
DA:123,0
DA:127,0
DA:128,0
DA:131,0
DA:132,0
DA:133,0
DA:134,0
LF:51
LH:0
BRDA:74,0,0,0
BRDA:74,0,1,0
BRDA:75,1,0,0
BRDA:75,1,1,0
BRDA:92,2,0,0
BRDA:92,2,1,0
BRDA:106,3,0,0
BRDA:106,4,0,0
BRDA:106,5,0,0
BRDA:107,6,0,0
BRDA:107,6,1,0
BRDA:108,7,0,0
BRDA:108,7,1,0
BRDA:117,8,0,0
BRDA:117,8,1,0
BRDA:123,9,0,0
BRDA:123,9,1,0
BRDA:124,10,0,0
BRDA:124,10,1,0
BRDA:133,11,0,0
BRDA:133,11,1,0
BRF:21
BRH:0
end_of_record
TN:
SF:src\utils\abi\BiggiCommunityCenter.js
FNF:0
FNH:0
DA:1,0
LF:1
LH:0
BRF:0
BRH:0
end_of_record
TN:
SF:src\utils\abi\uniswapFactory.js
FNF:0
FNH:0
DA:2,0
LF:1
LH:0
BRF:0
BRH:0
end_of_record
TN:
SF:src\utils\abi\uniswapPair.js
FNF:0
FNH:0
DA:1,0
LF:1
LH:0
BRF:0
BRH:0
end_of_record
TN:
SF:src\utils\abi\uniswapRouter.js
FNF:0
FNH:0
DA:1,0
LF:1
LH:0
BRF:0
BRH:0
end_of_record
TN:
SF:src\utils\abi\upkeepProxy.js
FNF:0
FNH:0
DA:1,0
LF:1
LH:0
BRF:0
BRH:0
end_of_record
TN:
SF:src\utils\abi\vrfRouter.js
FNF:0
FNH:0
DA:2,0
LF:1
LH:0
BRF:0
BRH:0
end_of_record
TN:
SF:src\vendor\react-dom-client-wrapper.js
FNF:0
FNH:0
DA:3,0
DA:6,0
LF:2
LH:0
BRDA:3,0,0,0
BRDA:3,0,1,0
BRF:2
BRH:0
end_of_record
TN:
SF:src\vendor\react-jsx-runtime-wrapper.js
FNF:0
FNH:0
DA:3,0
DA:6,0
LF:2
LH:0
BRDA:3,0,0,0
BRDA:3,0,1,0
BRF:2
BRH:0
end_of_record
TN:
SF:src\vendor\react-wrapper.js
FNF:0
FNH:0
DA:3,0
DA:38,0
LF:2
LH:0
BRDA:3,0,0,0
BRDA:3,0,1,0
BRF:2
BRH:0
end_of_record
TN:
SF:src\wallet\wc.js
FN:18,connectWithWalletConnect
FN:80,(anonymous_1)
FN:85,(anonymous_2)
FN:88,(anonymous_3)
FN:96,(anonymous_4)
FN:118,ensureAmoy
FN:152,resolveChainId
FN:182,getLogsBatched
FNF:8
FNH:0
FNDA:0,connectWithWalletConnect
FNDA:0,(anonymous_1)
FNDA:0,(anonymous_2)
FNDA:0,(anonymous_3)
FNDA:0,(anonymous_4)
FNDA:0,ensureAmoy
FNDA:0,resolveChainId
FNDA:0,getLogsBatched
DA:6,0
DA:10,0
DA:12,0
DA:19,0
DA:21,0
DA:67,0
DA:69,0
DA:70,0
DA:72,0
DA:74,0
DA:75,0
DA:76,0
DA:80,0
DA:81,0
DA:83,0
DA:84,0
DA:85,0
DA:88,0
DA:92,0
DA:93,0
DA:94,0
DA:96,0
DA:97,0
DA:98,0
DA:99,0
DA:100,0
DA:106,0
DA:119,0
DA:120,0
DA:121,0
DA:126,0
DA:145,0
DA:153,0
DA:154,0
DA:155,0
DA:156,0
DA:159,0
DA:161,0
DA:162,0
DA:163,0
DA:164,0
DA:167,0
DA:172,0
DA:189,0
DA:190,0
DA:191,0
DA:193,0
DA:198,0
DA:200,0
LF:49
LH:0
BRDA:10,0,0,0
BRDA:10,0,1,0
BRDA:10,0,2,0
BRDA:19,1,0,0
BRDA:19,1,1,0
BRDA:59,2,0,0
BRDA:59,2,1,0
BRDA:75,3,0,0
BRDA:75,3,1,0
BRDA:75,4,0,0
BRDA:75,4,1,0
BRDA:81,5,0,0
BRDA:81,5,1,0
BRDA:94,6,0,0
BRDA:94,6,1,0
BRDA:119,7,0,0
BRDA:119,7,1,0
BRDA:131,8,0,0
BRDA:131,8,1,0
BRDA:132,9,0,0
BRDA:132,9,1,0
BRDA:138,10,0,0
BRDA:138,10,1,0
BRDA:138,11,0,0
BRDA:138,11,1,0
BRDA:154,12,0,0
BRDA:154,12,1,0
BRDA:154,13,0,0
BRDA:154,13,1,0
BRDA:155,14,0,0
BRDA:155,14,1,0
BRDA:156,15,0,0
BRDA:156,15,1,0
BRDA:159,16,0,0
BRDA:159,16,1,0
BRDA:163,17,0,0
BRDA:163,17,1,0
BRDA:164,18,0,0
BRDA:164,18,1,0
BRDA:167,19,0,0
BRDA:167,19,1,0
BRDA:187,20,0,0
BRDA:198,21,0,0
BRDA:198,21,1,0
BRF:44
BRH:0
end_of_record
TN:
SF:src\web3\provider.js
FN:12,getProvider
FN:31,getChainId
FNF:2
FNH:0
FNDA:0,getProvider
FNDA:0,getChainId
DA:10,0
DA:16,0
DA:17,0
DA:18,0
DA:19,0
DA:21,0
DA:25,0
DA:28,0
DA:32,0
DA:33,0
DA:34,0
DA:36,0
DA:37,0
LF:13
LH:0
BRDA:12,0,0,0
BRDA:13,1,0,0
BRDA:14,2,0,0
BRDA:16,3,0,0
BRDA:16,3,1,0
BRDA:17,4,0,0
BRDA:17,4,1,0
BRDA:17,5,0,0
BRDA:17,5,1,0
BRDA:23,6,0,0
BRDA:23,6,1,0
BRF:11
BRH:0
end_of_record
TN:
SF:src\web3\rpcProviders.js
FN:7,makeStaticProvider
FN:12,createJsonRpcProvider
FN:25,createFallbackProvider
FN:34,(anonymous_3)
FN:54,getSharedFallbackProvider
FN:61,resetSharedFallbackProvider
FN:65,getRpcUrls
FNF:7
FNH:0
FNDA:0,makeStaticProvider
FNDA:0,createJsonRpcProvider
FNDA:0,createFallbackProvider
FNDA:0,(anonymous_3)
FNDA:0,getSharedFallbackProvider
FNDA:0,resetSharedFallbackProvider
FNDA:0,getRpcUrls
DA:5,0
DA:8,0
DA:14,0
DA:15,0
DA:16,0
DA:17,0
DA:20,0
DA:22,0
DA:27,0
DA:28,0
DA:29,0
DA:32,0
DA:34,0
DA:41,0
DA:42,0
DA:44,0
DA:48,0
DA:52,0
DA:55,0
DA:56,0
DA:58,0
DA:62,0
DA:66,0
LF:23
LH:0
BRDA:7,0,0,0
BRDA:12,1,0,0
BRDA:14,2,0,0
BRDA:14,2,1,0
BRDA:16,3,0,0
BRDA:16,3,1,0
BRDA:25,4,0,0
BRDA:27,5,0,0
BRDA:27,5,1,0
BRDA:27,6,0,0
BRDA:27,6,1,0
BRDA:28,7,0,0
BRDA:28,7,1,0
BRDA:32,8,0,0
BRDA:32,8,1,0
BRDA:46,9,0,0
BRDA:46,9,1,0
BRDA:54,10,0,0
BRDA:54,11,0,0
BRDA:55,12,0,0
BRDA:55,12,1,0
BRDA:55,13,0,0
BRDA:55,13,1,0
BRF:23
BRH:0
end_of_record
TN:
SF:src\web3\contracts\buybackTreasury.contracts.js
FN:8,getBuybackTreasuryContracts
FNF:1
FNH:0
FNDA:0,getBuybackTreasuryContracts
DA:9,0
DA:18,0
DA:20,0
DA:25,0
DA:30,0
DA:32,0
LF:6
LH:0
BRDA:9,0,0,0
BRDA:9,0,1,0
BRF:2
BRH:0
end_of_record
TN:
SF:src\web3\contracts\drip.contracts.js
FN:8,getDripContracts
FNF:1
FNH:0
FNDA:0,getDripContracts
DA:9,0
DA:11,0
DA:13,0
DA:18,0
DA:19,0
DA:21,0
LF:6
LH:0
BRDA:9,0,0,0
BRDA:9,0,1,0
BRF:2
BRH:0
end_of_record
TN:
SF:src\web3\contracts\liquidity.contracts.js
FN:8,getLiquidityContracts
FNF:1
FNH:0
FNDA:0,getLiquidityContracts
DA:9,0
DA:11,0
DA:13,0
DA:18,0
DA:23,0
DA:29,0
LF:6
LH:0
BRDA:9,0,0,0
BRDA:9,0,1,0
BRF:2
BRH:0
end_of_record
TN:
SF:src\web3\contracts\tokenDex.contracts.js
FN:10,getTokenDexContracts
FNF:1
FNH:0
FNDA:0,getTokenDexContracts
DA:11,0
DA:22,0
DA:24,0
DA:25,0
DA:31,0
DA:34,0
DA:37,0
DA:41,0
LF:8
LH:0
BRDA:11,0,0,0
BRDA:11,0,1,0
BRDA:31,1,0,0
BRDA:31,1,1,0
BRDA:34,2,0,0
BRDA:34,2,1,0
BRDA:37,3,0,0
BRDA:37,3,1,0
BRF:8
BRH:0
end_of_record
